000 (366712.000.000) 02/18 00:53:20 Job submitted from host: <172.20.3.198:9618?addrs=172.20.3.198-9618&noUDP&sock=160905_0664_3>
...
001 (366712.000.000) 02/18 00:53:40 Job executing on host: <172.20.201.26:9618?addrs=172.20.201.26-9618+[--1]-9618&noUDP&sock=3039_1467_3>
...
006 (366712.000.000) 02/18 00:53:48 Image size of job updated: 299632
	293  -  MemoryUsage of job (MB)
	299580  -  ResidentSetSize of job (KB)
...
006 (366712.000.000) 02/18 00:55:46 Image size of job updated: 569708
	293  -  MemoryUsage of job (MB)
	299676  -  ResidentSetSize of job (KB)
...
005 (366712.000.000) 02/18 00:55:47 Job terminated.
	(1) Normal termination (return value 0)
		Usr 0 00:01:48, Sys 0 00:00:03  -  Run Remote Usage
		Usr 0 00:00:00, Sys 0 00:00:00  -  Run Local Usage
		Usr 0 00:01:48, Sys 0 00:00:03  -  Total Remote Usage
		Usr 0 00:00:00, Sys 0 00:00:00  -  Total Local Usage
	17227  -  Run Bytes Sent By Job
	17761  -  Run Bytes Received By Job
	17227  -  Total Bytes Sent By Job
	17761  -  Total Bytes Received By Job
	Partitionable Resources :    Usage  Request  Allocated
	   Cpus                 :                 1          1
	   Disk (KB)            :       44       20 1352679232
	   Memory (MB)          :      293     3072       4025
...
