000 (366714.000.000) 02/18 00:53:21 Job submitted from host: <172.20.3.198:9618?addrs=172.20.3.198-9618&noUDP&sock=160905_0664_3>
...
001 (366714.000.000) 02/18 00:53:40 Job executing on host: <172.20.201.26:9618?addrs=172.20.201.26-9618+[--1]-9618&noUDP&sock=3039_1467_3>
...
006 (366714.000.000) 02/18 00:53:48 Image size of job updated: 649060
	634  -  MemoryUsage of job (MB)
	648200  -  ResidentSetSize of job (KB)
...
006 (366714.000.000) 02/18 00:55:00 Image size of job updated: 772600
	634  -  MemoryUsage of job (MB)
	648200  -  ResidentSetSize of job (KB)
...
005 (366714.000.000) 02/18 00:55:01 Job terminated.
	(1) Normal termination (return value 0)
		Usr 0 00:01:07, Sys 0 00:00:02  -  Run Remote Usage
		Usr 0 00:00:00, Sys 0 00:00:00  -  Run Local Usage
		Usr 0 00:01:07, Sys 0 00:00:02  -  Total Remote Usage
		Usr 0 00:00:00, Sys 0 00:00:00  -  Total Local Usage
	9738  -  Run Bytes Sent By Job
	17761  -  Run Bytes Received By Job
	9738  -  Total Bytes Sent By Job
	17761  -  Total Bytes Received By Job
	Partitionable Resources :    Usage  Request  Allocated
	   Cpus                 :                 1          1
	   Disk (KB)            :       36       20 1352679232
	   Memory (MB)          :      634     3072       4025
...
