000 (366710.000.000) 02/18 00:53:19 Job submitted from host: <172.20.3.198:9618?addrs=172.20.3.198-9618&noUDP&sock=160905_0664_3>
...
001 (366710.000.000) 02/18 00:53:40 Job executing on host: <172.20.201.26:9618?addrs=172.20.201.26-9618+[--1]-9618&noUDP&sock=3039_1467_3>
...
006 (366710.000.000) 02/18 00:53:48 Image size of job updated: 330760
	323  -  MemoryUsage of job (MB)
	330676  -  ResidentSetSize of job (KB)
...
006 (366710.000.000) 02/18 00:54:28 Image size of job updated: 330760
	324  -  MemoryUsage of job (MB)
	331352  -  ResidentSetSize of job (KB)
...
005 (366710.000.000) 02/18 00:54:29 Job terminated.
	(1) Normal termination (return value 0)
		Usr 0 00:00:38, Sys 0 00:00:01  -  Run Remote Usage
		Usr 0 00:00:00, Sys 0 00:00:00  -  Run Local Usage
		Usr 0 00:00:38, Sys 0 00:00:01  -  Total Remote Usage
		Usr 0 00:00:00, Sys 0 00:00:00  -  Total Local Usage
	7161  -  Run Bytes Sent By Job
	17761  -  Run Bytes Received By Job
	7161  -  Total Bytes Sent By Job
	17761  -  Total Bytes Received By Job
	Partitionable Resources :    Usage  Request  Allocated
	   Cpus                 :                 1          1
	   Disk (KB)            :       34       20 1352679232
	   Memory (MB)          :      324     3072       4025
...
