000 (366713.000.000) 02/18 00:53:21 Job submitted from host: <172.20.3.198:9618?addrs=172.20.3.198-9618&noUDP&sock=160905_0664_3>
...
001 (366713.000.000) 02/18 00:53:40 Job executing on host: <172.20.201.26:9618?addrs=172.20.201.26-9618+[--1]-9618&noUDP&sock=3039_1467_3>
...
006 (366713.000.000) 02/18 00:53:48 Image size of job updated: 635072
	620  -  MemoryUsage of job (MB)
	634868  -  ResidentSetSize of job (KB)
...
006 (366713.000.000) 02/18 00:56:22 Image size of job updated: 635072
	622  -  MemoryUsage of job (MB)
	636916  -  ResidentSetSize of job (KB)
...
005 (366713.000.000) 02/18 00:56:23 Job terminated.
	(1) Normal termination (return value 0)
		Usr 0 00:02:23, Sys 0 00:00:05  -  Run Remote Usage
		Usr 0 00:00:00, Sys 0 00:00:00  -  Run Local Usage
		Usr 0 00:02:23, Sys 0 00:00:05  -  Total Remote Usage
		Usr 0 00:00:00, Sys 0 00:00:00  -  Total Local Usage
	20890  -  Run Bytes Sent By Job
	17761  -  Run Bytes Received By Job
	20890  -  Total Bytes Sent By Job
	17761  -  Total Bytes Received By Job
	Partitionable Resources :    Usage  Request  Allocated
	   Cpus                 :                 1          1
	   Disk (KB)            :       47       20 1352679232
	   Memory (MB)          :      622     3072       4025
...
