000 (366728.000.000) 02/18 00:53:30 Job submitted from host: <172.20.3.198:9618?addrs=172.20.3.198-9618&noUDP&sock=160905_0664_3>
...
001 (366728.000.000) 02/18 00:53:43 Job executing on host: <172.20.201.39:9618?addrs=172.20.201.39-9618+[--1]-9618&noUDP&sock=3110_c7a0_3>
...
006 (366728.000.000) 02/18 00:53:52 Image size of job updated: 5728
	5  -  MemoryUsage of job (MB)
	5028  -  ResidentSetSize of job (KB)
...
006 (366728.000.000) 02/18 00:58:53 Image size of job updated: 611232
	597  -  MemoryUsage of job (MB)
	611124  -  ResidentSetSize of job (KB)
...
005 (366728.000.000) 02/18 00:59:29 Job terminated.
	(1) Normal termination (return value 0)
		Usr 0 00:05:03, Sys 0 00:00:08  -  Run Remote Usage
		Usr 0 00:00:00, Sys 0 00:00:00  -  Run Local Usage
		Usr 0 00:05:03, Sys 0 00:00:08  -  Total Remote Usage
		Usr 0 00:00:00, Sys 0 00:00:00  -  Total Local Usage
	58394  -  Run Bytes Sent By Job
	17761  -  Run Bytes Received By Job
	58394  -  Total Bytes Sent By Job
	17761  -  Total Bytes Received By Job
	Partitionable Resources :    Usage  Request  Allocated
	   Cpus                 :                 1          1
	   Disk (KB)            :       84       20 1352634592
	   Memory (MB)          :      597     3072       4025
...
