000 (366725.000.000) 02/18 00:53:28 Job submitted from host: <172.20.3.198:9618?addrs=172.20.3.198-9618&noUDP&sock=160905_0664_3>
...
001 (366725.000.000) 02/18 00:53:43 Job executing on host: <172.20.201.39:9618?addrs=172.20.201.39-9618+[--1]-9618&noUDP&sock=3110_c7a0_3>
...
006 (366725.000.000) 02/18 00:53:52 Image size of job updated: 5392
	5  -  MemoryUsage of job (MB)
	5040  -  ResidentSetSize of job (KB)
...
005 (366725.000.000) 02/18 00:56:21 Job terminated.
	(1) Normal termination (return value 0)
		Usr 0 00:02:00, Sys 0 00:00:05  -  Run Remote Usage
		Usr 0 00:00:00, Sys 0 00:00:00  -  Run Local Usage
		Usr 0 00:02:00, Sys 0 00:00:05  -  Total Remote Usage
		Usr 0 00:00:00, Sys 0 00:00:00  -  Total Local Usage
	19708  -  Run Bytes Sent By Job
	17761  -  Run Bytes Received By Job
	19708  -  Total Bytes Sent By Job
	17761  -  Total Bytes Received By Job
	Partitionable Resources :    Usage  Request  Allocated
	   Cpus                 :                 1          1
	   Disk (KB)            :       46       20 1352634592
	   Memory (MB)          :        5     3072       4025
...
