000 (366724.000.000) 02/18 00:53:27 Job submitted from host: <172.20.3.198:9618?addrs=172.20.3.198-9618&noUDP&sock=160905_0664_3>
...
001 (366724.000.000) 02/18 00:53:43 Job executing on host: <172.20.201.39:9618?addrs=172.20.201.39-9618+[--1]-9618&noUDP&sock=3110_c7a0_3>
...
006 (366724.000.000) 02/18 00:53:51 Image size of job updated: 9104
	9  -  MemoryUsage of job (MB)
	9104  -  ResidentSetSize of job (KB)
...
005 (366724.000.000) 02/18 00:55:23 Job terminated.
	(1) Normal termination (return value 0)
		Usr 0 00:01:07, Sys 0 00:00:03  -  Run Remote Usage
		Usr 0 00:00:00, Sys 0 00:00:00  -  Run Local Usage
		Usr 0 00:01:07, Sys 0 00:00:03  -  Total Remote Usage
		Usr 0 00:00:00, Sys 0 00:00:00  -  Total Local Usage
	11205  -  Run Bytes Sent By Job
	17761  -  Run Bytes Received By Job
	11205  -  Total Bytes Sent By Job
	17761  -  Total Bytes Received By Job
	Partitionable Resources :    Usage  Request  Allocated
	   Cpus                 :                 1          1
	   Disk (KB)            :       38       20 1352634592
	   Memory (MB)          :        9     3072       4025
...
