000 (366730.000.000) 02/18 00:53:31 Job submitted from host: <172.20.3.198:9618?addrs=172.20.3.198-9618&noUDP&sock=160905_0664_3>
...
001 (366730.000.000) 02/18 00:53:43 Job executing on host: <172.20.201.39:9618?addrs=172.20.201.39-9618+[--1]-9618&noUDP&sock=3110_c7a0_3>
...
006 (366730.000.000) 02/18 00:53:52 Image size of job updated: 5704
	5  -  MemoryUsage of job (MB)
	5036  -  ResidentSetSize of job (KB)
...
006 (366730.000.000) 02/18 00:54:21 Image size of job updated: 1438388
	5  -  MemoryUsage of job (MB)
	5036  -  ResidentSetSize of job (KB)
...
005 (366730.000.000) 02/18 00:54:22 Job terminated.
	(1) Normal termination (return value 0)
		Usr 0 00:00:13, Sys 0 00:00:01  -  Run Remote Usage
		Usr 0 00:00:00, Sys 0 00:00:00  -  Run Local Usage
		Usr 0 00:00:13, Sys 0 00:00:01  -  Total Remote Usage
		Usr 0 00:00:00, Sys 0 00:00:00  -  Total Local Usage
	2392  -  Run Bytes Sent By Job
	17761  -  Run Bytes Received By Job
	2392  -  Total Bytes Sent By Job
	17761  -  Total Bytes Received By Job
	Partitionable Resources :    Usage  Request  Allocated
	   Cpus                 :                 1          1
	   Disk (KB)            :       29       20 1352634592
	   Memory (MB)          :        5     3072       4025
...
