000 (366837.000.000) 02/18 00:54:38 Job submitted from host: <172.20.3.198:9618?addrs=172.20.3.198-9618&noUDP&sock=160905_0664_3>
...
001 (366837.000.000) 02/18 00:54:42 Job executing on host: <172.20.201.43:9618?addrs=172.20.201.43-9618+[--1]-9618&noUDP&sock=3035_5606_3>
...
006 (366837.000.000) 02/18 00:54:51 Image size of job updated: 2424
	3  -  MemoryUsage of job (MB)
	2280  -  ResidentSetSize of job (KB)
...
006 (366837.000.000) 02/18 00:59:51 Image size of job updated: 455908
	428  -  MemoryUsage of job (MB)
	437704  -  ResidentSetSize of job (KB)
...
005 (366837.000.000) 02/18 01:01:19 Job terminated.
	(1) Normal termination (return value 0)
		Usr 0 00:05:36, Sys 0 00:00:11  -  Run Remote Usage
		Usr 0 00:00:00, Sys 0 00:00:00  -  Run Local Usage
		Usr 0 00:05:36, Sys 0 00:00:11  -  Total Remote Usage
		Usr 0 00:00:00, Sys 0 00:00:00  -  Total Local Usage
	43898  -  Run Bytes Sent By Job
	17761  -  Run Bytes Received By Job
	43898  -  Total Bytes Sent By Job
	17761  -  Total Bytes Received By Job
	Partitionable Resources :    Usage  Request  Allocated
	   Cpus                 :                 1          1
	   Disk (KB)            :       70       20 1352678112
	   Memory (MB)          :      428     3072       4025
...
