000 (366838.000.000) 02/18 00:54:38 Job submitted from host: <172.20.3.198:9618?addrs=172.20.3.198-9618&noUDP&sock=160905_0664_3>
...
001 (366838.000.000) 02/18 00:54:46 Job executing on host: <172.20.201.46:9618?addrs=172.20.201.46-9618+[--1]-9618&noUDP&sock=14910_992b_8>
...
006 (366838.000.000) 02/18 00:54:54 Image size of job updated: 288608
	207  -  MemoryUsage of job (MB)
	211252  -  ResidentSetSize of job (KB)
...
006 (366838.000.000) 02/18 00:59:54 Image size of job updated: 482300
	459  -  MemoryUsage of job (MB)
	469404  -  ResidentSetSize of job (KB)
...
005 (366838.000.000) 02/18 01:00:07 Job terminated.
	(1) Normal termination (return value 0)
		Usr 0 00:04:42, Sys 0 00:00:10  -  Run Remote Usage
		Usr 0 00:00:00, Sys 0 00:00:00  -  Run Local Usage
		Usr 0 00:04:42, Sys 0 00:00:10  -  Total Remote Usage
		Usr 0 00:00:00, Sys 0 00:00:00  -  Total Local Usage
	38993  -  Run Bytes Sent By Job
	17761  -  Run Bytes Received By Job
	38993  -  Total Bytes Sent By Job
	17761  -  Total Bytes Received By Job
	Partitionable Resources :    Usage  Request  Allocated
	   Cpus                 :                 1          1
	   Disk (KB)            :       65       20 1748605984
	   Memory (MB)          :      459     3072       4025
...
