000 (366810.000.000) 02/18 00:54:21 Job submitted from host: <172.20.3.198:9618?addrs=172.20.3.198-9618&noUDP&sock=160905_0664_3>
...
001 (366810.000.000) 02/18 00:54:23 Job executing on host: <172.20.201.39:9618?addrs=172.20.201.39-9618+[--1]-9618&noUDP&sock=3110_c7a0_3>
...
006 (366810.000.000) 02/18 00:54:31 Image size of job updated: 337116
	329  -  MemoryUsage of job (MB)
	336744  -  ResidentSetSize of job (KB)
...
006 (366810.000.000) 02/18 00:54:35 Image size of job updated: 853100
	329  -  MemoryUsage of job (MB)
	336744  -  ResidentSetSize of job (KB)
...
005 (366810.000.000) 02/18 00:54:36 Job terminated.
	(1) Normal termination (return value 0)
		Usr 0 00:00:07, Sys 0 00:00:00  -  Run Remote Usage
		Usr 0 00:00:00, Sys 0 00:00:00  -  Run Local Usage
		Usr 0 00:00:07, Sys 0 00:00:00  -  Total Remote Usage
		Usr 0 00:00:00, Sys 0 00:00:00  -  Total Local Usage
	1979  -  Run Bytes Sent By Job
	17761  -  Run Bytes Received By Job
	1979  -  Total Bytes Sent By Job
	17761  -  Total Bytes Received By Job
	Partitionable Resources :    Usage  Request  Allocated
	   Cpus                 :                 1          1
	   Disk (KB)            :       29       20 1352634592
	   Memory (MB)          :      329     3072       4025
...
