000 (366737.000.000) 02/18 00:53:35 Job submitted from host: <172.20.3.198:9618?addrs=172.20.3.198-9618&noUDP&sock=160905_0664_3>
...
001 (366737.000.000) 02/18 00:53:43 Job executing on host: <172.20.201.40:9618?addrs=172.20.201.40-9618+[--1]-9618&noUDP&sock=3100_ebae_3>
...
006 (366737.000.000) 02/18 00:53:51 Image size of job updated: 380
	1  -  MemoryUsage of job (MB)
	380  -  ResidentSetSize of job (KB)
...
006 (366737.000.000) 02/18 00:58:51 Image size of job updated: 449924
	440  -  MemoryUsage of job (MB)
	449880  -  ResidentSetSize of job (KB)
...
006 (366737.000.000) 02/18 01:03:52 Image size of job updated: 487812
	477  -  MemoryUsage of job (MB)
	487768  -  ResidentSetSize of job (KB)
...
005 (366737.000.000) 02/18 01:06:13 Job terminated.
	(1) Normal termination (return value 0)
		Usr 0 00:11:00, Sys 0 00:00:23  -  Run Remote Usage
		Usr 0 00:00:00, Sys 0 00:00:00  -  Run Local Usage
		Usr 0 00:11:00, Sys 0 00:00:23  -  Total Remote Usage
		Usr 0 00:00:00, Sys 0 00:00:00  -  Total Local Usage
	101079  -  Run Bytes Sent By Job
	17761  -  Run Bytes Received By Job
	101079  -  Total Bytes Sent By Job
	17761  -  Total Bytes Received By Job
	Partitionable Resources :    Usage  Request  Allocated
	   Cpus                 :                 1          1
	   Disk (KB)            :      125       20 1352634720
	   Memory (MB)          :      477     3072       4025
...
