000 (366780.000.000) 02/18 00:54:02 Job submitted from host: <172.20.3.198:9618?addrs=172.20.3.198-9618&noUDP&sock=160905_0664_3>
...
001 (366780.000.000) 02/18 00:54:10 Job executing on host: <172.20.201.40:9618?addrs=172.20.201.40-9618+[--1]-9618&noUDP&sock=3100_ebae_3>
...
006 (366780.000.000) 02/18 00:54:20 Image size of job updated: 248828
	243  -  MemoryUsage of job (MB)
	248796  -  ResidentSetSize of job (KB)
...
006 (366780.000.000) 02/18 00:56:08 Image size of job updated: 248828
	244  -  MemoryUsage of job (MB)
	248936  -  ResidentSetSize of job (KB)
...
005 (366780.000.000) 02/18 00:56:09 Job terminated.
	(1) Normal termination (return value 0)
		Usr 0 00:01:40, Sys 0 00:00:04  -  Run Remote Usage
		Usr 0 00:00:00, Sys 0 00:00:00  -  Run Local Usage
		Usr 0 00:01:40, Sys 0 00:00:04  -  Total Remote Usage
		Usr 0 00:00:00, Sys 0 00:00:00  -  Total Local Usage
	14491  -  Run Bytes Sent By Job
	17761  -  Run Bytes Received By Job
	14491  -  Total Bytes Sent By Job
	17761  -  Total Bytes Received By Job
	Partitionable Resources :    Usage  Request  Allocated
	   Cpus                 :                 1          1
	   Disk (KB)            :       41       20 1352634720
	   Memory (MB)          :      244     3072       4025
...
