000 (366807.000.000) 02/18 00:54:19 Job submitted from host: <172.20.3.198:9618?addrs=172.20.3.198-9618&noUDP&sock=160905_0664_3>
...
001 (366807.000.000) 02/18 00:54:21 Job executing on host: <172.20.201.40:9618?addrs=172.20.201.40-9618+[--1]-9618&noUDP&sock=3100_ebae_3>
...
006 (366807.000.000) 02/18 00:54:29 Image size of job updated: 377280
	369  -  MemoryUsage of job (MB)
	376972  -  ResidentSetSize of job (KB)
...
005 (366807.000.000) 02/18 00:56:26 Job terminated.
	(1) Normal termination (return value 0)
		Usr 0 00:01:46, Sys 0 00:00:04  -  Run Remote Usage
		Usr 0 00:00:00, Sys 0 00:00:00  -  Run Local Usage
		Usr 0 00:01:46, Sys 0 00:00:04  -  Total Remote Usage
		Usr 0 00:00:00, Sys 0 00:00:00  -  Total Local Usage
	15064  -  Run Bytes Sent By Job
	17761  -  Run Bytes Received By Job
	15064  -  Total Bytes Sent By Job
	17761  -  Total Bytes Received By Job
	Partitionable Resources :    Usage  Request  Allocated
	   Cpus                 :                 1          1
	   Disk (KB)            :       42       20 1352634720
	   Memory (MB)          :      369     3072       4025
...
