000 (366805.000.000) 02/18 00:54:18 Job submitted from host: <172.20.3.198:9618?addrs=172.20.3.198-9618&noUDP&sock=160905_0664_3>
...
001 (366805.000.000) 02/18 00:54:20 Job executing on host: <172.20.201.23:9618?addrs=172.20.201.23-9618+[--1]-9618&noUDP&sock=3105_59a7_3>
...
006 (366805.000.000) 02/18 00:54:29 Image size of job updated: 31616
	30  -  MemoryUsage of job (MB)
	29772  -  ResidentSetSize of job (KB)
...
006 (366805.000.000) 02/18 00:59:30 Image size of job updated: 604720
	589  -  MemoryUsage of job (MB)
	602412  -  ResidentSetSize of job (KB)
...
006 (366805.000.000) 02/18 01:04:30 Image size of job updated: 610904
	595  -  MemoryUsage of job (MB)
	608596  -  ResidentSetSize of job (KB)
...
005 (366805.000.000) 02/18 01:09:21 Job terminated.
	(1) Normal termination (return value 0)
		Usr 0 00:13:01, Sys 0 00:00:23  -  Run Remote Usage
		Usr 0 00:00:00, Sys 0 00:00:00  -  Run Local Usage
		Usr 0 00:13:01, Sys 0 00:00:23  -  Total Remote Usage
		Usr 0 00:00:00, Sys 0 00:00:00  -  Total Local Usage
	108100  -  Run Bytes Sent By Job
	17761  -  Run Bytes Received By Job
	108100  -  Total Bytes Sent By Job
	17761  -  Total Bytes Received By Job
	Partitionable Resources :    Usage  Request  Allocated
	   Cpus                 :                 1          1
	   Disk (KB)            :      132       20 1352679680
	   Memory (MB)          :      595     3072       4025
...
