000 (366777.000.000) 02/18 00:54:00 Job submitted from host: <172.20.3.198:9618?addrs=172.20.3.198-9618&noUDP&sock=160905_0664_3>
...
001 (366777.000.000) 02/18 00:54:05 Job executing on host: <172.20.201.26:9618?addrs=172.20.201.26-9618+[--1]-9618&noUDP&sock=3039_1467_3>
...
006 (366777.000.000) 02/18 00:54:13 Image size of job updated: 242488
	204  -  MemoryUsage of job (MB)
	208868  -  ResidentSetSize of job (KB)
...
005 (366777.000.000) 02/18 00:55:21 Job terminated.
	(1) Normal termination (return value 0)
		Usr 0 00:00:59, Sys 0 00:00:03  -  Run Remote Usage
		Usr 0 00:00:00, Sys 0 00:00:00  -  Run Local Usage
		Usr 0 00:00:59, Sys 0 00:00:03  -  Total Remote Usage
		Usr 0 00:00:00, Sys 0 00:00:00  -  Total Local Usage
	7851  -  Run Bytes Sent By Job
	17761  -  Run Bytes Received By Job
	7851  -  Total Bytes Sent By Job
	17761  -  Total Bytes Received By Job
	Partitionable Resources :    Usage  Request  Allocated
	   Cpus                 :                 1          1
	   Disk (KB)            :       35       20 1352679232
	   Memory (MB)          :      204     3072       4025
...
