000 (366774.000.000) 02/18 00:53:59 Job submitted from host: <172.20.3.198:9618?addrs=172.20.3.198-9618&noUDP&sock=160905_0664_3>
...
001 (366774.000.000) 02/18 00:54:03 Job executing on host: <172.20.201.26:9618?addrs=172.20.201.26-9618+[--1]-9618&noUDP&sock=3039_1467_3>
...
006 (366774.000.000) 02/18 00:54:11 Image size of job updated: 238012
	233  -  MemoryUsage of job (MB)
	238012  -  ResidentSetSize of job (KB)
...
006 (366774.000.000) 02/18 00:59:11 Image size of job updated: 480424
	470  -  MemoryUsage of job (MB)
	480308  -  ResidentSetSize of job (KB)
...
006 (366774.000.000) 02/18 01:04:13 Image size of job updated: 499700
	488  -  MemoryUsage of job (MB)
	499584  -  ResidentSetSize of job (KB)
...
005 (366774.000.000) 02/18 01:05:19 Job terminated.
	(1) Normal termination (return value 0)
		Usr 0 00:10:09, Sys 0 00:00:19  -  Run Remote Usage
		Usr 0 00:00:00, Sys 0 00:00:00  -  Run Local Usage
		Usr 0 00:10:09, Sys 0 00:00:19  -  Total Remote Usage
		Usr 0 00:00:00, Sys 0 00:00:00  -  Total Local Usage
	88111  -  Run Bytes Sent By Job
	17761  -  Run Bytes Received By Job
	88111  -  Total Bytes Sent By Job
	17761  -  Total Bytes Received By Job
	Partitionable Resources :    Usage  Request  Allocated
	   Cpus                 :                 1          1
	   Disk (KB)            :      113       20 1352679232
	   Memory (MB)          :      488     3072       4025
...
