000 (366755.000.000) 02/18 00:53:47 Job submitted from host: <172.20.3.198:9618?addrs=172.20.3.198-9618&noUDP&sock=160905_0664_3>
...
001 (366755.000.000) 02/18 00:54:00 Job executing on host: <172.20.201.40:9618?addrs=172.20.201.40-9618+[--1]-9618&noUDP&sock=3100_ebae_3>
...
006 (366755.000.000) 02/18 00:54:08 Image size of job updated: 113760
	105  -  MemoryUsage of job (MB)
	107144  -  ResidentSetSize of job (KB)
...
005 (366755.000.000) 02/18 00:54:16 Job terminated.
	(1) Normal termination (return value 0)
		Usr 0 00:00:04, Sys 0 00:00:00  -  Run Remote Usage
		Usr 0 00:00:00, Sys 0 00:00:00  -  Run Local Usage
		Usr 0 00:00:04, Sys 0 00:00:00  -  Total Remote Usage
		Usr 0 00:00:00, Sys 0 00:00:00  -  Total Local Usage
	1698  -  Run Bytes Sent By Job
	17761  -  Run Bytes Received By Job
	1698  -  Total Bytes Sent By Job
	17761  -  Total Bytes Received By Job
	Partitionable Resources :    Usage  Request  Allocated
	   Cpus                 :                 1          1
	   Disk (KB)            :       28       20 1352634720
	   Memory (MB)          :      105     3072       4025
...
