000 (366790.000.000) 02/18 00:54:08 Job submitted from host: <172.20.3.198:9618?addrs=172.20.3.198-9618&noUDP&sock=160905_0664_3>
...
001 (366790.000.000) 02/18 00:54:20 Job executing on host: <172.20.201.23:9618?addrs=172.20.201.23-9618+[--1]-9618&noUDP&sock=3105_59a7_3>
...
006 (366790.000.000) 02/18 00:54:29 Image size of job updated: 34692
	31  -  MemoryUsage of job (MB)
	31704  -  ResidentSetSize of job (KB)
...
006 (366790.000.000) 02/18 00:59:30 Image size of job updated: 627972
	604  -  MemoryUsage of job (MB)
	618280  -  ResidentSetSize of job (KB)
...
006 (366790.000.000) 02/18 01:04:30 Image size of job updated: 636300
	612  -  MemoryUsage of job (MB)
	626608  -  ResidentSetSize of job (KB)
...
005 (366790.000.000) 02/18 01:09:16 Job terminated.
	(1) Normal termination (return value 0)
		Usr 0 00:12:56, Sys 0 00:00:24  -  Run Remote Usage
		Usr 0 00:00:00, Sys 0 00:00:00  -  Run Local Usage
		Usr 0 00:12:56, Sys 0 00:00:24  -  Total Remote Usage
		Usr 0 00:00:00, Sys 0 00:00:00  -  Total Local Usage
	105825  -  Run Bytes Sent By Job
	17761  -  Run Bytes Received By Job
	105825  -  Total Bytes Sent By Job
	17761  -  Total Bytes Received By Job
	Partitionable Resources :    Usage  Request  Allocated
	   Cpus                 :                 1          1
	   Disk (KB)            :      130       20 1352679680
	   Memory (MB)          :      612     3072       4025
...
