000 (366789.000.000) 02/18 00:54:08 Job submitted from host: <172.20.3.198:9618?addrs=172.20.3.198-9618&noUDP&sock=160905_0664_3>
...
001 (366789.000.000) 02/18 00:54:18 Job executing on host: <172.20.201.40:9618?addrs=172.20.201.40-9618+[--1]-9618&noUDP&sock=3100_ebae_3>
...
006 (366789.000.000) 02/18 00:54:26 Image size of job updated: 380756
	372  -  MemoryUsage of job (MB)
	380552  -  ResidentSetSize of job (KB)
...
006 (366789.000.000) 02/18 00:56:16 Image size of job updated: 380756
	374  -  MemoryUsage of job (MB)
	382684  -  ResidentSetSize of job (KB)
...
005 (366789.000.000) 02/18 00:56:16 Job terminated.
	(1) Normal termination (return value 0)
		Usr 0 00:01:40, Sys 0 00:00:04  -  Run Remote Usage
		Usr 0 00:00:00, Sys 0 00:00:00  -  Run Local Usage
		Usr 0 00:01:40, Sys 0 00:00:04  -  Total Remote Usage
		Usr 0 00:00:00, Sys 0 00:00:00  -  Total Local Usage
	14221  -  Run Bytes Sent By Job
	17761  -  Run Bytes Received By Job
	14221  -  Total Bytes Sent By Job
	17761  -  Total Bytes Received By Job
	Partitionable Resources :    Usage  Request  Allocated
	   Cpus                 :                 1          1
	   Disk (KB)            :       41       20 1352634720
	   Memory (MB)          :      374     3072       4025
...
