
Processing /home/eusai/4t/TTTT/TMVA/Application_FWLJMET102X_1lep2017_Oct2019_4t_02182020_step3_61var_condorLogs/nominal//TMVAClassificationApplication.C("BDT","/mnt/hadoop/store/group/bruxljm/FWLJMET102X_1lep2017_Oct2019_4t_02052020_step2/nominal//TTToSemiLeptonic_hdampUP_TuneCP5_PSweights_13TeV-powheg-pythia8_HT500Njet9_ttjj_hadd.root","TTToSemiLeptonic_hdampUP_TuneCP5_PSweights_13TeV-powheg-pythia8_HT500Njet9_ttjj_hadd.root")...

==> Start TMVAClassificationApplication
                         : Booking "BDT method" of type "BDT" from /home/eusai/4t/TTTT/TMVA/dataset2020Feb10/weights/BDT_BigComb_61vars_mDepth2/TMVAClassification_BDT.weights.xml.
<HEADER> DataSetInfo              : [Default] : Added class "Signal"
<HEADER> DataSetInfo              : [Default] : Added class "Background"
                         : Booked classifier "BDT" of type: "BDT"
--- TMVAClassificationApp    : Using input file: /mnt/hadoop/store/group/bruxljm/FWLJMET102X_1lep2017_Oct2019_4t_02052020_step2/nominal//TTToSemiLeptonic_hdampUP_TuneCP5_PSweights_13TeV-powheg-pythia8_HT500Njet9_ttjj_hadd.root
--- Select signal sample
--- Processing: 54216 events
--- ... Processing event: 0
--- ... Processing event: 1000
--- ... Processing event: 2000
--- ... Processing event: 3000
--- ... Processing event: 4000
--- ... Processing event: 5000
--- ... Processing event: 6000
--- ... Processing event: 7000
--- ... Processing event: 8000
--- ... Processing event: 9000
--- ... Processing event: 10000
--- ... Processing event: 11000
--- ... Processing event: 12000
--- ... Processing event: 13000
--- ... Processing event: 14000
--- ... Processing event: 15000
--- ... Processing event: 16000
--- ... Processing event: 17000
--- ... Processing event: 18000
--- ... Processing event: 19000
--- ... Processing event: 20000
--- ... Processing event: 21000
--- ... Processing event: 22000
--- ... Processing event: 23000
--- ... Processing event: 24000
--- ... Processing event: 25000
--- ... Processing event: 26000
--- ... Processing event: 27000
--- ... Processing event: 28000
--- ... Processing event: 29000
--- ... Processing event: 30000
--- ... Processing event: 31000
--- ... Processing event: 32000
--- ... Processing event: 33000
--- ... Processing event: 34000
--- ... Processing event: 35000
--- ... Processing event: 36000
--- ... Processing event: 37000
--- ... Processing event: 38000
--- ... Processing event: 39000
--- ... Processing event: 40000
--- ... Processing event: 41000
--- ... Processing event: 42000
--- ... Processing event: 43000
--- ... Processing event: 44000
--- ... Processing event: 45000
--- ... Processing event: 46000
--- ... Processing event: 47000
--- ... Processing event: 48000
--- ... Processing event: 49000
--- ... Processing event: 50000
--- ... Processing event: 51000
--- ... Processing event: 52000
--- ... Processing event: 53000
--- ... Processing event: 54000
--- End of event loop: Real time 0:00:20, CP time 17.070
--- Created root file: "TMVApp.root" containing the MVA output histograms
==> TMVAClassificationApplication is done!

