000 (366788.000.000) 02/18 00:54:07 Job submitted from host: <172.20.3.198:9618?addrs=172.20.3.198-9618&noUDP&sock=160905_0664_3>
...
001 (366788.000.000) 02/18 00:54:17 Job executing on host: <172.20.201.40:9618?addrs=172.20.201.40-9618+[--1]-9618&noUDP&sock=3100_ebae_3>
...
006 (366788.000.000) 02/18 00:54:26 Image size of job updated: 396680
	388  -  MemoryUsage of job (MB)
	396604  -  ResidentSetSize of job (KB)
...
005 (366788.000.000) 02/18 00:55:00 Job terminated.
	(1) Normal termination (return value 0)
		Usr 0 00:00:31, Sys 0 00:00:02  -  Run Remote Usage
		Usr 0 00:00:00, Sys 0 00:00:00  -  Run Local Usage
		Usr 0 00:00:31, Sys 0 00:00:02  -  Total Remote Usage
		Usr 0 00:00:00, Sys 0 00:00:00  -  Total Local Usage
	5211  -  Run Bytes Sent By Job
	17761  -  Run Bytes Received By Job
	5211  -  Total Bytes Sent By Job
	17761  -  Total Bytes Received By Job
	Partitionable Resources :    Usage  Request  Allocated
	   Cpus                 :                 1          1
	   Disk (KB)            :       32       20 1352634720
	   Memory (MB)          :      388     3072       4025
...
