000 (366751.000.000) 02/18 00:53:44 Job submitted from host: <172.20.3.198:9618?addrs=172.20.3.198-9618&noUDP&sock=160905_0664_3>
...
001 (366751.000.000) 02/18 00:53:59 Job executing on host: <172.20.201.40:9618?addrs=172.20.201.40-9618+[--1]-9618&noUDP&sock=3100_ebae_3>
...
006 (366751.000.000) 02/18 00:54:08 Image size of job updated: 132512
	121  -  MemoryUsage of job (MB)
	123480  -  ResidentSetSize of job (KB)
...
006 (366751.000.000) 02/18 00:54:14 Image size of job updated: 474320
	121  -  MemoryUsage of job (MB)
	123480  -  ResidentSetSize of job (KB)
...
005 (366751.000.000) 02/18 00:54:15 Job terminated.
	(1) Normal termination (return value 0)
		Usr 0 00:00:03, Sys 0 00:00:00  -  Run Remote Usage
		Usr 0 00:00:00, Sys 0 00:00:00  -  Run Local Usage
		Usr 0 00:00:03, Sys 0 00:00:00  -  Total Remote Usage
		Usr 0 00:00:00, Sys 0 00:00:00  -  Total Local Usage
	1557  -  Run Bytes Sent By Job
	17761  -  Run Bytes Received By Job
	1557  -  Total Bytes Sent By Job
	17761  -  Total Bytes Received By Job
	Partitionable Resources :    Usage  Request  Allocated
	   Cpus                 :                 1          1
	   Disk (KB)            :       28       20 1352634720
	   Memory (MB)          :      121     3072       4025
...
