000 (366779.000.000) 02/18 00:54:02 Job submitted from host: <172.20.3.198:9618?addrs=172.20.3.198-9618&noUDP&sock=160905_0664_3>
...
001 (366779.000.000) 02/18 00:54:07 Job executing on host: <172.20.201.39:9618?addrs=172.20.201.39-9618+[--1]-9618&noUDP&sock=3110_c7a0_3>
...
006 (366779.000.000) 02/18 00:54:15 Image size of job updated: 227932
	220  -  MemoryUsage of job (MB)
	224468  -  ResidentSetSize of job (KB)
...
006 (366779.000.000) 02/18 00:54:52 Image size of job updated: 420200
	220  -  MemoryUsage of job (MB)
	224476  -  ResidentSetSize of job (KB)
...
005 (366779.000.000) 02/18 00:54:53 Job terminated.
	(1) Normal termination (return value 0)
		Usr 0 00:00:32, Sys 0 00:00:02  -  Run Remote Usage
		Usr 0 00:00:00, Sys 0 00:00:00  -  Run Local Usage
		Usr 0 00:00:32, Sys 0 00:00:02  -  Total Remote Usage
		Usr 0 00:00:00, Sys 0 00:00:00  -  Total Local Usage
	5349  -  Run Bytes Sent By Job
	17761  -  Run Bytes Received By Job
	5349  -  Total Bytes Sent By Job
	17761  -  Total Bytes Received By Job
	Partitionable Resources :    Usage  Request  Allocated
	   Cpus                 :                 1          1
	   Disk (KB)            :       32       20 1352634592
	   Memory (MB)          :      220     3072       4025
...
