000 (366796.000.000) 02/18 00:54:12 Job submitted from host: <172.20.3.198:9618?addrs=172.20.3.198-9618&noUDP&sock=160905_0664_3>
...
001 (366796.000.000) 02/18 00:54:20 Job executing on host: <172.20.201.23:9618?addrs=172.20.201.23-9618+[--1]-9618&noUDP&sock=3105_59a7_3>
...
006 (366796.000.000) 02/18 00:54:29 Image size of job updated: 31944
	31  -  MemoryUsage of job (MB)
	31204  -  ResidentSetSize of job (KB)
...
006 (366796.000.000) 02/18 00:59:30 Image size of job updated: 624100
	608  -  MemoryUsage of job (MB)
	621872  -  ResidentSetSize of job (KB)
...
006 (366796.000.000) 02/18 01:04:30 Image size of job updated: 630572
	614  -  MemoryUsage of job (MB)
	628344  -  ResidentSetSize of job (KB)
...
005 (366796.000.000) 02/18 01:09:18 Job terminated.
	(1) Normal termination (return value 0)
		Usr 0 00:12:58, Sys 0 00:00:25  -  Run Remote Usage
		Usr 0 00:00:00, Sys 0 00:00:00  -  Run Local Usage
		Usr 0 00:12:58, Sys 0 00:00:25  -  Total Remote Usage
		Usr 0 00:00:00, Sys 0 00:00:00  -  Total Local Usage
	107430  -  Run Bytes Sent By Job
	17761  -  Run Bytes Received By Job
	107430  -  Total Bytes Sent By Job
	17761  -  Total Bytes Received By Job
	Partitionable Resources :    Usage  Request  Allocated
	   Cpus                 :                 1          1
	   Disk (KB)            :      132       20 1352679680
	   Memory (MB)          :      614     3072       4025
...
