000 (366740.000.000) 02/18 00:53:37 Job submitted from host: <172.20.3.198:9618?addrs=172.20.3.198-9618&noUDP&sock=160905_0664_3>
...
001 (366740.000.000) 02/18 00:53:43 Job executing on host: <172.20.201.40:9618?addrs=172.20.201.40-9618+[--1]-9618&noUDP&sock=3100_ebae_3>
...
006 (366740.000.000) 02/18 00:53:51 Image size of job updated: 376
	1  -  MemoryUsage of job (MB)
	376  -  ResidentSetSize of job (KB)
...
006 (366740.000.000) 02/18 00:55:13 Image size of job updated: 478888
	1  -  MemoryUsage of job (MB)
	376  -  ResidentSetSize of job (KB)
...
005 (366740.000.000) 02/18 00:55:14 Job terminated.
	(1) Normal termination (return value 0)
		Usr 0 00:00:56, Sys 0 00:00:03  -  Run Remote Usage
		Usr 0 00:00:00, Sys 0 00:00:00  -  Run Local Usage
		Usr 0 00:00:56, Sys 0 00:00:03  -  Total Remote Usage
		Usr 0 00:00:00, Sys 0 00:00:00  -  Total Local Usage
	8898  -  Run Bytes Sent By Job
	17761  -  Run Bytes Received By Job
	8898  -  Total Bytes Sent By Job
	17761  -  Total Bytes Received By Job
	Partitionable Resources :    Usage  Request  Allocated
	   Cpus                 :                 1          1
	   Disk (KB)            :       35       20 1352634720
	   Memory (MB)          :        1     3072       4025
...
