000 (366814.000.000) 02/18 00:54:24 Job submitted from host: <172.20.3.198:9618?addrs=172.20.3.198-9618&noUDP&sock=160905_0664_3>
...
001 (366814.000.000) 02/18 00:54:25 Job executing on host: <172.20.201.40:9618?addrs=172.20.201.40-9618+[--1]-9618&noUDP&sock=3100_ebae_3>
...
006 (366814.000.000) 02/18 00:54:34 Image size of job updated: 326892
	320  -  MemoryUsage of job (MB)
	326884  -  ResidentSetSize of job (KB)
...
006 (366814.000.000) 02/18 00:59:35 Image size of job updated: 573524
	561  -  MemoryUsage of job (MB)
	573524  -  ResidentSetSize of job (KB)
...
006 (366814.000.000) 02/18 01:04:35 Image size of job updated: 576916
	564  -  MemoryUsage of job (MB)
	576916  -  ResidentSetSize of job (KB)
...
005 (366814.000.000) 02/18 01:09:39 Job terminated.
	(1) Normal termination (return value 0)
		Usr 0 00:13:51, Sys 0 00:00:28  -  Run Remote Usage
		Usr 0 00:00:00, Sys 0 00:00:00  -  Run Local Usage
		Usr 0 00:13:51, Sys 0 00:00:28  -  Total Remote Usage
		Usr 0 00:00:00, Sys 0 00:00:00  -  Total Local Usage
	113364  -  Run Bytes Sent By Job
	17761  -  Run Bytes Received By Job
	113364  -  Total Bytes Sent By Job
	17761  -  Total Bytes Received By Job
	Partitionable Resources :    Usage  Request  Allocated
	   Cpus                 :                 1          1
	   Disk (KB)            :      138       20 1352634720
	   Memory (MB)          :      564     3072       4025
...
