000 (366808.000.000) 02/18 00:54:19 Job submitted from host: <172.20.3.198:9618?addrs=172.20.3.198-9618&noUDP&sock=160905_0664_3>
...
001 (366808.000.000) 02/18 00:54:24 Job executing on host: <172.20.201.46:9618?addrs=172.20.201.46-9618+[--1]-9618&noUDP&sock=14910_992b_8>
...
006 (366808.000.000) 02/18 00:54:32 Image size of job updated: 277428
	271  -  MemoryUsage of job (MB)
	276536  -  ResidentSetSize of job (KB)
...
006 (366808.000.000) 02/18 00:59:32 Image size of job updated: 559088
	546  -  MemoryUsage of job (MB)
	558796  -  ResidentSetSize of job (KB)
...
006 (366808.000.000) 02/18 01:04:32 Image size of job updated: 562460
	550  -  MemoryUsage of job (MB)
	562308  -  ResidentSetSize of job (KB)
...
006 (366808.000.000) 02/18 01:09:33 Image size of job updated: 563936
	551  -  MemoryUsage of job (MB)
	563796  -  ResidentSetSize of job (KB)
...
005 (366808.000.000) 02/18 01:10:18 Job terminated.
	(1) Normal termination (return value 0)
		Usr 0 00:14:02, Sys 0 00:00:30  -  Run Remote Usage
		Usr 0 00:00:00, Sys 0 00:00:00  -  Run Local Usage
		Usr 0 00:14:02, Sys 0 00:00:30  -  Total Remote Usage
		Usr 0 00:00:00, Sys 0 00:00:00  -  Total Local Usage
	111555  -  Run Bytes Sent By Job
	17761  -  Run Bytes Received By Job
	111555  -  Total Bytes Sent By Job
	17761  -  Total Bytes Received By Job
	Partitionable Resources :    Usage  Request  Allocated
	   Cpus                 :                 1          1
	   Disk (KB)            :      136       20 1748605984
	   Memory (MB)          :      551     3072       4025
...
