000 (366813.000.000) 02/18 00:54:23 Job submitted from host: <172.20.3.198:9618?addrs=172.20.3.198-9618&noUDP&sock=160905_0664_3>
...
001 (366813.000.000) 02/18 00:54:24 Job executing on host: <172.20.201.26:9618?addrs=172.20.201.26-9618+[--1]-9618&noUDP&sock=3039_1467_3>
...
006 (366813.000.000) 02/18 00:54:33 Image size of job updated: 432796
	423  -  MemoryUsage of job (MB)
	432508  -  ResidentSetSize of job (KB)
...
005 (366813.000.000) 02/18 00:56:30 Job terminated.
	(1) Normal termination (return value 0)
		Usr 0 00:01:47, Sys 0 00:00:04  -  Run Remote Usage
		Usr 0 00:00:00, Sys 0 00:00:00  -  Run Local Usage
		Usr 0 00:01:47, Sys 0 00:00:04  -  Total Remote Usage
		Usr 0 00:00:00, Sys 0 00:00:00  -  Total Local Usage
	15730  -  Run Bytes Sent By Job
	17761  -  Run Bytes Received By Job
	15730  -  Total Bytes Sent By Job
	17761  -  Total Bytes Received By Job
	Partitionable Resources :    Usage  Request  Allocated
	   Cpus                 :                 1          1
	   Disk (KB)            :       42       20 1352679232
	   Memory (MB)          :      423     3072       4025
...
