000 (366785.000.000) 02/18 00:54:05 Job submitted from host: <172.20.3.198:9618?addrs=172.20.3.198-9618&noUDP&sock=160905_0664_3>
...
001 (366785.000.000) 02/18 00:54:14 Job executing on host: <172.20.201.39:9618?addrs=172.20.201.39-9618+[--1]-9618&noUDP&sock=3110_c7a0_3>
...
006 (366785.000.000) 02/18 00:54:22 Image size of job updated: 233152
	228  -  MemoryUsage of job (MB)
	233092  -  ResidentSetSize of job (KB)
...
006 (366785.000.000) 02/18 00:55:01 Image size of job updated: 422048
	228  -  MemoryUsage of job (MB)
	233140  -  ResidentSetSize of job (KB)
...
005 (366785.000.000) 02/18 00:55:02 Job terminated.
	(1) Normal termination (return value 0)
		Usr 0 00:00:35, Sys 0 00:00:02  -  Run Remote Usage
		Usr 0 00:00:00, Sys 0 00:00:00  -  Run Local Usage
		Usr 0 00:00:35, Sys 0 00:00:02  -  Total Remote Usage
		Usr 0 00:00:00, Sys 0 00:00:00  -  Total Local Usage
	5586  -  Run Bytes Sent By Job
	17761  -  Run Bytes Received By Job
	5586  -  Total Bytes Sent By Job
	17761  -  Total Bytes Received By Job
	Partitionable Resources :    Usage  Request  Allocated
	   Cpus                 :                 1          1
	   Disk (KB)            :       32       20 1352634592
	   Memory (MB)          :      228     3072       4025
...
