000 (366812.000.000) 02/18 00:54:22 Job submitted from host: <172.20.3.198:9618?addrs=172.20.3.198-9618&noUDP&sock=160905_0664_3>
...
001 (366812.000.000) 02/18 00:54:24 Job executing on host: <172.20.201.40:9618?addrs=172.20.201.40-9618+[--1]-9618&noUDP&sock=3100_ebae_3>
...
006 (366812.000.000) 02/18 00:54:33 Image size of job updated: 376352
	368  -  MemoryUsage of job (MB)
	376344  -  ResidentSetSize of job (KB)
...
006 (366812.000.000) 02/18 00:55:12 Image size of job updated: 428772
	368  -  MemoryUsage of job (MB)
	376344  -  ResidentSetSize of job (KB)
...
005 (366812.000.000) 02/18 00:55:13 Job terminated.
	(1) Normal termination (return value 0)
		Usr 0 00:00:36, Sys 0 00:00:02  -  Run Remote Usage
		Usr 0 00:00:00, Sys 0 00:00:00  -  Run Local Usage
		Usr 0 00:00:36, Sys 0 00:00:02  -  Total Remote Usage
		Usr 0 00:00:00, Sys 0 00:00:00  -  Total Local Usage
	5796  -  Run Bytes Sent By Job
	17761  -  Run Bytes Received By Job
	5796  -  Total Bytes Sent By Job
	17761  -  Total Bytes Received By Job
	Partitionable Resources :    Usage  Request  Allocated
	   Cpus                 :                 1          1
	   Disk (KB)            :       33       20 1352634720
	   Memory (MB)          :      368     3072       4025
...
