000 (366771.000.000) 02/18 00:53:57 Job submitted from host: <172.20.3.198:9618?addrs=172.20.3.198-9618&noUDP&sock=160905_0664_3>
...
001 (366771.000.000) 02/18 00:54:01 Job executing on host: <172.20.201.46:9618?addrs=172.20.201.46-9618+[--1]-9618&noUDP&sock=14910_992b_8>
...
006 (366771.000.000) 02/18 00:54:09 Image size of job updated: 9108
	9  -  MemoryUsage of job (MB)
	9108  -  ResidentSetSize of job (KB)
...
006 (366771.000.000) 02/18 00:59:09 Image size of job updated: 475984
	465  -  MemoryUsage of job (MB)
	475976  -  ResidentSetSize of job (KB)
...
006 (366771.000.000) 02/18 01:04:10 Image size of job updated: 477768
	467  -  MemoryUsage of job (MB)
	477760  -  ResidentSetSize of job (KB)
...
005 (366771.000.000) 02/18 01:07:09 Job terminated.
	(1) Normal termination (return value 0)
		Usr 0 00:11:02, Sys 0 00:00:23  -  Run Remote Usage
		Usr 0 00:00:00, Sys 0 00:00:00  -  Run Local Usage
		Usr 0 00:11:02, Sys 0 00:00:23  -  Total Remote Usage
		Usr 0 00:00:00, Sys 0 00:00:00  -  Total Local Usage
	89913  -  Run Bytes Sent By Job
	17761  -  Run Bytes Received By Job
	89913  -  Total Bytes Sent By Job
	17761  -  Total Bytes Received By Job
	Partitionable Resources :    Usage  Request  Allocated
	   Cpus                 :                 1          1
	   Disk (KB)            :      115       20 1748605984
	   Memory (MB)          :      467     3072       4025
...
