000 (366799.000.000) 02/18 00:54:14 Job submitted from host: <172.20.3.198:9618?addrs=172.20.3.198-9618&noUDP&sock=160905_0664_3>
...
001 (366799.000.000) 02/18 00:54:20 Job executing on host: <172.20.201.23:9618?addrs=172.20.201.23-9618+[--1]-9618&noUDP&sock=3105_59a7_3>
...
006 (366799.000.000) 02/18 00:54:29 Image size of job updated: 35484
	32  -  MemoryUsage of job (MB)
	32072  -  ResidentSetSize of job (KB)
...
006 (366799.000.000) 02/18 00:59:30 Image size of job updated: 613504
	593  -  MemoryUsage of job (MB)
	606256  -  ResidentSetSize of job (KB)
...
006 (366799.000.000) 02/18 01:04:30 Image size of job updated: 621096
	600  -  MemoryUsage of job (MB)
	613848  -  ResidentSetSize of job (KB)
...
005 (366799.000.000) 02/18 01:09:09 Job terminated.
	(1) Normal termination (return value 0)
		Usr 0 00:12:51, Sys 0 00:00:23  -  Run Remote Usage
		Usr 0 00:00:00, Sys 0 00:00:00  -  Run Local Usage
		Usr 0 00:12:51, Sys 0 00:00:23  -  Total Remote Usage
		Usr 0 00:00:00, Sys 0 00:00:00  -  Total Local Usage
	106597  -  Run Bytes Sent By Job
	17761  -  Run Bytes Received By Job
	106597  -  Total Bytes Sent By Job
	17761  -  Total Bytes Received By Job
	Partitionable Resources :    Usage  Request  Allocated
	   Cpus                 :                 1          1
	   Disk (KB)            :      131       20 1352679680
	   Memory (MB)          :      600     3072       4025
...
