000 (366752.000.000) 02/18 00:53:45 Job submitted from host: <172.20.3.198:9618?addrs=172.20.3.198-9618&noUDP&sock=160905_0664_3>
...
001 (366752.000.000) 02/18 00:53:59 Job executing on host: <172.20.201.40:9618?addrs=172.20.201.40-9618+[--1]-9618&noUDP&sock=3100_ebae_3>
...
006 (366752.000.000) 02/18 00:54:08 Image size of job updated: 130480
	122  -  MemoryUsage of job (MB)
	124348  -  ResidentSetSize of job (KB)
...
005 (366752.000.000) 02/18 00:54:31 Job terminated.
	(1) Normal termination (return value 0)
		Usr 0 00:00:17, Sys 0 00:00:01  -  Run Remote Usage
		Usr 0 00:00:00, Sys 0 00:00:00  -  Run Local Usage
		Usr 0 00:00:17, Sys 0 00:00:01  -  Total Remote Usage
		Usr 0 00:00:00, Sys 0 00:00:00  -  Total Local Usage
	3415  -  Run Bytes Sent By Job
	17761  -  Run Bytes Received By Job
	3415  -  Total Bytes Sent By Job
	17761  -  Total Bytes Received By Job
	Partitionable Resources :    Usage  Request  Allocated
	   Cpus                 :                 1          1
	   Disk (KB)            :       30       20 1352634720
	   Memory (MB)          :      122     3072       4025
...
