000 (366749.000.000) 02/18 00:53:43 Job submitted from host: <172.20.3.198:9618?addrs=172.20.3.198-9618&noUDP&sock=160905_0664_3>
...
001 (366749.000.000) 02/18 00:53:59 Job executing on host: <172.20.201.40:9618?addrs=172.20.201.40-9618+[--1]-9618&noUDP&sock=3100_ebae_3>
...
006 (366749.000.000) 02/18 00:54:08 Image size of job updated: 136312
	123  -  MemoryUsage of job (MB)
	125536  -  ResidentSetSize of job (KB)
...
005 (366749.000.000) 02/18 00:55:17 Job terminated.
	(1) Normal termination (return value 0)
		Usr 0 00:00:58, Sys 0 00:00:03  -  Run Remote Usage
		Usr 0 00:00:00, Sys 0 00:00:00  -  Run Local Usage
		Usr 0 00:00:58, Sys 0 00:00:03  -  Total Remote Usage
		Usr 0 00:00:00, Sys 0 00:00:00  -  Total Local Usage
	9108  -  Run Bytes Sent By Job
	17761  -  Run Bytes Received By Job
	9108  -  Total Bytes Sent By Job
	17761  -  Total Bytes Received By Job
	Partitionable Resources :    Usage  Request  Allocated
	   Cpus                 :                 1          1
	   Disk (KB)            :       36       20 1352634720
	   Memory (MB)          :      123     3072       4025
...
