000 (366745.000.000) 02/18 00:53:40 Job submitted from host: <172.20.3.198:9618?addrs=172.20.3.198-9618&noUDP&sock=160905_0664_3>
...
001 (366745.000.000) 02/18 00:53:47 Job executing on host: <172.20.201.26:9618?addrs=172.20.201.26-9618+[--1]-9618&noUDP&sock=3039_1467_3>
...
006 (366745.000.000) 02/18 00:53:55 Image size of job updated: 396948
	354  -  MemoryUsage of job (MB)
	362064  -  ResidentSetSize of job (KB)
...
006 (366745.000.000) 02/18 00:54:02 Image size of job updated: 396948
	355  -  MemoryUsage of job (MB)
	362672  -  ResidentSetSize of job (KB)
...
005 (366745.000.000) 02/18 00:54:03 Job terminated.
	(1) Normal termination (return value 0)
		Usr 0 00:00:09, Sys 0 00:00:00  -  Run Remote Usage
		Usr 0 00:00:00, Sys 0 00:00:00  -  Run Local Usage
		Usr 0 00:00:09, Sys 0 00:00:00  -  Total Remote Usage
		Usr 0 00:00:00, Sys 0 00:00:00  -  Total Local Usage
	2411  -  Run Bytes Sent By Job
	17761  -  Run Bytes Received By Job
	2411  -  Total Bytes Sent By Job
	17761  -  Total Bytes Received By Job
	Partitionable Resources :    Usage  Request  Allocated
	   Cpus                 :                 1          1
	   Disk (KB)            :       29       20 1352679232
	   Memory (MB)          :      355     3072       4025
...
