000 (366778.000.000) 02/18 00:54:01 Job submitted from host: <172.20.3.198:9618?addrs=172.20.3.198-9618&noUDP&sock=160905_0664_3>
...
001 (366778.000.000) 02/18 00:54:06 Job executing on host: <172.20.201.26:9618?addrs=172.20.201.26-9618+[--1]-9618&noUDP&sock=3039_1467_3>
...
006 (366778.000.000) 02/18 00:54:14 Image size of job updated: 260388
	206  -  MemoryUsage of job (MB)
	210924  -  ResidentSetSize of job (KB)
...
006 (366778.000.000) 02/18 00:56:42 Image size of job updated: 260388
	207  -  MemoryUsage of job (MB)
	211008  -  ResidentSetSize of job (KB)
...
005 (366778.000.000) 02/18 00:56:43 Job terminated.
	(1) Normal termination (return value 0)
		Usr 0 00:02:13, Sys 0 00:00:05  -  Run Remote Usage
		Usr 0 00:00:00, Sys 0 00:00:00  -  Run Local Usage
		Usr 0 00:02:13, Sys 0 00:00:05  -  Total Remote Usage
		Usr 0 00:00:00, Sys 0 00:00:00  -  Total Local Usage
	19105  -  Run Bytes Sent By Job
	17761  -  Run Bytes Received By Job
	19105  -  Total Bytes Sent By Job
	17761  -  Total Bytes Received By Job
	Partitionable Resources :    Usage  Request  Allocated
	   Cpus                 :                 1          1
	   Disk (KB)            :       46       20 1352679232
	   Memory (MB)          :      207     3072       4025
...
