000 (366781.000.000) 02/18 00:54:03 Job submitted from host: <172.20.3.198:9618?addrs=172.20.3.198-9618&noUDP&sock=160905_0664_3>
...
001 (366781.000.000) 02/18 00:54:11 Job executing on host: <172.20.201.40:9618?addrs=172.20.201.40-9618+[--1]-9618&noUDP&sock=3100_ebae_3>
...
006 (366781.000.000) 02/18 00:54:19 Image size of job updated: 244636
	239  -  MemoryUsage of job (MB)
	244520  -  ResidentSetSize of job (KB)
...
006 (366781.000.000) 02/18 00:59:19 Image size of job updated: 631424
	617  -  MemoryUsage of job (MB)
	631364  -  ResidentSetSize of job (KB)
...
006 (366781.000.000) 02/18 01:04:19 Image size of job updated: 633956
	620  -  MemoryUsage of job (MB)
	633896  -  ResidentSetSize of job (KB)
...
005 (366781.000.000) 02/18 01:09:07 Job terminated.
	(1) Normal termination (return value 0)
		Usr 0 00:13:28, Sys 0 00:00:26  -  Run Remote Usage
		Usr 0 00:00:00, Sys 0 00:00:00  -  Run Local Usage
		Usr 0 00:13:28, Sys 0 00:00:26  -  Total Remote Usage
		Usr 0 00:00:00, Sys 0 00:00:00  -  Total Local Usage
	109775  -  Run Bytes Sent By Job
	17761  -  Run Bytes Received By Job
	109775  -  Total Bytes Sent By Job
	17761  -  Total Bytes Received By Job
	Partitionable Resources :    Usage  Request  Allocated
	   Cpus                 :                 1          1
	   Disk (KB)            :      134       20 1352634720
	   Memory (MB)          :      620     3072       4025
...
