000 (366811.000.000) 02/18 00:54:22 Job submitted from host: <172.20.3.198:9618?addrs=172.20.3.198-9618&noUDP&sock=160905_0664_3>
...
001 (366811.000.000) 02/18 00:54:23 Job executing on host: <172.20.201.40:9618?addrs=172.20.201.40-9618+[--1]-9618&noUDP&sock=3100_ebae_3>
...
006 (366811.000.000) 02/18 00:54:32 Image size of job updated: 415368
	406  -  MemoryUsage of job (MB)
	415268  -  ResidentSetSize of job (KB)
...
005 (366811.000.000) 02/18 00:54:49 Job terminated.
	(1) Normal termination (return value 0)
		Usr 0 00:00:17, Sys 0 00:00:01  -  Run Remote Usage
		Usr 0 00:00:00, Sys 0 00:00:00  -  Run Local Usage
		Usr 0 00:00:17, Sys 0 00:00:01  -  Total Remote Usage
		Usr 0 00:00:00, Sys 0 00:00:00  -  Total Local Usage
	3068  -  Run Bytes Sent By Job
	17761  -  Run Bytes Received By Job
	3068  -  Total Bytes Sent By Job
	17761  -  Total Bytes Received By Job
	Partitionable Resources :    Usage  Request  Allocated
	   Cpus                 :                 1          1
	   Disk (KB)            :       30       20 1352634720
	   Memory (MB)          :      406     3072       4025
...
