000 (366773.000.000) 02/18 00:53:58 Job submitted from host: <172.20.3.198:9618?addrs=172.20.3.198-9618&noUDP&sock=160905_0664_3>
...
001 (366773.000.000) 02/18 00:54:01 Job executing on host: <172.20.201.46:9618?addrs=172.20.201.46-9618+[--1]-9618&noUDP&sock=14910_992b_8>
...
006 (366773.000.000) 02/18 00:54:09 Image size of job updated: 9108
	9  -  MemoryUsage of job (MB)
	9108  -  ResidentSetSize of job (KB)
...
006 (366773.000.000) 02/18 00:59:09 Image size of job updated: 473632
	463  -  MemoryUsage of job (MB)
	473344  -  ResidentSetSize of job (KB)
...
006 (366773.000.000) 02/18 01:04:10 Image size of job updated: 476236
	465  -  MemoryUsage of job (MB)
	476064  -  ResidentSetSize of job (KB)
...
005 (366773.000.000) 02/18 01:06:42 Job terminated.
	(1) Normal termination (return value 0)
		Usr 0 00:10:43, Sys 0 00:00:22  -  Run Remote Usage
		Usr 0 00:00:00, Sys 0 00:00:00  -  Run Local Usage
		Usr 0 00:10:43, Sys 0 00:00:22  -  Total Remote Usage
		Usr 0 00:00:00, Sys 0 00:00:00  -  Total Local Usage
	90083  -  Run Bytes Sent By Job
	17761  -  Run Bytes Received By Job
	90083  -  Total Bytes Sent By Job
	17761  -  Total Bytes Received By Job
	Partitionable Resources :    Usage  Request  Allocated
	   Cpus                 :                 1          1
	   Disk (KB)            :      115       20 1748605984
	   Memory (MB)          :      465     3072       4025
...
