000 (366767.000.000) 02/18 00:53:54 Job submitted from host: <172.20.3.198:9618?addrs=172.20.3.198-9618&noUDP&sock=160905_0664_3>
...
001 (366767.000.000) 02/18 00:54:01 Job executing on host: <172.20.201.46:9618?addrs=172.20.201.46-9618+[--1]-9618&noUDP&sock=14910_992b_8>
...
006 (366767.000.000) 02/18 00:54:09 Image size of job updated: 9100
	9  -  MemoryUsage of job (MB)
	9100  -  ResidentSetSize of job (KB)
...
006 (366767.000.000) 02/18 00:59:09 Image size of job updated: 719100
	703  -  MemoryUsage of job (MB)
	719084  -  ResidentSetSize of job (KB)
...
006 (366767.000.000) 02/18 01:04:10 Image size of job updated: 721064
	705  -  MemoryUsage of job (MB)
	721052  -  ResidentSetSize of job (KB)
...
006 (366767.000.000) 02/18 01:09:11 Image size of job updated: 722812
	706  -  MemoryUsage of job (MB)
	722800  -  ResidentSetSize of job (KB)
...
005 (366767.000.000) 02/18 01:12:37 Job terminated.
	(1) Normal termination (return value 0)
		Usr 0 00:15:58, Sys 0 00:00:36  -  Run Remote Usage
		Usr 0 00:00:00, Sys 0 00:00:00  -  Run Local Usage
		Usr 0 00:15:58, Sys 0 00:00:36  -  Total Remote Usage
		Usr 0 00:00:00, Sys 0 00:00:00  -  Total Local Usage
	88003  -  Run Bytes Sent By Job
	17761  -  Run Bytes Received By Job
	88003  -  Total Bytes Sent By Job
	17761  -  Total Bytes Received By Job
	Partitionable Resources :    Usage  Request  Allocated
	   Cpus                 :                 1          1
	   Disk (KB)            :      113       20 1748605984
	   Memory (MB)          :      706     3072       4025
...
