000 (366766.000.000) 02/18 00:53:54 Job submitted from host: <172.20.3.198:9618?addrs=172.20.3.198-9618&noUDP&sock=160905_0664_3>
...
001 (366766.000.000) 02/18 00:54:01 Job executing on host: <172.20.201.46:9618?addrs=172.20.201.46-9618+[--1]-9618&noUDP&sock=14910_992b_8>
...
006 (366766.000.000) 02/18 00:54:09 Image size of job updated: 9108
	9  -  MemoryUsage of job (MB)
	9108  -  ResidentSetSize of job (KB)
...
006 (366766.000.000) 02/18 00:59:09 Image size of job updated: 614504
	600  -  MemoryUsage of job (MB)
	614084  -  ResidentSetSize of job (KB)
...
005 (366766.000.000) 02/18 01:00:45 Job terminated.
	(1) Normal termination (return value 0)
		Usr 0 00:05:34, Sys 0 00:00:14  -  Run Remote Usage
		Usr 0 00:00:00, Sys 0 00:00:00  -  Run Local Usage
		Usr 0 00:05:34, Sys 0 00:00:14  -  Total Remote Usage
		Usr 0 00:00:00, Sys 0 00:00:00  -  Total Local Usage
	33718  -  Run Bytes Sent By Job
	17761  -  Run Bytes Received By Job
	33718  -  Total Bytes Sent By Job
	17761  -  Total Bytes Received By Job
	Partitionable Resources :    Usage  Request  Allocated
	   Cpus                 :                 1          1
	   Disk (KB)            :       60       20 1748605984
	   Memory (MB)          :      600     3072       4025
...
