000 (366775.000.000) 02/18 00:53:59 Job submitted from host: <172.20.3.198:9618?addrs=172.20.3.198-9618&noUDP&sock=160905_0664_3>
...
001 (366775.000.000) 02/18 00:54:03 Job executing on host: <172.20.201.26:9618?addrs=172.20.201.26-9618+[--1]-9618&noUDP&sock=3039_1467_3>
...
006 (366775.000.000) 02/18 00:54:12 Image size of job updated: 244240
	239  -  MemoryUsage of job (MB)
	244096  -  ResidentSetSize of job (KB)
...
006 (366775.000.000) 02/18 00:54:22 Image size of job updated: 421196
	239  -  MemoryUsage of job (MB)
	244096  -  ResidentSetSize of job (KB)
...
005 (366775.000.000) 02/18 00:54:23 Job terminated.
	(1) Normal termination (return value 0)
		Usr 0 00:00:11, Sys 0 00:00:01  -  Run Remote Usage
		Usr 0 00:00:00, Sys 0 00:00:00  -  Run Local Usage
		Usr 0 00:00:11, Sys 0 00:00:01  -  Total Remote Usage
		Usr 0 00:00:00, Sys 0 00:00:00  -  Total Local Usage
	2372  -  Run Bytes Sent By Job
	17761  -  Run Bytes Received By Job
	2372  -  Total Bytes Sent By Job
	17761  -  Total Bytes Received By Job
	Partitionable Resources :    Usage  Request  Allocated
	   Cpus                 :                 1          1
	   Disk (KB)            :       29       20 1352679232
	   Memory (MB)          :      239     3072       4025
...
