000 (366732.000.000) 02/18 00:53:32 Job submitted from host: <172.20.3.198:9618?addrs=172.20.3.198-9618&noUDP&sock=160905_0664_3>
...
001 (366732.000.000) 02/18 00:53:43 Job executing on host: <172.20.201.39:9618?addrs=172.20.201.39-9618+[--1]-9618&noUDP&sock=3110_c7a0_3>
...
006 (366732.000.000) 02/18 00:53:52 Image size of job updated: 5528
	6  -  MemoryUsage of job (MB)
	5228  -  ResidentSetSize of job (KB)
...
006 (366732.000.000) 02/18 00:55:46 Image size of job updated: 3197164
	6  -  MemoryUsage of job (MB)
	5248  -  ResidentSetSize of job (KB)
...
005 (366732.000.000) 02/18 00:55:47 Job terminated.
	(1) Normal termination (return value 0)
		Usr 0 00:01:31, Sys 0 00:00:04  -  Run Remote Usage
		Usr 0 00:00:00, Sys 0 00:00:00  -  Run Local Usage
		Usr 0 00:01:31, Sys 0 00:00:04  -  Total Remote Usage
		Usr 0 00:00:00, Sys 0 00:00:00  -  Total Local Usage
	9261  -  Run Bytes Sent By Job
	17761  -  Run Bytes Received By Job
	9261  -  Total Bytes Sent By Job
	17761  -  Total Bytes Received By Job
	Partitionable Resources :    Usage  Request  Allocated
	   Cpus                 :                 1          1
	   Disk (KB)            :       36       20 1352634592
	   Memory (MB)          :        6     3072       4025
...
