000 (366816.000.000) 02/18 00:54:25 Job submitted from host: <172.20.3.198:9618?addrs=172.20.3.198-9618&noUDP&sock=160905_0664_3>
...
001 (366816.000.000) 02/18 00:54:27 Job executing on host: <172.20.201.46:9618?addrs=172.20.201.46-9618+[--1]-9618&noUDP&sock=14910_992b_8>
...
006 (366816.000.000) 02/18 00:54:36 Image size of job updated: 384752
	376  -  MemoryUsage of job (MB)
	384520  -  ResidentSetSize of job (KB)
...
006 (366816.000.000) 02/18 00:59:05 Image size of job updated: 384752
	376  -  MemoryUsage of job (MB)
	384936  -  ResidentSetSize of job (KB)
...
005 (366816.000.000) 02/18 00:59:06 Job terminated.
	(1) Normal termination (return value 0)
		Usr 0 00:04:06, Sys 0 00:00:08  -  Run Remote Usage
		Usr 0 00:00:00, Sys 0 00:00:00  -  Run Local Usage
		Usr 0 00:04:06, Sys 0 00:00:08  -  Total Remote Usage
		Usr 0 00:00:00, Sys 0 00:00:00  -  Total Local Usage
	33178  -  Run Bytes Sent By Job
	17761  -  Run Bytes Received By Job
	33178  -  Total Bytes Sent By Job
	17761  -  Total Bytes Received By Job
	Partitionable Resources :    Usage  Request  Allocated
	   Cpus                 :                 1          1
	   Disk (KB)            :       59       20 1748605984
	   Memory (MB)          :      376     3072       4025
...
