000 (366817.000.000) 02/18 00:54:25 Job submitted from host: <172.20.3.198:9618?addrs=172.20.3.198-9618&noUDP&sock=160905_0664_3>
...
001 (366817.000.000) 02/18 00:54:28 Job executing on host: <172.20.201.46:9618?addrs=172.20.201.46-9618+[--1]-9618&noUDP&sock=14910_992b_8>
...
006 (366817.000.000) 02/18 00:54:36 Image size of job updated: 709276
	693  -  MemoryUsage of job (MB)
	709176  -  ResidentSetSize of job (KB)
...
006 (366817.000.000) 02/18 00:54:48 Image size of job updated: 709276
	693  -  MemoryUsage of job (MB)
	709240  -  ResidentSetSize of job (KB)
...
005 (366817.000.000) 02/18 00:54:48 Job terminated.
	(1) Normal termination (return value 0)
		Usr 0 00:00:15, Sys 0 00:00:02  -  Run Remote Usage
		Usr 0 00:00:00, Sys 0 00:00:00  -  Run Local Usage
		Usr 0 00:00:15, Sys 0 00:00:02  -  Total Remote Usage
		Usr 0 00:00:00, Sys 0 00:00:00  -  Total Local Usage
	2616  -  Run Bytes Sent By Job
	17761  -  Run Bytes Received By Job
	2616  -  Total Bytes Sent By Job
	17761  -  Total Bytes Received By Job
	Partitionable Resources :    Usage  Request  Allocated
	   Cpus                 :                 1          1
	   Disk (KB)            :       29       20 1748605984
	   Memory (MB)          :      693     3072       4025
...
