000 (366819.000.000) 02/18 00:54:27 Job submitted from host: <172.20.3.198:9618?addrs=172.20.3.198-9618&noUDP&sock=160905_0664_3>
...
001 (366819.000.000) 02/18 00:54:30 Job executing on host: <172.20.201.26:9618?addrs=172.20.201.26-9618+[--1]-9618&noUDP&sock=3039_1467_3>
...
006 (366819.000.000) 02/18 00:54:40 Image size of job updated: 718128
	621  -  MemoryUsage of job (MB)
	635344  -  ResidentSetSize of job (KB)
...
005 (366819.000.000) 02/18 00:54:52 Job terminated.
	(1) Normal termination (return value 0)
		Usr 0 00:00:14, Sys 0 00:00:00  -  Run Remote Usage
		Usr 0 00:00:00, Sys 0 00:00:00  -  Run Local Usage
		Usr 0 00:00:14, Sys 0 00:00:00  -  Total Remote Usage
		Usr 0 00:00:00, Sys 0 00:00:00  -  Total Local Usage
	2360  -  Run Bytes Sent By Job
	17761  -  Run Bytes Received By Job
	2360  -  Total Bytes Sent By Job
	17761  -  Total Bytes Received By Job
	Partitionable Resources :    Usage  Request  Allocated
	   Cpus                 :                 1          1
	   Disk (KB)            :       29       20 1352679232
	   Memory (MB)          :      621     3072       4025
...
