000 (366820.000.000) 02/18 00:54:27 Job submitted from host: <172.20.3.198:9618?addrs=172.20.3.198-9618&noUDP&sock=160905_0664_3>
...
001 (366820.000.000) 02/18 00:54:33 Job executing on host: <172.20.201.40:9618?addrs=172.20.201.40-9618+[--1]-9618&noUDP&sock=3100_ebae_3>
...
006 (366820.000.000) 02/18 00:54:41 Image size of job updated: 232904
	228  -  MemoryUsage of job (MB)
	232632  -  ResidentSetSize of job (KB)
...
006 (366820.000.000) 02/18 00:59:41 Image size of job updated: 232904
	228  -  MemoryUsage of job (MB)
	232700  -  ResidentSetSize of job (KB)
...
005 (366820.000.000) 02/18 00:59:48 Job terminated.
	(1) Normal termination (return value 0)
		Usr 0 00:04:40, Sys 0 00:00:11  -  Run Remote Usage
		Usr 0 00:00:00, Sys 0 00:00:00  -  Run Local Usage
		Usr 0 00:04:40, Sys 0 00:00:11  -  Total Remote Usage
		Usr 0 00:00:00, Sys 0 00:00:00  -  Total Local Usage
	39755  -  Run Bytes Sent By Job
	17761  -  Run Bytes Received By Job
	39755  -  Total Bytes Sent By Job
	17761  -  Total Bytes Received By Job
	Partitionable Resources :    Usage  Request  Allocated
	   Cpus                 :                 1          1
	   Disk (KB)            :       66       20 1352634720
	   Memory (MB)          :      228     3072       4025
...
