000 (366821.000.000) 02/18 00:54:28 Job submitted from host: <172.20.3.198:9618?addrs=172.20.3.198-9618&noUDP&sock=160905_0664_3>
...
001 (366821.000.000) 02/18 00:54:33 Job executing on host: <172.20.201.46:9618?addrs=172.20.201.46-9618+[--1]-9618&noUDP&sock=14910_992b_8>
...
006 (366821.000.000) 02/18 00:54:41 Image size of job updated: 391600
	382  -  MemoryUsage of job (MB)
	390252  -  ResidentSetSize of job (KB)
...
005 (366821.000.000) 02/18 00:54:44 Job terminated.
	(1) Normal termination (return value 0)
		Usr 0 00:00:07, Sys 0 00:00:01  -  Run Remote Usage
		Usr 0 00:00:00, Sys 0 00:00:00  -  Run Local Usage
		Usr 0 00:00:07, Sys 0 00:00:01  -  Total Remote Usage
		Usr 0 00:00:00, Sys 0 00:00:00  -  Total Local Usage
	1944  -  Run Bytes Sent By Job
	17761  -  Run Bytes Received By Job
	1944  -  Total Bytes Sent By Job
	17761  -  Total Bytes Received By Job
	Partitionable Resources :    Usage  Request  Allocated
	   Cpus                 :                 1          1
	   Disk (KB)            :       29       20 1748605984
	   Memory (MB)          :      382     3072       4025
...
