000 (366827.000.000) 02/18 00:54:32 Job submitted from host: <172.20.3.198:9618?addrs=172.20.3.198-9618&noUDP&sock=160905_0664_3>
...
001 (366827.000.000) 02/18 00:54:39 Job executing on host: <172.20.201.46:9618?addrs=172.20.201.46-9618+[--1]-9618&noUDP&sock=14910_992b_8>
...
006 (366827.000.000) 02/18 00:54:48 Image size of job updated: 260892
	255  -  MemoryUsage of job (MB)
	260356  -  ResidentSetSize of job (KB)
...
006 (366827.000.000) 02/18 00:59:49 Image size of job updated: 1158716
	1131  -  MemoryUsage of job (MB)
	1158084  -  ResidentSetSize of job (KB)
...
006 (366827.000.000) 02/18 01:04:49 Image size of job updated: 1158716
	1132  -  MemoryUsage of job (MB)
	1158192  -  ResidentSetSize of job (KB)
...
006 (366827.000.000) 02/18 01:09:49 Image size of job updated: 1158716
	1132  -  MemoryUsage of job (MB)
	1158336  -  ResidentSetSize of job (KB)
...
005 (366827.000.000) 02/18 01:12:23 Job terminated.
	(1) Normal termination (return value 0)
		Usr 0 00:15:49, Sys 0 00:00:29  -  Run Remote Usage
		Usr 0 00:00:00, Sys 0 00:00:00  -  Run Local Usage
		Usr 0 00:15:49, Sys 0 00:00:29  -  Total Remote Usage
		Usr 0 00:00:00, Sys 0 00:00:00  -  Total Local Usage
	92189  -  Run Bytes Sent By Job
	17761  -  Run Bytes Received By Job
	92189  -  Total Bytes Sent By Job
	17761  -  Total Bytes Received By Job
	Partitionable Resources :    Usage  Request  Allocated
	   Cpus                 :                 1          1
	   Disk (KB)            :      117       20 1748605984
	   Memory (MB)          :     1132     3072       4025
...
