000 (366826.000.000) 02/18 00:54:31 Job submitted from host: <172.20.3.198:9618?addrs=172.20.3.198-9618&noUDP&sock=160905_0664_3>
...
001 (366826.000.000) 02/18 00:54:39 Job executing on host: <172.20.201.46:9618?addrs=172.20.201.46-9618+[--1]-9618&noUDP&sock=14910_992b_8>
...
006 (366826.000.000) 02/18 00:54:48 Image size of job updated: 349948
	342  -  MemoryUsage of job (MB)
	349688  -  ResidentSetSize of job (KB)
...
006 (366826.000.000) 02/18 00:56:17 Image size of job updated: 426372
	342  -  MemoryUsage of job (MB)
	349688  -  ResidentSetSize of job (KB)
...
005 (366826.000.000) 02/18 00:56:18 Job terminated.
	(1) Normal termination (return value 0)
		Usr 0 00:01:25, Sys 0 00:00:03  -  Run Remote Usage
		Usr 0 00:00:00, Sys 0 00:00:00  -  Run Local Usage
		Usr 0 00:01:25, Sys 0 00:00:03  -  Total Remote Usage
		Usr 0 00:00:00, Sys 0 00:00:00  -  Total Local Usage
	14406  -  Run Bytes Sent By Job
	17761  -  Run Bytes Received By Job
	14406  -  Total Bytes Sent By Job
	17761  -  Total Bytes Received By Job
	Partitionable Resources :    Usage  Request  Allocated
	   Cpus                 :                 1          1
	   Disk (KB)            :       41       20 1748605984
	   Memory (MB)          :      342     3072       4025
...
