000 (366823.000.000) 02/18 00:54:29 Job submitted from host: <172.20.3.198:9618?addrs=172.20.3.198-9618&noUDP&sock=160905_0664_3>
...
001 (366823.000.000) 02/18 00:54:38 Job executing on host: <172.20.201.40:9618?addrs=172.20.201.40-9618+[--1]-9618&noUDP&sock=3100_ebae_3>
...
006 (366823.000.000) 02/18 00:54:46 Image size of job updated: 346248
	258  -  MemoryUsage of job (MB)
	263628  -  ResidentSetSize of job (KB)
...
006 (366823.000.000) 02/18 00:59:46 Image size of job updated: 887708
	849  -  MemoryUsage of job (MB)
	869084  -  ResidentSetSize of job (KB)
...
006 (366823.000.000) 02/18 01:04:47 Image size of job updated: 889588
	852  -  MemoryUsage of job (MB)
	871704  -  ResidentSetSize of job (KB)
...
005 (366823.000.000) 02/18 01:08:56 Job terminated.
	(1) Normal termination (return value 0)
		Usr 0 00:13:06, Sys 0 00:00:24  -  Run Remote Usage
		Usr 0 00:00:00, Sys 0 00:00:00  -  Run Local Usage
		Usr 0 00:13:06, Sys 0 00:00:24  -  Total Remote Usage
		Usr 0 00:00:00, Sys 0 00:00:00  -  Total Local Usage
	99570  -  Run Bytes Sent By Job
	17761  -  Run Bytes Received By Job
	99570  -  Total Bytes Sent By Job
	17761  -  Total Bytes Received By Job
	Partitionable Resources :    Usage  Request  Allocated
	   Cpus                 :                 1          1
	   Disk (KB)            :      124       20 1352634720
	   Memory (MB)          :      852     3072       4025
...
