000 (366830.000.000) 02/18 00:54:34 Job submitted from host: <172.20.3.198:9618?addrs=172.20.3.198-9618&noUDP&sock=160905_0664_3>
...
001 (366830.000.000) 02/18 00:54:42 Job executing on host: <172.20.201.43:9618?addrs=172.20.201.43-9618+[--1]-9618&noUDP&sock=3035_5606_3>
...
006 (366830.000.000) 02/18 00:54:51 Image size of job updated: 3012
	3  -  MemoryUsage of job (MB)
	2792  -  ResidentSetSize of job (KB)
...
006 (366830.000.000) 02/18 00:59:51 Image size of job updated: 1173980
	1138  -  MemoryUsage of job (MB)
	1165120  -  ResidentSetSize of job (KB)
...
005 (366830.000.000) 02/18 01:01:37 Job terminated.
	(1) Normal termination (return value 0)
		Usr 0 00:05:56, Sys 0 00:00:09  -  Run Remote Usage
		Usr 0 00:00:00, Sys 0 00:00:00  -  Run Local Usage
		Usr 0 00:05:56, Sys 0 00:00:09  -  Total Remote Usage
		Usr 0 00:00:00, Sys 0 00:00:00  -  Total Local Usage
	36157  -  Run Bytes Sent By Job
	17761  -  Run Bytes Received By Job
	36157  -  Total Bytes Sent By Job
	17761  -  Total Bytes Received By Job
	Partitionable Resources :    Usage  Request  Allocated
	   Cpus                 :                 1          1
	   Disk (KB)            :       62       20 1352678112
	   Memory (MB)          :     1138     3072       4025
...
