000 (366825.000.000) 02/18 00:54:30 Job submitted from host: <172.20.3.198:9618?addrs=172.20.3.198-9618&noUDP&sock=160905_0664_3>
...
001 (366825.000.000) 02/18 00:54:39 Job executing on host: <172.20.201.39:9618?addrs=172.20.201.39-9618+[--1]-9618&noUDP&sock=3110_c7a0_3>
...
006 (366825.000.000) 02/18 00:54:48 Image size of job updated: 315376
	239  -  MemoryUsage of job (MB)
	244448  -  ResidentSetSize of job (KB)
...
006 (366825.000.000) 02/18 00:59:49 Image size of job updated: 540384
	475  -  MemoryUsage of job (MB)
	485408  -  ResidentSetSize of job (KB)
...
005 (366825.000.000) 02/18 01:04:59 Job terminated.
	(1) Normal termination (return value 0)
		Usr 0 00:09:20, Sys 0 00:00:17  -  Run Remote Usage
		Usr 0 00:00:00, Sys 0 00:00:00  -  Run Local Usage
		Usr 0 00:09:20, Sys 0 00:00:17  -  Total Remote Usage
		Usr 0 00:00:00, Sys 0 00:00:00  -  Total Local Usage
	75838  -  Run Bytes Sent By Job
	17761  -  Run Bytes Received By Job
	75838  -  Total Bytes Sent By Job
	17761  -  Total Bytes Received By Job
	Partitionable Resources :    Usage  Request  Allocated
	   Cpus                 :                 1          1
	   Disk (KB)            :      101       20 1352634592
	   Memory (MB)          :      475     3072       4025
...
