000 (366832.000.000) 02/18 00:54:35 Job submitted from host: <172.20.3.198:9618?addrs=172.20.3.198-9618&noUDP&sock=160905_0664_3>
...
001 (366832.000.000) 02/18 00:54:43 Job executing on host: <172.20.201.43:9618?addrs=172.20.201.43-9618+[--1]-9618&noUDP&sock=3035_5606_3>
...
006 (366832.000.000) 02/18 00:54:51 Image size of job updated: 3076
	3  -  MemoryUsage of job (MB)
	2800  -  ResidentSetSize of job (KB)
...
006 (366832.000.000) 02/18 00:59:51 Image size of job updated: 531504
	509  -  MemoryUsage of job (MB)
	521044  -  ResidentSetSize of job (KB)
...
006 (366832.000.000) 02/18 01:04:51 Image size of job updated: 533880
	512  -  MemoryUsage of job (MB)
	523420  -  ResidentSetSize of job (KB)
...
005 (366832.000.000) 02/18 01:06:21 Job terminated.
	(1) Normal termination (return value 0)
		Usr 0 00:10:09, Sys 0 00:00:19  -  Run Remote Usage
		Usr 0 00:00:00, Sys 0 00:00:00  -  Run Local Usage
		Usr 0 00:10:09, Sys 0 00:00:19  -  Total Remote Usage
		Usr 0 00:00:00, Sys 0 00:00:00  -  Total Local Usage
	92282  -  Run Bytes Sent By Job
	17761  -  Run Bytes Received By Job
	92282  -  Total Bytes Sent By Job
	17761  -  Total Bytes Received By Job
	Partitionable Resources :    Usage  Request  Allocated
	   Cpus                 :                 1          1
	   Disk (KB)            :      117       20 1352678112
	   Memory (MB)          :      512     3072       4025
...
