000 (366828.000.000) 02/18 00:54:32 Job submitted from host: <172.20.3.198:9618?addrs=172.20.3.198-9618&noUDP&sock=160905_0664_3>
...
001 (366828.000.000) 02/18 00:54:42 Job executing on host: <172.20.201.43:9618?addrs=172.20.201.43-9618+[--1]-9618&noUDP&sock=3035_5606_3>
...
006 (366828.000.000) 02/18 00:54:51 Image size of job updated: 2588
	3  -  MemoryUsage of job (MB)
	2340  -  ResidentSetSize of job (KB)
...
006 (366828.000.000) 02/18 00:59:51 Image size of job updated: 1179156
	1148  -  MemoryUsage of job (MB)
	1175248  -  ResidentSetSize of job (KB)
...
006 (366828.000.000) 02/18 01:04:51 Image size of job updated: 1234648
	1202  -  MemoryUsage of job (MB)
	1230740  -  ResidentSetSize of job (KB)
...
006 (366828.000.000) 02/18 01:09:52 Image size of job updated: 1236864
	1205  -  MemoryUsage of job (MB)
	1232956  -  ResidentSetSize of job (KB)
...
005 (366828.000.000) 02/18 01:11:24 Job terminated.
	(1) Normal termination (return value 0)
		Usr 0 00:14:58, Sys 0 00:00:22  -  Run Remote Usage
		Usr 0 00:00:00, Sys 0 00:00:00  -  Run Local Usage
		Usr 0 00:14:58, Sys 0 00:00:22  -  Total Remote Usage
		Usr 0 00:00:00, Sys 0 00:00:00  -  Total Local Usage
	92325  -  Run Bytes Sent By Job
	17761  -  Run Bytes Received By Job
	92325  -  Total Bytes Sent By Job
	17761  -  Total Bytes Received By Job
	Partitionable Resources :    Usage  Request  Allocated
	   Cpus                 :                 1          1
	   Disk (KB)            :      117       20 1352678112
	   Memory (MB)          :     1205     3072       4025
...
