000 (366824.000.000) 02/18 00:54:30 Job submitted from host: <172.20.3.198:9618?addrs=172.20.3.198-9618&noUDP&sock=160905_0664_3>
...
001 (366824.000.000) 02/18 00:54:37 Job executing on host: <172.20.201.39:9618?addrs=172.20.201.39-9618+[--1]-9618&noUDP&sock=3110_c7a0_3>
...
006 (366824.000.000) 02/18 00:54:46 Image size of job updated: 221932
	206  -  MemoryUsage of job (MB)
	209960  -  ResidentSetSize of job (KB)
...
006 (366824.000.000) 02/18 00:59:47 Image size of job updated: 492616
	476  -  MemoryUsage of job (MB)
	487060  -  ResidentSetSize of job (KB)
...
006 (366824.000.000) 02/18 01:04:47 Image size of job updated: 493904
	477  -  MemoryUsage of job (MB)
	488420  -  ResidentSetSize of job (KB)
...
005 (366824.000.000) 02/18 01:08:17 Job terminated.
	(1) Normal termination (return value 0)
		Usr 0 00:12:19, Sys 0 00:00:22  -  Run Remote Usage
		Usr 0 00:00:00, Sys 0 00:00:00  -  Run Local Usage
		Usr 0 00:12:19, Sys 0 00:00:22  -  Total Remote Usage
		Usr 0 00:00:00, Sys 0 00:00:00  -  Total Local Usage
	95966  -  Run Bytes Sent By Job
	17761  -  Run Bytes Received By Job
	95966  -  Total Bytes Sent By Job
	17761  -  Total Bytes Received By Job
	Partitionable Resources :    Usage  Request  Allocated
	   Cpus                 :                 1          1
	   Disk (KB)            :      121       20 1352634592
	   Memory (MB)          :      477     3072       4025
...
