000 (366829.000.000) 02/18 00:54:33 Job submitted from host: <172.20.3.198:9618?addrs=172.20.3.198-9618&noUDP&sock=160905_0664_3>
...
001 (366829.000.000) 02/18 00:54:43 Job executing on host: <172.20.201.43:9618?addrs=172.20.201.43-9618+[--1]-9618&noUDP&sock=3035_5606_3>
...
006 (366829.000.000) 02/18 00:54:51 Image size of job updated: 3140
	3  -  MemoryUsage of job (MB)
	2820  -  ResidentSetSize of job (KB)
...
006 (366829.000.000) 02/18 00:59:51 Image size of job updated: 1164376
	1129  -  MemoryUsage of job (MB)
	1155540  -  ResidentSetSize of job (KB)
...
006 (366829.000.000) 02/18 01:04:51 Image size of job updated: 1165036
	1130  -  MemoryUsage of job (MB)
	1156200  -  ResidentSetSize of job (KB)
...
006 (366829.000.000) 02/18 01:09:52 Image size of job updated: 1165376
	1130  -  MemoryUsage of job (MB)
	1156540  -  ResidentSetSize of job (KB)
...
006 (366829.000.000) 02/18 01:12:01 Image size of job updated: 1641464
	1130  -  MemoryUsage of job (MB)
	1156540  -  ResidentSetSize of job (KB)
...
005 (366829.000.000) 02/18 01:12:03 Job terminated.
	(1) Normal termination (return value 0)
		Usr 0 00:15:38, Sys 0 00:00:22  -  Run Remote Usage
		Usr 0 00:00:00, Sys 0 00:00:00  -  Run Local Usage
		Usr 0 00:15:38, Sys 0 00:00:22  -  Total Remote Usage
		Usr 0 00:00:00, Sys 0 00:00:00  -  Total Local Usage
	92427  -  Run Bytes Sent By Job
	17761  -  Run Bytes Received By Job
	92427  -  Total Bytes Sent By Job
	17761  -  Total Bytes Received By Job
	Partitionable Resources :    Usage  Request  Allocated
	   Cpus                 :                 1          1
	   Disk (KB)            :      117       20 1352678112
	   Memory (MB)          :     1130     3072       4025
...
