000 (366834.000.000) 02/18 00:54:36 Job submitted from host: <172.20.3.198:9618?addrs=172.20.3.198-9618&noUDP&sock=160905_0664_3>
...
001 (366834.000.000) 02/18 00:54:43 Job executing on host: <172.20.201.43:9618?addrs=172.20.201.43-9618+[--1]-9618&noUDP&sock=3035_5606_3>
...
006 (366834.000.000) 02/18 00:54:51 Image size of job updated: 3180
	3  -  MemoryUsage of job (MB)
	2824  -  ResidentSetSize of job (KB)
...
006 (366834.000.000) 02/18 00:55:09 Image size of job updated: 8132
	3  -  MemoryUsage of job (MB)
	2840  -  ResidentSetSize of job (KB)
...
005 (366834.000.000) 02/18 00:55:10 Job terminated.
	(1) Normal termination (return value 0)
		Usr 0 00:00:05, Sys 0 00:00:00  -  Run Remote Usage
		Usr 0 00:00:00, Sys 0 00:00:00  -  Run Local Usage
		Usr 0 00:00:05, Sys 0 00:00:00  -  Total Remote Usage
		Usr 0 00:00:00, Sys 0 00:00:00  -  Total Local Usage
	1910  -  Run Bytes Sent By Job
	17761  -  Run Bytes Received By Job
	1910  -  Total Bytes Sent By Job
	17761  -  Total Bytes Received By Job
	Partitionable Resources :    Usage  Request  Allocated
	   Cpus                 :                 1          1
	   Disk (KB)            :       29       20 1352678112
	   Memory (MB)          :        3     3072       4025
...
