
Processing /home/eusai/4t/TTTT/TMVA/Application_FWLJMET102X_1lep2017_Oct2019_4t_02182020_step3_61var_condorLogs/nominal//TMVAClassificationApplication.C("BDT","/mnt/hadoop/store/group/bruxljm/FWLJMET102X_1lep2017_Oct2019_4t_02052020_step2/nominal//WZ_TuneCP5_13TeV-pythia8_hadd.root","WZ_TuneCP5_13TeV-pythia8_hadd.root")...

==> Start TMVAClassificationApplication
                         : Booking "BDT method" of type "BDT" from /home/eusai/4t/TTTT/TMVA/dataset2020Feb10/weights/BDT_BigComb_61vars_mDepth2/TMVAClassification_BDT.weights.xml.
<HEADER> DataSetInfo              : [Default] : Added class "Signal"
<HEADER> DataSetInfo              : [Default] : Added class "Background"
                         : Booked classifier "BDT" of type: "BDT"
--- TMVAClassificationApp    : Using input file: /mnt/hadoop/store/group/bruxljm/FWLJMET102X_1lep2017_Oct2019_4t_02052020_step2/nominal//WZ_TuneCP5_13TeV-pythia8_hadd.root
--- Select signal sample
--- Processing: 8697 events
--- ... Processing event: 0
--- ... Processing event: 1000
--- ... Processing event: 2000
--- ... Processing event: 3000
--- ... Processing event: 4000
--- ... Processing event: 5000
--- ... Processing event: 6000
--- ... Processing event: 7000
--- ... Processing event: 8000
--- End of event loop: Real time 0:00:02, CP time 1.690
--- Created root file: "TMVApp.root" containing the MVA output histograms
==> TMVAClassificationApplication is done!

