000 (107404.000.000) 05/01 09:30:46 Job submitted from host: <172.20.3.198:9618?addrs=172.20.3.198-9618&noUDP&sock=401298_a0c0_3>
...
001 (107404.000.000) 05/01 09:30:54 Job executing on host: <172.20.201.41:9618?addrs=172.20.201.41-9618+[--1]-9618&noUDP&sock=3072_b707_3>
...
006 (107404.000.000) 05/01 09:31:03 Image size of job updated: 2540
	3  -  MemoryUsage of job (MB)
	2540  -  ResidentSetSize of job (KB)
...
005 (107404.000.000) 05/01 09:31:07 Job terminated.
	(1) Normal termination (return value 1)
		Usr 0 00:00:00, Sys 0 00:00:00  -  Run Remote Usage
		Usr 0 00:00:00, Sys 0 00:00:00  -  Run Local Usage
		Usr 0 00:00:00, Sys 0 00:00:00  -  Total Remote Usage
		Usr 0 00:00:00, Sys 0 00:00:00  -  Total Local Usage
	400  -  Run Bytes Sent By Job
	296  -  Run Bytes Received By Job
	400  -  Total Bytes Sent By Job
	296  -  Total Bytes Received By Job
	Partitionable Resources :    Usage  Request   Allocated
	   Cpus                 :                 1           1
	   Disk (KB)            :       10        1 44794501376
	   Memory (MB)          :        3     3072        4025
...
