READING TREES
READING: DataERRBCDEF
READING: DataMRRBCDEF
READING: 4TM690
        nominal
READING: TTJetsHad0
        nominal
FINISHED READING
PLOTTING: HT
         LJMET Variable: AK4HT
         X-AXIS TITLE  : ;H_{T} [GeV]
         BINNING USED  : [0.0, 40.0, 80.0, 120.0, 160.0, 200.0, 240.0, 280.0, 320.0, 360.0, 400.0, 440.0, 480.0, 520.0, 560.0, 600.0, 640.0, 680.0, 720.0, 760.0, 800.0, 840.0, 880.0, 920.0, 960.0, 1000.0, 1040.0, 1080.0, 1120.0, 1160.0, 1200.0, 1240.0, 1280.0, 1320.0, 1360.0, 1400.0, 1440.0, 1480.0, 1520.0, 1560.0, 1600.0, 1640.0, 1680.0, 1720.0, 1760.0, 1800.0, 1840.0, 1880.0, 1920.0, 1960.0, 2000.0, 2040.0, 2080.0, 2120.0, 2160.0, 2200.0, 2240.0, 2280.0, 2320.0, 2360.0, 2400.0, 2440.0, 2480.0, 2520.0, 2560.0, 2600.0, 2640.0, 2680.0, 2720.0, 2760.0, 2800.0, 2840.0, 2880.0, 2920.0, 2960.0, 3000.0, 3040.0, 3080.0, 3120.0, 3160.0, 3200.0, 3240.0, 3280.0, 3320.0, 3360.0, 3400.0, 3440.0, 3480.0, 3520.0, 3560.0, 3600.0, 3640.0, 3680.0, 3720.0, 3760.0, 3800.0, 3840.0, 3880.0, 3920.0, 3960.0, 4000.0]
****************************************************************************************************
****************************************************************************************************
DISTRIBUTION: HT
            -name in ljmet trees: AK4HT
            -x-axis label is set to: ;H_{T} [GeV]
            -using the binning as: [0.0, 40.0, 80.0, 120.0, 160.0, 200.0, 240.0, 280.0, 320.0, 360.0, 400.0, 440.0, 480.0, 520.0, 560.0, 600.0, 640.0, 680.0, 720.0, 760.0, 800.0, 840.0, 880.0, 920.0, 960.0, 1000.0, 1040.0, 1080.0, 1120.0, 1160.0, 1200.0, 1240.0, 1280.0, 1320.0, 1360.0, 1400.0, 1440.0, 1480.0, 1520.0, 1560.0, 1600.0, 1640.0, 1680.0, 1720.0, 1760.0, 1800.0, 1840.0, 1880.0, 1920.0, 1960.0, 2000.0, 2040.0, 2080.0, 2120.0, 2160.0, 2200.0, 2240.0, 2280.0, 2320.0, 2360.0, 2400.0, 2440.0, 2480.0, 2520.0, 2560.0, 2600.0, 2640.0, 2680.0, 2720.0, 2760.0, 2800.0, 2840.0, 2880.0, 2920.0, 2960.0, 3000.0, 3040.0, 3080.0, 3120.0, 3160.0, 3200.0, 3240.0, 3280.0, 3320.0, 3360.0, 3400.0, 3440.0, 3480.0, 3520.0, 3560.0, 3600.0, 3640.0, 3680.0, 3720.0, 3760.0, 3800.0, 3840.0, 3880.0, 3920.0, 3960.0, 4000.0]
/////////////////////////
PROCESSING:  DataERRBCDEF
/////////////////////////
plotTreeName: AK4HT
Flavour: M #ttags: 0p #Wtags: 0p #btags: 1p #jets: 4p
Weights: 1
Cuts: ((leptonPt_singleLepCalc > 35 && isElectron==1) || (leptonPt_singleLepCalc > 30 && isMuon==1)) && (corr_met_singleLepCalc > 60) && (MT_lepMet > 60) && (theJetPt_JetSubCalc_PtOrdered[0] > 0) && (theJetPt_JetSubCalc_PtOrdered[1] > 0) && (theJetPt_JetSubCalc_PtOrdered[2] > 0) && (minDR_lepJet > 0.4) && (AK4HT  > 300) && DataPastTrigger == 1 && MCPastTrigger == 1 && isMuon==1 && NJetsCSV_JetSubCalc>=1 && NJets_JetSubCalc>=4
****************************************************************************************************
****************************************************************************************************
DISTRIBUTION: HT
            -name in ljmet trees: AK4HT
            -x-axis label is set to: ;H_{T} [GeV]
            -using the binning as: [0.0, 40.0, 80.0, 120.0, 160.0, 200.0, 240.0, 280.0, 320.0, 360.0, 400.0, 440.0, 480.0, 520.0, 560.0, 600.0, 640.0, 680.0, 720.0, 760.0, 800.0, 840.0, 880.0, 920.0, 960.0, 1000.0, 1040.0, 1080.0, 1120.0, 1160.0, 1200.0, 1240.0, 1280.0, 1320.0, 1360.0, 1400.0, 1440.0, 1480.0, 1520.0, 1560.0, 1600.0, 1640.0, 1680.0, 1720.0, 1760.0, 1800.0, 1840.0, 1880.0, 1920.0, 1960.0, 2000.0, 2040.0, 2080.0, 2120.0, 2160.0, 2200.0, 2240.0, 2280.0, 2320.0, 2360.0, 2400.0, 2440.0, 2480.0, 2520.0, 2560.0, 2600.0, 2640.0, 2680.0, 2720.0, 2760.0, 2800.0, 2840.0, 2880.0, 2920.0, 2960.0, 3000.0, 3040.0, 3080.0, 3120.0, 3160.0, 3200.0, 3240.0, 3280.0, 3320.0, 3360.0, 3400.0, 3440.0, 3480.0, 3520.0, 3560.0, 3600.0, 3640.0, 3680.0, 3720.0, 3760.0, 3800.0, 3840.0, 3880.0, 3920.0, 3960.0, 4000.0]
/////////////////////////
PROCESSING:  DataMRRBCDEF
/////////////////////////
plotTreeName: AK4HT
Flavour: M #ttags: 0p #Wtags: 0p #btags: 1p #jets: 4p
Weights: 1
Cuts: ((leptonPt_singleLepCalc > 35 && isElectron==1) || (leptonPt_singleLepCalc > 30 && isMuon==1)) && (corr_met_singleLepCalc > 60) && (MT_lepMet > 60) && (theJetPt_JetSubCalc_PtOrdered[0] > 0) && (theJetPt_JetSubCalc_PtOrdered[1] > 0) && (theJetPt_JetSubCalc_PtOrdered[2] > 0) && (minDR_lepJet > 0.4) && (AK4HT  > 300) && DataPastTrigger == 1 && MCPastTrigger == 1 && isMuon==1 && NJetsCSV_JetSubCalc>=1 && NJets_JetSubCalc>=4
****************************************************************************************************
****************************************************************************************************
DISTRIBUTION: HT
            -name in ljmet trees: AK4HT
            -x-axis label is set to: ;H_{T} [GeV]
            -using the binning as: [0.0, 40.0, 80.0, 120.0, 160.0, 200.0, 240.0, 280.0, 320.0, 360.0, 400.0, 440.0, 480.0, 520.0, 560.0, 600.0, 640.0, 680.0, 720.0, 760.0, 800.0, 840.0, 880.0, 920.0, 960.0, 1000.0, 1040.0, 1080.0, 1120.0, 1160.0, 1200.0, 1240.0, 1280.0, 1320.0, 1360.0, 1400.0, 1440.0, 1480.0, 1520.0, 1560.0, 1600.0, 1640.0, 1680.0, 1720.0, 1760.0, 1800.0, 1840.0, 1880.0, 1920.0, 1960.0, 2000.0, 2040.0, 2080.0, 2120.0, 2160.0, 2200.0, 2240.0, 2280.0, 2320.0, 2360.0, 2400.0, 2440.0, 2480.0, 2520.0, 2560.0, 2600.0, 2640.0, 2680.0, 2720.0, 2760.0, 2800.0, 2840.0, 2880.0, 2920.0, 2960.0, 3000.0, 3040.0, 3080.0, 3120.0, 3160.0, 3200.0, 3240.0, 3280.0, 3320.0, 3360.0, 3400.0, 3440.0, 3480.0, 3520.0, 3560.0, 3600.0, 3640.0, 3680.0, 3720.0, 3760.0, 3800.0, 3840.0, 3880.0, 3920.0, 3960.0, 4000.0]
/////////////////////////
PROCESSING:  TTJetsHad0
/////////////////////////
plotTreeName: AK4HT
Flavour: M #ttags: 0p #Wtags: 0p #btags: 1p #jets: 4p
Weights: 1 * topPtWeight13TeV * 1 * 1 * pileupWeight * lepIdSF * EGammaGsfSF*(MCWeight_singleLepCalc/abs(MCWeight_singleLepCalc)) * 0.121490806141
Cuts: ((leptonPt_singleLepCalc > 35 && isElectron==1) || (leptonPt_singleLepCalc > 30 && isMuon==1)) && (corr_met_singleLepCalc > 60) && (MT_lepMet > 60) && (theJetPt_JetSubCalc_PtOrdered[0] > 0) && (theJetPt_JetSubCalc_PtOrdered[1] > 0) && (theJetPt_JetSubCalc_PtOrdered[2] > 0) && (minDR_lepJet > 0.4) && (AK4HT  > 300) && DataPastTrigger == 1 && MCPastTrigger == 1 && isMuon==1 && NJetsCSV_JetSubCalc>=1 && NJets_JetSubCalc>=4
****************************************************************************************************
****************************************************************************************************
DISTRIBUTION: HT
            -name in ljmet trees: AK4HT
            -x-axis label is set to: ;H_{T} [GeV]
            -using the binning as: [0.0, 40.0, 80.0, 120.0, 160.0, 200.0, 240.0, 280.0, 320.0, 360.0, 400.0, 440.0, 480.0, 520.0, 560.0, 600.0, 640.0, 680.0, 720.0, 760.0, 800.0, 840.0, 880.0, 920.0, 960.0, 1000.0, 1040.0, 1080.0, 1120.0, 1160.0, 1200.0, 1240.0, 1280.0, 1320.0, 1360.0, 1400.0, 1440.0, 1480.0, 1520.0, 1560.0, 1600.0, 1640.0, 1680.0, 1720.0, 1760.0, 1800.0, 1840.0, 1880.0, 1920.0, 1960.0, 2000.0, 2040.0, 2080.0, 2120.0, 2160.0, 2200.0, 2240.0, 2280.0, 2320.0, 2360.0, 2400.0, 2440.0, 2480.0, 2520.0, 2560.0, 2600.0, 2640.0, 2680.0, 2720.0, 2760.0, 2800.0, 2840.0, 2880.0, 2920.0, 2960.0, 3000.0, 3040.0, 3080.0, 3120.0, 3160.0, 3200.0, 3240.0, 3280.0, 3320.0, 3360.0, 3400.0, 3440.0, 3480.0, 3520.0, 3560.0, 3600.0, 3640.0, 3680.0, 3720.0, 3760.0, 3800.0, 3840.0, 3880.0, 3920.0, 3960.0, 4000.0]
/////////////////////////
PROCESSING:  TTJetsHad0_tt2b
/////////////////////////
plotTreeName: AK4HT
Flavour: M #ttags: 0p #Wtags: 0p #btags: 1p #jets: 4p
Weights: 1 * topPtWeight13TeV * 1 * 1 * pileupWeight * lepIdSF * EGammaGsfSF*(MCWeight_singleLepCalc/abs(MCWeight_singleLepCalc)) * 0.121490806141
Cuts: ((leptonPt_singleLepCalc > 35 && isElectron==1) || (leptonPt_singleLepCalc > 30 && isMuon==1)) && (corr_met_singleLepCalc > 60) && (MT_lepMet > 60) && (theJetPt_JetSubCalc_PtOrdered[0] > 0) && (theJetPt_JetSubCalc_PtOrdered[1] > 0) && (theJetPt_JetSubCalc_PtOrdered[2] > 0) && (minDR_lepJet > 0.4) && (AK4HT  > 300) && DataPastTrigger == 1 && MCPastTrigger == 1 && isMuon==1 && NJetsCSV_JetSubCalc>=1 && NJets_JetSubCalc>=4 && genTtbarIdCategory_TTbarMassCalc[0]==4
****************************************************************************************************
****************************************************************************************************
DISTRIBUTION: HT
            -name in ljmet trees: AK4HT
            -x-axis label is set to: ;H_{T} [GeV]
            -using the binning as: [0.0, 40.0, 80.0, 120.0, 160.0, 200.0, 240.0, 280.0, 320.0, 360.0, 400.0, 440.0, 480.0, 520.0, 560.0, 600.0, 640.0, 680.0, 720.0, 760.0, 800.0, 840.0, 880.0, 920.0, 960.0, 1000.0, 1040.0, 1080.0, 1120.0, 1160.0, 1200.0, 1240.0, 1280.0, 1320.0, 1360.0, 1400.0, 1440.0, 1480.0, 1520.0, 1560.0, 1600.0, 1640.0, 1680.0, 1720.0, 1760.0, 1800.0, 1840.0, 1880.0, 1920.0, 1960.0, 2000.0, 2040.0, 2080.0, 2120.0, 2160.0, 2200.0, 2240.0, 2280.0, 2320.0, 2360.0, 2400.0, 2440.0, 2480.0, 2520.0, 2560.0, 2600.0, 2640.0, 2680.0, 2720.0, 2760.0, 2800.0, 2840.0, 2880.0, 2920.0, 2960.0, 3000.0, 3040.0, 3080.0, 3120.0, 3160.0, 3200.0, 3240.0, 3280.0, 3320.0, 3360.0, 3400.0, 3440.0, 3480.0, 3520.0, 3560.0, 3600.0, 3640.0, 3680.0, 3720.0, 3760.0, 3800.0, 3840.0, 3880.0, 3920.0, 3960.0, 4000.0]
/////////////////////////
PROCESSING:  TTJetsHad0_ttbb
/////////////////////////
plotTreeName: AK4HT
Flavour: M #ttags: 0p #Wtags: 0p #btags: 1p #jets: 4p
Weights: 1 * topPtWeight13TeV * 1 * 1 * pileupWeight * lepIdSF * EGammaGsfSF*(MCWeight_singleLepCalc/abs(MCWeight_singleLepCalc)) * 0.121490806141
Cuts: ((leptonPt_singleLepCalc > 35 && isElectron==1) || (leptonPt_singleLepCalc > 30 && isMuon==1)) && (corr_met_singleLepCalc > 60) && (MT_lepMet > 60) && (theJetPt_JetSubCalc_PtOrdered[0] > 0) && (theJetPt_JetSubCalc_PtOrdered[1] > 0) && (theJetPt_JetSubCalc_PtOrdered[2] > 0) && (minDR_lepJet > 0.4) && (AK4HT  > 300) && DataPastTrigger == 1 && MCPastTrigger == 1 && isMuon==1 && NJetsCSV_JetSubCalc>=1 && NJets_JetSubCalc>=4 && genTtbarIdCategory_TTbarMassCalc[0]==3
****************************************************************************************************
****************************************************************************************************
DISTRIBUTION: HT
            -name in ljmet trees: AK4HT
            -x-axis label is set to: ;H_{T} [GeV]
            -using the binning as: [0.0, 40.0, 80.0, 120.0, 160.0, 200.0, 240.0, 280.0, 320.0, 360.0, 400.0, 440.0, 480.0, 520.0, 560.0, 600.0, 640.0, 680.0, 720.0, 760.0, 800.0, 840.0, 880.0, 920.0, 960.0, 1000.0, 1040.0, 1080.0, 1120.0, 1160.0, 1200.0, 1240.0, 1280.0, 1320.0, 1360.0, 1400.0, 1440.0, 1480.0, 1520.0, 1560.0, 1600.0, 1640.0, 1680.0, 1720.0, 1760.0, 1800.0, 1840.0, 1880.0, 1920.0, 1960.0, 2000.0, 2040.0, 2080.0, 2120.0, 2160.0, 2200.0, 2240.0, 2280.0, 2320.0, 2360.0, 2400.0, 2440.0, 2480.0, 2520.0, 2560.0, 2600.0, 2640.0, 2680.0, 2720.0, 2760.0, 2800.0, 2840.0, 2880.0, 2920.0, 2960.0, 3000.0, 3040.0, 3080.0, 3120.0, 3160.0, 3200.0, 3240.0, 3280.0, 3320.0, 3360.0, 3400.0, 3440.0, 3480.0, 3520.0, 3560.0, 3600.0, 3640.0, 3680.0, 3720.0, 3760.0, 3800.0, 3840.0, 3880.0, 3920.0, 3960.0, 4000.0]
/////////////////////////
PROCESSING:  TTJetsHad0_ttb
/////////////////////////
plotTreeName: AK4HT
Flavour: M #ttags: 0p #Wtags: 0p #btags: 1p #jets: 4p
Weights: 1 * topPtWeight13TeV * 1 * 1 * pileupWeight * lepIdSF * EGammaGsfSF*(MCWeight_singleLepCalc/abs(MCWeight_singleLepCalc)) * 0.121490806141
Cuts: ((leptonPt_singleLepCalc > 35 && isElectron==1) || (leptonPt_singleLepCalc > 30 && isMuon==1)) && (corr_met_singleLepCalc > 60) && (MT_lepMet > 60) && (theJetPt_JetSubCalc_PtOrdered[0] > 0) && (theJetPt_JetSubCalc_PtOrdered[1] > 0) && (theJetPt_JetSubCalc_PtOrdered[2] > 0) && (minDR_lepJet > 0.4) && (AK4HT  > 300) && DataPastTrigger == 1 && MCPastTrigger == 1 && isMuon==1 && NJetsCSV_JetSubCalc>=1 && NJets_JetSubCalc>=4 && genTtbarIdCategory_TTbarMassCalc[0]==2
****************************************************************************************************
****************************************************************************************************
DISTRIBUTION: HT
            -name in ljmet trees: AK4HT
            -x-axis label is set to: ;H_{T} [GeV]
            -using the binning as: [0.0, 40.0, 80.0, 120.0, 160.0, 200.0, 240.0, 280.0, 320.0, 360.0, 400.0, 440.0, 480.0, 520.0, 560.0, 600.0, 640.0, 680.0, 720.0, 760.0, 800.0, 840.0, 880.0, 920.0, 960.0, 1000.0, 1040.0, 1080.0, 1120.0, 1160.0, 1200.0, 1240.0, 1280.0, 1320.0, 1360.0, 1400.0, 1440.0, 1480.0, 1520.0, 1560.0, 1600.0, 1640.0, 1680.0, 1720.0, 1760.0, 1800.0, 1840.0, 1880.0, 1920.0, 1960.0, 2000.0, 2040.0, 2080.0, 2120.0, 2160.0, 2200.0, 2240.0, 2280.0, 2320.0, 2360.0, 2400.0, 2440.0, 2480.0, 2520.0, 2560.0, 2600.0, 2640.0, 2680.0, 2720.0, 2760.0, 2800.0, 2840.0, 2880.0, 2920.0, 2960.0, 3000.0, 3040.0, 3080.0, 3120.0, 3160.0, 3200.0, 3240.0, 3280.0, 3320.0, 3360.0, 3400.0, 3440.0, 3480.0, 3520.0, 3560.0, 3600.0, 3640.0, 3680.0, 3720.0, 3760.0, 3800.0, 3840.0, 3880.0, 3920.0, 3960.0, 4000.0]
/////////////////////////
PROCESSING:  TTJetsHad0_ttcc
/////////////////////////
plotTreeName: AK4HT
Flavour: M #ttags: 0p #Wtags: 0p #btags: 1p #jets: 4p
Weights: 1 * topPtWeight13TeV * 1 * 1 * pileupWeight * lepIdSF * EGammaGsfSF*(MCWeight_singleLepCalc/abs(MCWeight_singleLepCalc)) * 0.121490806141
Cuts: ((leptonPt_singleLepCalc > 35 && isElectron==1) || (leptonPt_singleLepCalc > 30 && isMuon==1)) && (corr_met_singleLepCalc > 60) && (MT_lepMet > 60) && (theJetPt_JetSubCalc_PtOrdered[0] > 0) && (theJetPt_JetSubCalc_PtOrdered[1] > 0) && (theJetPt_JetSubCalc_PtOrdered[2] > 0) && (minDR_lepJet > 0.4) && (AK4HT  > 300) && DataPastTrigger == 1 && MCPastTrigger == 1 && isMuon==1 && NJetsCSV_JetSubCalc>=1 && NJets_JetSubCalc>=4 && genTtbarIdCategory_TTbarMassCalc[0]==1
****************************************************************************************************
****************************************************************************************************
DISTRIBUTION: HT
            -name in ljmet trees: AK4HT
            -x-axis label is set to: ;H_{T} [GeV]
            -using the binning as: [0.0, 40.0, 80.0, 120.0, 160.0, 200.0, 240.0, 280.0, 320.0, 360.0, 400.0, 440.0, 480.0, 520.0, 560.0, 600.0, 640.0, 680.0, 720.0, 760.0, 800.0, 840.0, 880.0, 920.0, 960.0, 1000.0, 1040.0, 1080.0, 1120.0, 1160.0, 1200.0, 1240.0, 1280.0, 1320.0, 1360.0, 1400.0, 1440.0, 1480.0, 1520.0, 1560.0, 1600.0, 1640.0, 1680.0, 1720.0, 1760.0, 1800.0, 1840.0, 1880.0, 1920.0, 1960.0, 2000.0, 2040.0, 2080.0, 2120.0, 2160.0, 2200.0, 2240.0, 2280.0, 2320.0, 2360.0, 2400.0, 2440.0, 2480.0, 2520.0, 2560.0, 2600.0, 2640.0, 2680.0, 2720.0, 2760.0, 2800.0, 2840.0, 2880.0, 2920.0, 2960.0, 3000.0, 3040.0, 3080.0, 3120.0, 3160.0, 3200.0, 3240.0, 3280.0, 3320.0, 3360.0, 3400.0, 3440.0, 3480.0, 3520.0, 3560.0, 3600.0, 3640.0, 3680.0, 3720.0, 3760.0, 3800.0, 3840.0, 3880.0, 3920.0, 3960.0, 4000.0]
/////////////////////////
PROCESSING:  TTJetsHad0_ttlf
/////////////////////////
plotTreeName: AK4HT
Flavour: M #ttags: 0p #Wtags: 0p #btags: 1p #jets: 4p
Weights: 1 * topPtWeight13TeV * 1 * 1 * pileupWeight * lepIdSF * EGammaGsfSF*(MCWeight_singleLepCalc/abs(MCWeight_singleLepCalc)) * 0.121490806141
Cuts: ((leptonPt_singleLepCalc > 35 && isElectron==1) || (leptonPt_singleLepCalc > 30 && isMuon==1)) && (corr_met_singleLepCalc > 60) && (MT_lepMet > 60) && (theJetPt_JetSubCalc_PtOrdered[0] > 0) && (theJetPt_JetSubCalc_PtOrdered[1] > 0) && (theJetPt_JetSubCalc_PtOrdered[2] > 0) && (minDR_lepJet > 0.4) && (AK4HT  > 300) && DataPastTrigger == 1 && MCPastTrigger == 1 && isMuon==1 && NJetsCSV_JetSubCalc>=1 && NJets_JetSubCalc>=4 && genTtbarIdCategory_TTbarMassCalc[0]==0
****************************************************************************************************
****************************************************************************************************
DISTRIBUTION: HT
            -name in ljmet trees: AK4HT
            -x-axis label is set to: ;H_{T} [GeV]
            -using the binning as: [0.0, 40.0, 80.0, 120.0, 160.0, 200.0, 240.0, 280.0, 320.0, 360.0, 400.0, 440.0, 480.0, 520.0, 560.0, 600.0, 640.0, 680.0, 720.0, 760.0, 800.0, 840.0, 880.0, 920.0, 960.0, 1000.0, 1040.0, 1080.0, 1120.0, 1160.0, 1200.0, 1240.0, 1280.0, 1320.0, 1360.0, 1400.0, 1440.0, 1480.0, 1520.0, 1560.0, 1600.0, 1640.0, 1680.0, 1720.0, 1760.0, 1800.0, 1840.0, 1880.0, 1920.0, 1960.0, 2000.0, 2040.0, 2080.0, 2120.0, 2160.0, 2200.0, 2240.0, 2280.0, 2320.0, 2360.0, 2400.0, 2440.0, 2480.0, 2520.0, 2560.0, 2600.0, 2640.0, 2680.0, 2720.0, 2760.0, 2800.0, 2840.0, 2880.0, 2920.0, 2960.0, 3000.0, 3040.0, 3080.0, 3120.0, 3160.0, 3200.0, 3240.0, 3280.0, 3320.0, 3360.0, 3400.0, 3440.0, 3480.0, 3520.0, 3560.0, 3600.0, 3640.0, 3680.0, 3720.0, 3760.0, 3800.0, 3840.0, 3880.0, 3920.0, 3960.0, 4000.0]
/////////////////////////
PROCESSING:  4TM690
/////////////////////////
plotTreeName: AK4HT
Flavour: M #ttags: 0p #Wtags: 0p #btags: 1p #jets: 4p
Weights: 1 * 1 * 1 * 1 * pileupWeight * lepIdSF * EGammaGsfSF*(MCWeight_singleLepCalc/abs(MCWeight_singleLepCalc)) * 0.0485879401951
Cuts: ((leptonPt_singleLepCalc > 35 && isElectron==1) || (leptonPt_singleLepCalc > 30 && isMuon==1)) && (corr_met_singleLepCalc > 60) && (MT_lepMet > 60) && (theJetPt_JetSubCalc_PtOrdered[0] > 0) && (theJetPt_JetSubCalc_PtOrdered[1] > 0) && (theJetPt_JetSubCalc_PtOrdered[2] > 0) && (minDR_lepJet > 0.4) && (AK4HT  > 300) && DataPastTrigger == 1 && MCPastTrigger == 1 && isMuon==1 && NJetsCSV_JetSubCalc>=1 && NJets_JetSubCalc>=4
--- 0.4 minutes ---
