000 (107400.000.000) 05/01 09:30:45 Job submitted from host: <172.20.3.198:9618?addrs=172.20.3.198-9618&noUDP&sock=401298_a0c0_3>
...
001 (107400.000.000) 05/01 09:30:54 Job executing on host: <172.20.201.41:9618?addrs=172.20.201.41-9618+[--1]-9618&noUDP&sock=3072_b707_3>
...
006 (107400.000.000) 05/01 09:31:03 Image size of job updated: 2544
	3  -  MemoryUsage of job (MB)
	2544  -  ResidentSetSize of job (KB)
...
005 (107400.000.000) 05/01 09:31:08 Job terminated.
	(1) Normal termination (return value 1)
		Usr 0 00:00:00, Sys 0 00:00:00  -  Run Remote Usage
		Usr 0 00:00:00, Sys 0 00:00:00  -  Run Local Usage
		Usr 0 00:00:00, Sys 0 00:00:00  -  Total Remote Usage
		Usr 0 00:00:00, Sys 0 00:00:00  -  Total Local Usage
	400  -  Run Bytes Sent By Job
	296  -  Run Bytes Received By Job
	400  -  Total Bytes Sent By Job
	296  -  Total Bytes Received By Job
	Partitionable Resources :    Usage  Request   Allocated
	   Cpus                 :                 1           1
	   Disk (KB)            :       10        1 44794501376
	   Memory (MB)          :        3     3072        4025
...
000 (107406.000.000) 05/01 09:33:03 Job submitted from host: <172.20.3.198:9618?addrs=172.20.3.198-9618&noUDP&sock=401298_a0c0_3>
...
001 (107406.000.000) 05/01 09:33:14 Job executing on host: <172.20.201.41:9618?addrs=172.20.201.41-9618+[--1]-9618&noUDP&sock=3072_b707_3>
...
006 (107406.000.000) 05/01 09:33:14 Image size of job updated: 1
	0  -  MemoryUsage of job (MB)
	0  -  ResidentSetSize of job (KB)
...
005 (107406.000.000) 05/01 09:33:14 Job terminated.
	(1) Normal termination (return value 1)
		Usr 0 00:00:00, Sys 0 00:00:00  -  Run Remote Usage
		Usr 0 00:00:00, Sys 0 00:00:00  -  Run Local Usage
		Usr 0 00:00:00, Sys 0 00:00:00  -  Total Remote Usage
		Usr 0 00:00:00, Sys 0 00:00:00  -  Total Local Usage
	485  -  Run Bytes Sent By Job
	331  -  Run Bytes Received By Job
	485  -  Total Bytes Sent By Job
	331  -  Total Bytes Received By Job
	Partitionable Resources :    Usage  Request   Allocated
	   Cpus                 :                 1           1
	   Disk (KB)            :       10        1 44794501376
	   Memory (MB)          :        0     3072        4025
...
000 (107408.000.000) 05/01 09:33:41 Job submitted from host: <172.20.3.198:9618?addrs=172.20.3.198-9618&noUDP&sock=401298_a0c0_3>
...
001 (107408.000.000) 05/01 09:33:42 Job executing on host: <172.20.201.41:9618?addrs=172.20.201.41-9618+[--1]-9618&noUDP&sock=3072_b707_3>
...
006 (107408.000.000) 05/01 09:33:51 Image size of job updated: 18464
	11  -  MemoryUsage of job (MB)
	10712  -  ResidentSetSize of job (KB)
...
006 (107408.000.000) 05/01 09:38:52 Image size of job updated: 274376
	234  -  MemoryUsage of job (MB)
	239460  -  ResidentSetSize of job (KB)
...
005 (107408.000.000) 05/01 09:41:09 Job terminated.
	(1) Normal termination (return value 1)
		Usr 0 00:03:33, Sys 0 00:00:03  -  Run Remote Usage
		Usr 0 00:00:00, Sys 0 00:00:00  -  Run Local Usage
		Usr 0 00:03:33, Sys 0 00:00:03  -  Total Remote Usage
		Usr 0 00:00:00, Sys 0 00:00:00  -  Total Local Usage
	45620  -  Run Bytes Sent By Job
	331  -  Run Bytes Received By Job
	45620  -  Total Bytes Sent By Job
	331  -  Total Bytes Received By Job
	Partitionable Resources :    Usage  Request   Allocated
	   Cpus                 :                 1           1
	   Disk (KB)            :       54        1 44794501376
	   Memory (MB)          :      234     3072        4025
...
000 (107410.000.000) 05/01 09:47:30 Job submitted from host: <172.20.3.198:9618?addrs=172.20.3.198-9618&noUDP&sock=401298_a0c0_3>
...
001 (107410.000.000) 05/01 09:47:32 Job executing on host: <172.20.201.41:9618?addrs=172.20.201.41-9618+[--1]-9618&noUDP&sock=3072_b707_3>
...
006 (107410.000.000) 05/01 09:47:40 Image size of job updated: 3028
	3  -  MemoryUsage of job (MB)
	2712  -  ResidentSetSize of job (KB)
...
006 (107410.000.000) 05/01 09:48:33 Image size of job updated: 267860
	3  -  MemoryUsage of job (MB)
	2712  -  ResidentSetSize of job (KB)
...
005 (107410.000.000) 05/01 09:48:34 Job terminated.
	(1) Normal termination (return value 1)
		Usr 0 00:00:39, Sys 0 00:00:01  -  Run Remote Usage
		Usr 0 00:00:00, Sys 0 00:00:00  -  Run Local Usage
		Usr 0 00:00:39, Sys 0 00:00:01  -  Total Remote Usage
		Usr 0 00:00:00, Sys 0 00:00:00  -  Total Local Usage
	42928  -  Run Bytes Sent By Job
	331  -  Run Bytes Received By Job
	42928  -  Total Bytes Sent By Job
	331  -  Total Bytes Received By Job
	Partitionable Resources :    Usage  Request   Allocated
	   Cpus                 :                 1           1
	   Disk (KB)            :       51        1 44794501376
	   Memory (MB)          :        3     3072        4025
...
000 (107412.000.000) 05/01 09:50:44 Job submitted from host: <172.20.3.198:9618?addrs=172.20.3.198-9618&noUDP&sock=401298_a0c0_3>
...
001 (107412.000.000) 05/01 09:50:52 Job executing on host: <172.20.201.41:9618?addrs=172.20.201.41-9618+[--1]-9618&noUDP&sock=3072_b707_3>
...
006 (107412.000.000) 05/01 09:51:00 Image size of job updated: 19872
	12  -  MemoryUsage of job (MB)
	12200  -  ResidentSetSize of job (KB)
...
006 (107412.000.000) 05/01 09:51:44 Image size of job updated: 32416
	12  -  MemoryUsage of job (MB)
	12200  -  ResidentSetSize of job (KB)
...
005 (107412.000.000) 05/01 09:51:45 Job terminated.
	(1) Normal termination (return value 1)
		Usr 0 00:00:37, Sys 0 00:00:01  -  Run Remote Usage
		Usr 0 00:00:00, Sys 0 00:00:00  -  Run Local Usage
		Usr 0 00:00:37, Sys 0 00:00:01  -  Total Remote Usage
		Usr 0 00:00:00, Sys 0 00:00:00  -  Total Local Usage
	44443  -  Run Bytes Sent By Job
	331  -  Run Bytes Received By Job
	44443  -  Total Bytes Sent By Job
	331  -  Total Bytes Received By Job
	Partitionable Resources :    Usage  Request   Allocated
	   Cpus                 :                 1           1
	   Disk (KB)            :       53        1 44794501376
	   Memory (MB)          :       12     3072        4025
...
000 (107414.000.000) 05/01 09:58:28 Job submitted from host: <172.20.3.198:9618?addrs=172.20.3.198-9618&noUDP&sock=401298_a0c0_3>
...
001 (107414.000.000) 05/01 09:58:31 Job executing on host: <172.20.201.41:9618?addrs=172.20.201.41-9618+[--1]-9618&noUDP&sock=3072_b707_3>
...
006 (107414.000.000) 05/01 09:58:40 Image size of job updated: 4368
	4  -  MemoryUsage of job (MB)
	3648  -  ResidentSetSize of job (KB)
...
006 (107414.000.000) 05/01 09:59:30 Image size of job updated: 31972
	4  -  MemoryUsage of job (MB)
	3648  -  ResidentSetSize of job (KB)
...
005 (107414.000.000) 05/01 09:59:31 Job terminated.
	(1) Normal termination (return value 1)
		Usr 0 00:00:37, Sys 0 00:00:01  -  Run Remote Usage
		Usr 0 00:00:00, Sys 0 00:00:00  -  Run Local Usage
		Usr 0 00:00:37, Sys 0 00:00:01  -  Total Remote Usage
		Usr 0 00:00:00, Sys 0 00:00:00  -  Total Local Usage
	45068  -  Run Bytes Sent By Job
	331  -  Run Bytes Received By Job
	45068  -  Total Bytes Sent By Job
	331  -  Total Bytes Received By Job
	Partitionable Resources :    Usage  Request   Allocated
	   Cpus                 :                 1           1
	   Disk (KB)            :       54        1 44794501376
	   Memory (MB)          :        4     3072        4025
...
000 (107434.000.000) 05/01 10:59:00 Job submitted from host: <172.20.3.198:9618?addrs=172.20.3.198-9618&noUDP&sock=401298_a0c0_3>
...
001 (107434.000.000) 05/01 10:59:02 Job executing on host: <172.20.201.41:9618?addrs=172.20.201.41-9618+[--1]-9618&noUDP&sock=3072_b707_3>
...
006 (107434.000.000) 05/01 10:59:10 Image size of job updated: 4360
	4  -  MemoryUsage of job (MB)
	3652  -  ResidentSetSize of job (KB)
...
006 (107434.000.000) 05/01 10:59:24 Image size of job updated: 19340
	4  -  MemoryUsage of job (MB)
	3652  -  ResidentSetSize of job (KB)
...
005 (107434.000.000) 05/01 10:59:25 Job terminated.
	(1) Normal termination (return value 1)
		Usr 0 00:00:00, Sys 0 00:00:00  -  Run Remote Usage
		Usr 0 00:00:00, Sys 0 00:00:00  -  Run Local Usage
		Usr 0 00:00:00, Sys 0 00:00:00  -  Total Remote Usage
		Usr 0 00:00:00, Sys 0 00:00:00  -  Total Local Usage
	0  -  Run Bytes Sent By Job
	331  -  Run Bytes Received By Job
	0  -  Total Bytes Sent By Job
	331  -  Total Bytes Received By Job
	Partitionable Resources :    Usage  Request   Allocated
	   Cpus                 :                 1           1
	   Disk (KB)            :       10        1 44794501376
	   Memory (MB)          :        4     3072        4025
...
000 (107445.000.000) 05/01 11:10:04 Job submitted from host: <172.20.3.198:9618?addrs=172.20.3.198-9618&noUDP&sock=401298_a0c0_3>
...
001 (107445.000.000) 05/01 11:10:25 Job executing on host: <172.20.201.41:9618?addrs=172.20.201.41-9618+[--1]-9618&noUDP&sock=3072_b707_3>
...
006 (107445.000.000) 05/01 11:10:34 Image size of job updated: 4020
	4  -  MemoryUsage of job (MB)
	3644  -  ResidentSetSize of job (KB)
...
006 (107445.000.000) 05/01 11:10:47 Image size of job updated: 59604
	4  -  MemoryUsage of job (MB)
	3644  -  ResidentSetSize of job (KB)
...
005 (107445.000.000) 05/01 11:10:48 Job terminated.
	(1) Normal termination (return value 0)
		Usr 0 00:00:01, Sys 0 00:00:00  -  Run Remote Usage
		Usr 0 00:00:00, Sys 0 00:00:00  -  Run Local Usage
		Usr 0 00:00:01, Sys 0 00:00:00  -  Total Remote Usage
		Usr 0 00:00:00, Sys 0 00:00:00  -  Total Local Usage
	85409  -  Run Bytes Sent By Job
	331  -  Run Bytes Received By Job
	85409  -  Total Bytes Sent By Job
	331  -  Total Bytes Received By Job
	Partitionable Resources :    Usage  Request   Allocated
	   Cpus                 :                 1           1
	   Disk (KB)            :       93        1 44794501376
	   Memory (MB)          :        4     3072        4025
...
000 (107452.000.000) 05/01 11:14:47 Job submitted from host: <172.20.3.198:9618?addrs=172.20.3.198-9618&noUDP&sock=401298_a0c0_3>
...
001 (107452.000.000) 05/01 11:14:49 Job executing on host: <172.20.201.41:9618?addrs=172.20.201.41-9618+[--1]-9618&noUDP&sock=3072_b707_3>
...
006 (107452.000.000) 05/01 11:14:57 Image size of job updated: 19836
	12  -  MemoryUsage of job (MB)
	12168  -  ResidentSetSize of job (KB)
...
006 (107452.000.000) 05/01 11:15:00 Image size of job updated: 134644
	12  -  MemoryUsage of job (MB)
	12168  -  ResidentSetSize of job (KB)
...
005 (107452.000.000) 05/01 11:15:01 Job terminated.
	(1) Normal termination (return value 0)
		Usr 0 00:00:01, Sys 0 00:00:00  -  Run Remote Usage
		Usr 0 00:00:00, Sys 0 00:00:00  -  Run Local Usage
		Usr 0 00:00:01, Sys 0 00:00:00  -  Total Remote Usage
		Usr 0 00:00:00, Sys 0 00:00:00  -  Total Local Usage
	78442  -  Run Bytes Sent By Job
	331  -  Run Bytes Received By Job
	78442  -  Total Bytes Sent By Job
	331  -  Total Bytes Received By Job
	Partitionable Resources :    Usage  Request   Allocated
	   Cpus                 :                 1           1
	   Disk (KB)            :       86        1 44794501376
	   Memory (MB)          :       12     3072        4025
...
000 (107454.000.000) 05/01 11:31:01 Job submitted from host: <172.20.3.198:9618?addrs=172.20.3.198-9618&noUDP&sock=401298_a0c0_3>
...
001 (107454.000.000) 05/01 11:31:09 Job executing on host: <172.20.201.41:9618?addrs=172.20.201.41-9618+[--1]-9618&noUDP&sock=3072_b707_3>
...
006 (107454.000.000) 05/01 11:31:17 Image size of job updated: 4052
	4  -  MemoryUsage of job (MB)
	3648  -  ResidentSetSize of job (KB)
...
006 (107454.000.000) 05/01 11:31:28 Image size of job updated: 212600
	4  -  MemoryUsage of job (MB)
	3648  -  ResidentSetSize of job (KB)
...
005 (107454.000.000) 05/01 11:31:29 Job terminated.
	(1) Normal termination (return value 1)
		Usr 0 00:00:00, Sys 0 00:00:00  -  Run Remote Usage
		Usr 0 00:00:00, Sys 0 00:00:00  -  Run Local Usage
		Usr 0 00:00:00, Sys 0 00:00:00  -  Total Remote Usage
		Usr 0 00:00:00, Sys 0 00:00:00  -  Total Local Usage
	0  -  Run Bytes Sent By Job
	331  -  Run Bytes Received By Job
	0  -  Total Bytes Sent By Job
	331  -  Total Bytes Received By Job
	Partitionable Resources :    Usage  Request   Allocated
	   Cpus                 :                 1           1
	   Disk (KB)            :       10        1 44794501376
	   Memory (MB)          :        4     3072        4025
...
000 (107465.000.000) 05/01 11:53:40 Job submitted from host: <172.20.3.198:9618?addrs=172.20.3.198-9618&noUDP&sock=401298_a0c0_3>
...
001 (107465.000.000) 05/01 11:53:49 Job executing on host: <172.20.201.41:9618?addrs=172.20.201.41-9618+[--1]-9618&noUDP&sock=3072_b707_3>
...
006 (107465.000.000) 05/01 11:53:58 Image size of job updated: 4080
	4  -  MemoryUsage of job (MB)
	3640  -  ResidentSetSize of job (KB)
...
006 (107465.000.000) 05/01 11:54:31 Image size of job updated: 172812
	4  -  MemoryUsage of job (MB)
	3640  -  ResidentSetSize of job (KB)
...
005 (107465.000.000) 05/01 11:54:32 Job terminated.
	(1) Normal termination (return value 0)
		Usr 0 00:00:09, Sys 0 00:00:01  -  Run Remote Usage
		Usr 0 00:00:00, Sys 0 00:00:00  -  Run Local Usage
		Usr 0 00:00:09, Sys 0 00:00:01  -  Total Remote Usage
		Usr 0 00:00:00, Sys 0 00:00:00  -  Total Local Usage
	115160  -  Run Bytes Sent By Job
	331  -  Run Bytes Received By Job
	115160  -  Total Bytes Sent By Job
	331  -  Total Bytes Received By Job
	Partitionable Resources :    Usage  Request   Allocated
	   Cpus                 :                 1           1
	   Disk (KB)            :      122        1 44794501376
	   Memory (MB)          :        4     3072        4025
...
