000 (87058.000.000) 03/20 11:17:05 Job submitted from host: <172.20.3.198:9618?addrs=172.20.3.198-9618&noUDP&sock=401298_a0c0_3>
...
001 (87058.000.000) 03/20 11:17:07 Job executing on host: <172.20.201.26:9618?addrs=172.20.201.26-9618+[--1]-9618&noUDP&sock=3065_e9dd_3>
...
006 (87058.000.000) 03/20 11:17:15 Image size of job updated: 3608
	3  -  MemoryUsage of job (MB)
	2612  -  ResidentSetSize of job (KB)
...
006 (87058.000.000) 03/20 11:19:53 Image size of job updated: 1487412
	3  -  MemoryUsage of job (MB)
	2612  -  ResidentSetSize of job (KB)
...
005 (87058.000.000) 03/20 11:19:54 Job terminated.
	(1) Normal termination (return value 0)
		Usr 0 00:03:09, Sys 0 00:00:04  -  Run Remote Usage
		Usr 0 00:00:00, Sys 0 00:00:00  -  Run Local Usage
		Usr 0 00:03:09, Sys 0 00:00:04  -  Total Remote Usage
		Usr 0 00:00:00, Sys 0 00:00:00  -  Total Local Usage
	12699  -  Run Bytes Sent By Job
	462  -  Run Bytes Received By Job
	12699  -  Total Bytes Sent By Job
	462  -  Total Bytes Received By Job
	Partitionable Resources :    Usage  Request   Allocated
	   Cpus                 :                 1           1
	   Disk (KB)            :       22        1 44794516416
	   Memory (MB)          :        3     3072        4025
...
