000 (57349.000.000) 02/22 15:38:39 Job submitted from host: <172.20.3.198:9618?addrs=172.20.3.198-9618&noUDP&sock=401298_a0c0_3>
...
001 (57349.000.000) 02/22 15:38:53 Job executing on host: <172.20.201.26:9618?addrs=172.20.201.26-9618+[--1]-9618&noUDP&sock=3065_e9dd_3>
...
006 (57349.000.000) 02/22 15:39:01 Image size of job updated: 11632
	12  -  MemoryUsage of job (MB)
	11632  -  ResidentSetSize of job (KB)
...
005 (57349.000.000) 02/22 15:40:04 Job terminated.
	(1) Normal termination (return value 0)
		Usr 0 00:00:49, Sys 0 00:00:01  -  Run Remote Usage
		Usr 0 00:00:00, Sys 0 00:00:00  -  Run Local Usage
		Usr 0 00:00:49, Sys 0 00:00:01  -  Total Remote Usage
		Usr 0 00:00:00, Sys 0 00:00:00  -  Total Local Usage
	11552  -  Run Bytes Sent By Job
	252555  -  Run Bytes Received By Job
	11552  -  Total Bytes Sent By Job
	252555  -  Total Bytes Received By Job
	Partitionable Resources :    Usage  Request   Allocated
	   Cpus                 :                 1           1
	   Disk (KB)            :      725      275 44794516416
	   Memory (MB)          :       12     3072        4025
...
000 (57350.000.000) 02/22 15:56:27 Job submitted from host: <172.20.3.198:9618?addrs=172.20.3.198-9618&noUDP&sock=401298_a0c0_3>
...
001 (57350.000.000) 02/22 15:56:32 Job executing on host: <172.20.201.26:9618?addrs=172.20.201.26-9618+[--1]-9618&noUDP&sock=3065_e9dd_3>
...
006 (57350.000.000) 02/22 15:56:40 Image size of job updated: 11908
	12  -  MemoryUsage of job (MB)
	11908  -  ResidentSetSize of job (KB)
...
005 (57350.000.000) 02/22 15:56:51 Job terminated.
	(1) Normal termination (return value 1)
		Usr 0 00:00:00, Sys 0 00:00:00  -  Run Remote Usage
		Usr 0 00:00:00, Sys 0 00:00:00  -  Run Local Usage
		Usr 0 00:00:00, Sys 0 00:00:00  -  Total Remote Usage
		Usr 0 00:00:00, Sys 0 00:00:00  -  Total Local Usage
	1156  -  Run Bytes Sent By Job
	252722  -  Run Bytes Received By Job
	1156  -  Total Bytes Sent By Job
	252722  -  Total Bytes Received By Job
	Partitionable Resources :    Usage  Request   Allocated
	   Cpus                 :                 1           1
	   Disk (KB)            :      715      275 44794516416
	   Memory (MB)          :       12     3072        4025
...
000 (57351.000.000) 02/22 15:58:15 Job submitted from host: <172.20.3.198:9618?addrs=172.20.3.198-9618&noUDP&sock=401298_a0c0_3>
...
001 (57351.000.000) 02/22 15:58:16 Job executing on host: <172.20.201.26:9618?addrs=172.20.201.26-9618+[--1]-9618&noUDP&sock=3065_e9dd_3>
...
006 (57351.000.000) 02/22 15:58:26 Image size of job updated: 17300
	17  -  MemoryUsage of job (MB)
	17300  -  ResidentSetSize of job (KB)
...
006 (57351.000.000) 02/22 15:59:20 Image size of job updated: 345052
	18  -  MemoryUsage of job (MB)
	18020  -  ResidentSetSize of job (KB)
...
005 (57351.000.000) 02/22 15:59:20 Job terminated.
	(1) Normal termination (return value 0)
		Usr 0 00:00:49, Sys 0 00:00:02  -  Run Remote Usage
		Usr 0 00:00:00, Sys 0 00:00:00  -  Run Local Usage
		Usr 0 00:00:49, Sys 0 00:00:02  -  Total Remote Usage
		Usr 0 00:00:00, Sys 0 00:00:00  -  Total Local Usage
	11564  -  Run Bytes Sent By Job
	252792  -  Run Bytes Received By Job
	11564  -  Total Bytes Sent By Job
	252792  -  Total Bytes Received By Job
	Partitionable Resources :    Usage  Request   Allocated
	   Cpus                 :                 1           1
	   Disk (KB)            :      725      275 44794516416
	   Memory (MB)          :       18     3072        4025
...
000 (57352.000.000) 02/22 16:09:23 Job submitted from host: <172.20.3.198:9618?addrs=172.20.3.198-9618&noUDP&sock=401298_a0c0_3>
...
001 (57352.000.000) 02/22 16:09:37 Job executing on host: <172.20.201.26:9618?addrs=172.20.201.26-9618+[--1]-9618&noUDP&sock=3065_e9dd_3>
...
006 (57352.000.000) 02/22 16:09:45 Image size of job updated: 11916
	12  -  MemoryUsage of job (MB)
	11916  -  ResidentSetSize of job (KB)
...
005 (57352.000.000) 02/22 16:10:51 Job terminated.
	(1) Normal termination (return value 0)
		Usr 0 00:00:53, Sys 0 00:00:04  -  Run Remote Usage
		Usr 0 00:00:00, Sys 0 00:00:00  -  Run Local Usage
		Usr 0 00:00:53, Sys 0 00:00:04  -  Total Remote Usage
		Usr 0 00:00:00, Sys 0 00:00:00  -  Total Local Usage
	29349632  -  Run Bytes Sent By Job
	257200  -  Run Bytes Received By Job
	29349632  -  Total Bytes Sent By Job
	257200  -  Total Bytes Received By Job
	Partitionable Resources :    Usage  Request   Allocated
	   Cpus                 :                 1           1
	   Disk (KB)            :    29380      275 44794516416
	   Memory (MB)          :       12     3072        4025
...
000 (57353.000.000) 02/22 16:20:07 Job submitted from host: <172.20.3.198:9618?addrs=172.20.3.198-9618&noUDP&sock=401298_a0c0_3>
...
001 (57353.000.000) 02/22 16:20:09 Job executing on host: <172.20.201.26:9618?addrs=172.20.201.26-9618+[--1]-9618&noUDP&sock=3065_e9dd_3>
...
006 (57353.000.000) 02/22 16:20:17 Image size of job updated: 11916
	12  -  MemoryUsage of job (MB)
	11916  -  ResidentSetSize of job (KB)
...
005 (57353.000.000) 02/22 16:21:24 Job terminated.
	(1) Normal termination (return value 0)
		Usr 0 00:00:52, Sys 0 00:00:03  -  Run Remote Usage
		Usr 0 00:00:00, Sys 0 00:00:00  -  Run Local Usage
		Usr 0 00:00:52, Sys 0 00:00:03  -  Total Remote Usage
		Usr 0 00:00:00, Sys 0 00:00:00  -  Total Local Usage
	13294626  -  Run Bytes Sent By Job
	252952  -  Run Bytes Received By Job
	13294626  -  Total Bytes Sent By Job
	252952  -  Total Bytes Received By Job
	Partitionable Resources :    Usage  Request   Allocated
	   Cpus                 :                 1           1
	   Disk (KB)            :    13697      275 44794516416
	   Memory (MB)          :       12     3072        4025
...
000 (57354.000.000) 02/22 16:32:13 Job submitted from host: <172.20.3.198:9618?addrs=172.20.3.198-9618&noUDP&sock=401298_a0c0_3>
...
001 (57354.000.000) 02/22 16:32:30 Job executing on host: <172.20.201.26:9618?addrs=172.20.201.26-9618+[--1]-9618&noUDP&sock=3065_e9dd_3>
...
006 (57354.000.000) 02/22 16:32:38 Image size of job updated: 11912
	12  -  MemoryUsage of job (MB)
	11912  -  ResidentSetSize of job (KB)
...
006 (57354.000.000) 02/22 16:33:43 Image size of job updated: 343252
	12  -  MemoryUsage of job (MB)
	11912  -  ResidentSetSize of job (KB)
...
005 (57354.000.000) 02/22 16:33:43 Job terminated.
	(1) Normal termination (return value 0)
		Usr 0 00:00:51, Sys 0 00:00:03  -  Run Remote Usage
		Usr 0 00:00:00, Sys 0 00:00:00  -  Run Local Usage
		Usr 0 00:00:51, Sys 0 00:00:03  -  Total Remote Usage
		Usr 0 00:00:00, Sys 0 00:00:00  -  Total Local Usage
	5602666  -  Run Bytes Sent By Job
	252983  -  Run Bytes Received By Job
	5602666  -  Total Bytes Sent By Job
	252983  -  Total Bytes Received By Job
	Partitionable Resources :    Usage  Request   Allocated
	   Cpus                 :                 1           1
	   Disk (KB)            :     6186      275 44794516416
	   Memory (MB)          :       12     3072        4025
...
