WARNING: In non-interactive mode release checks e.g. deprecated releases, production architectures are disabled.
In file included from input_line_8:1:
In file included from /isilon/condor/node526.hep.brown.edu/execute/dir_12299/makeStep2.C:1:
/isilon/condor/node526.hep.brown.edu/execute/dir_12299/step2.cc:517:12: error: unknown type name 'ungsinged'
      for (ungsinged int ind = 0; ind < v_pair_jet_CSV.size(); ++ind){
           ^
/isilon/condor/node526.hep.brown.edu/execute/dir_12299/step2.cc:517:22: error: expected unqualified-id
      for (ungsinged int ind = 0; ind < v_pair_jet_CSV.size(); ++ind){
                     ^
/isilon/condor/node526.hep.brown.edu/execute/dir_12299/step2.cc:517:35: error: expected ';' in 'for' statement specifier
      for (ungsinged int ind = 0; ind < v_pair_jet_CSV.size(); ++ind){
                                  ^
/isilon/condor/node526.hep.brown.edu/execute/dir_12299/step2.cc:517:35: error: use of undeclared identifier 'ind'
/isilon/condor/node526.hep.brown.edu/execute/dir_12299/step2.cc:517:66: error: use of undeclared identifier 'ind'
      for (ungsinged int ind = 0; ind < v_pair_jet_CSV.size(); ++ind){
                                                                 ^
/isilon/condor/node526.hep.brown.edu/execute/dir_12299/step2.cc:518:63: error: use of undeclared identifier 'ind'
        std::cout<<"v_pair_jet_CSV.second : "<<v_pair_jet_CSV[ind].second<<std::endl;
                                                              ^
cp: cannot stat 'TTTT_TuneCP5_13TeV-amcatnlo-pythia8_hadd.root': No such file or directory
rm: cannot remove 'TTTT_TuneCP5_13TeV-amcatnlo-pythia8_hadd.root': No such file or directory
