000 (87059.000.000) 03/20 11:28:47 Job submitted from host: <172.20.3.198:9618?addrs=172.20.3.198-9618&noUDP&sock=401298_a0c0_3>
...
001 (87059.000.000) 03/20 11:28:48 Job executing on host: <172.20.201.26:9618?addrs=172.20.201.26-9618+[--1]-9618&noUDP&sock=3065_e9dd_3>
...
006 (87059.000.000) 03/20 11:28:57 Image size of job updated: 4384
	2  -  MemoryUsage of job (MB)
	1836  -  ResidentSetSize of job (KB)
...
006 (87059.000.000) 03/20 11:29:09 Image size of job updated: 175356
	2  -  MemoryUsage of job (MB)
	1836  -  ResidentSetSize of job (KB)
...
005 (87059.000.000) 03/20 11:29:10 Job terminated.
	(1) Normal termination (return value 0)
		Usr 0 00:00:01, Sys 0 00:00:00  -  Run Remote Usage
		Usr 0 00:00:00, Sys 0 00:00:00  -  Run Local Usage
		Usr 0 00:00:01, Sys 0 00:00:00  -  Total Remote Usage
		Usr 0 00:00:00, Sys 0 00:00:00  -  Total Local Usage
	1453  -  Run Bytes Sent By Job
	10096  -  Run Bytes Received By Job
	1453  -  Total Bytes Sent By Job
	10096  -  Total Bytes Received By Job
	Partitionable Resources :    Usage  Request   Allocated
	   Cpus                 :                 1           1
	   Disk (KB)            :       21       12 44794516416
	   Memory (MB)          :        2     3072        4025
...
