000 (107399.000.000) 05/01 09:30:45 Job submitted from host: <172.20.3.198:9618?addrs=172.20.3.198-9618&noUDP&sock=401298_a0c0_3>
...
001 (107399.000.000) 05/01 09:30:54 Job executing on host: <172.20.201.41:9618?addrs=172.20.201.41-9618+[--1]-9618&noUDP&sock=3072_b707_3>
...
006 (107399.000.000) 05/01 09:31:03 Image size of job updated: 2544
	3  -  MemoryUsage of job (MB)
	2544  -  ResidentSetSize of job (KB)
...
005 (107399.000.000) 05/01 09:31:07 Job terminated.
	(1) Normal termination (return value 1)
		Usr 0 00:00:00, Sys 0 00:00:00  -  Run Remote Usage
		Usr 0 00:00:00, Sys 0 00:00:00  -  Run Local Usage
		Usr 0 00:00:00, Sys 0 00:00:00  -  Total Remote Usage
		Usr 0 00:00:00, Sys 0 00:00:00  -  Total Local Usage
	400  -  Run Bytes Sent By Job
	296  -  Run Bytes Received By Job
	400  -  Total Bytes Sent By Job
	296  -  Total Bytes Received By Job
	Partitionable Resources :    Usage  Request   Allocated
	   Cpus                 :                 1           1
	   Disk (KB)            :       10        1 44794501376
	   Memory (MB)          :        3     3072        4025
...
000 (107405.000.000) 05/01 09:33:02 Job submitted from host: <172.20.3.198:9618?addrs=172.20.3.198-9618&noUDP&sock=401298_a0c0_3>
...
001 (107405.000.000) 05/01 09:33:14 Job executing on host: <172.20.201.41:9618?addrs=172.20.201.41-9618+[--1]-9618&noUDP&sock=3072_b707_3>
...
006 (107405.000.000) 05/01 09:33:14 Image size of job updated: 15932
	0  -  MemoryUsage of job (MB)
	0  -  ResidentSetSize of job (KB)
...
005 (107405.000.000) 05/01 09:33:14 Job terminated.
	(1) Normal termination (return value 1)
		Usr 0 00:00:00, Sys 0 00:00:00  -  Run Remote Usage
		Usr 0 00:00:00, Sys 0 00:00:00  -  Run Local Usage
		Usr 0 00:00:00, Sys 0 00:00:00  -  Total Remote Usage
		Usr 0 00:00:00, Sys 0 00:00:00  -  Total Local Usage
	485  -  Run Bytes Sent By Job
	331  -  Run Bytes Received By Job
	485  -  Total Bytes Sent By Job
	331  -  Total Bytes Received By Job
	Partitionable Resources :    Usage  Request   Allocated
	   Cpus                 :                 1           1
	   Disk (KB)            :       10        1 44794501376
	   Memory (MB)          :        0     3072        4025
...
000 (107407.000.000) 05/01 09:33:41 Job submitted from host: <172.20.3.198:9618?addrs=172.20.3.198-9618&noUDP&sock=401298_a0c0_3>
...
001 (107407.000.000) 05/01 09:33:42 Job executing on host: <172.20.201.41:9618?addrs=172.20.201.41-9618+[--1]-9618&noUDP&sock=3072_b707_3>
...
006 (107407.000.000) 05/01 09:33:51 Image size of job updated: 16696
	11  -  MemoryUsage of job (MB)
	10656  -  ResidentSetSize of job (KB)
...
006 (107407.000.000) 05/01 09:38:52 Image size of job updated: 274160
	236  -  MemoryUsage of job (MB)
	240824  -  ResidentSetSize of job (KB)
...
005 (107407.000.000) 05/01 09:41:09 Job terminated.
	(1) Normal termination (return value 1)
		Usr 0 00:03:29, Sys 0 00:00:04  -  Run Remote Usage
		Usr 0 00:00:00, Sys 0 00:00:00  -  Run Local Usage
		Usr 0 00:03:29, Sys 0 00:00:04  -  Total Remote Usage
		Usr 0 00:00:00, Sys 0 00:00:00  -  Total Local Usage
	45696  -  Run Bytes Sent By Job
	331  -  Run Bytes Received By Job
	45696  -  Total Bytes Sent By Job
	331  -  Total Bytes Received By Job
	Partitionable Resources :    Usage  Request   Allocated
	   Cpus                 :                 1           1
	   Disk (KB)            :       54        1 44794501376
	   Memory (MB)          :      236     3072        4025
...
000 (107409.000.000) 05/01 09:47:30 Job submitted from host: <172.20.3.198:9618?addrs=172.20.3.198-9618&noUDP&sock=401298_a0c0_3>
...
001 (107409.000.000) 05/01 09:47:32 Job executing on host: <172.20.201.41:9618?addrs=172.20.201.41-9618+[--1]-9618&noUDP&sock=3072_b707_3>
...
006 (107409.000.000) 05/01 09:47:40 Image size of job updated: 3404
	3  -  MemoryUsage of job (MB)
	2692  -  ResidentSetSize of job (KB)
...
006 (107409.000.000) 05/01 09:48:32 Image size of job updated: 34292
	3  -  MemoryUsage of job (MB)
	2692  -  ResidentSetSize of job (KB)
...
005 (107409.000.000) 05/01 09:48:33 Job terminated.
	(1) Normal termination (return value 1)
		Usr 0 00:00:37, Sys 0 00:00:01  -  Run Remote Usage
		Usr 0 00:00:00, Sys 0 00:00:00  -  Run Local Usage
		Usr 0 00:00:37, Sys 0 00:00:01  -  Total Remote Usage
		Usr 0 00:00:00, Sys 0 00:00:00  -  Total Local Usage
	43004  -  Run Bytes Sent By Job
	331  -  Run Bytes Received By Job
	43004  -  Total Bytes Sent By Job
	331  -  Total Bytes Received By Job
	Partitionable Resources :    Usage  Request   Allocated
	   Cpus                 :                 1           1
	   Disk (KB)            :       52        1 44794501376
	   Memory (MB)          :        3     3072        4025
...
000 (107411.000.000) 05/01 09:50:44 Job submitted from host: <172.20.3.198:9618?addrs=172.20.3.198-9618&noUDP&sock=401298_a0c0_3>
...
001 (107411.000.000) 05/01 09:50:52 Job executing on host: <172.20.201.41:9618?addrs=172.20.201.41-9618+[--1]-9618&noUDP&sock=3072_b707_3>
...
006 (107411.000.000) 05/01 09:51:00 Image size of job updated: 18556
	12  -  MemoryUsage of job (MB)
	12196  -  ResidentSetSize of job (KB)
...
006 (107411.000.000) 05/01 09:51:45 Image size of job updated: 269196
	12  -  MemoryUsage of job (MB)
	12196  -  ResidentSetSize of job (KB)
...
005 (107411.000.000) 05/01 09:51:46 Job terminated.
	(1) Normal termination (return value 1)
		Usr 0 00:00:39, Sys 0 00:00:01  -  Run Remote Usage
		Usr 0 00:00:00, Sys 0 00:00:00  -  Run Local Usage
		Usr 0 00:00:39, Sys 0 00:00:01  -  Total Remote Usage
		Usr 0 00:00:00, Sys 0 00:00:00  -  Total Local Usage
	44519  -  Run Bytes Sent By Job
	331  -  Run Bytes Received By Job
	44519  -  Total Bytes Sent By Job
	331  -  Total Bytes Received By Job
	Partitionable Resources :    Usage  Request   Allocated
	   Cpus                 :                 1           1
	   Disk (KB)            :       53        1 44794501376
	   Memory (MB)          :       12     3072        4025
...
000 (107413.000.000) 05/01 09:58:28 Job submitted from host: <172.20.3.198:9618?addrs=172.20.3.198-9618&noUDP&sock=401298_a0c0_3>
...
001 (107413.000.000) 05/01 09:58:31 Job executing on host: <172.20.201.41:9618?addrs=172.20.201.41-9618+[--1]-9618&noUDP&sock=3072_b707_3>
...
006 (107413.000.000) 05/01 09:58:40 Image size of job updated: 4140
	4  -  MemoryUsage of job (MB)
	3652  -  ResidentSetSize of job (KB)
...
006 (107413.000.000) 05/01 09:59:30 Image size of job updated: 487120
	4  -  MemoryUsage of job (MB)
	3652  -  ResidentSetSize of job (KB)
...
005 (107413.000.000) 05/01 09:59:31 Job terminated.
	(1) Normal termination (return value 1)
		Usr 0 00:00:37, Sys 0 00:00:01  -  Run Remote Usage
		Usr 0 00:00:00, Sys 0 00:00:00  -  Run Local Usage
		Usr 0 00:00:37, Sys 0 00:00:01  -  Total Remote Usage
		Usr 0 00:00:00, Sys 0 00:00:00  -  Total Local Usage
	45148  -  Run Bytes Sent By Job
	331  -  Run Bytes Received By Job
	45148  -  Total Bytes Sent By Job
	331  -  Total Bytes Received By Job
	Partitionable Resources :    Usage  Request   Allocated
	   Cpus                 :                 1           1
	   Disk (KB)            :       54        1 44794501376
	   Memory (MB)          :        4     3072        4025
...
000 (107433.000.000) 05/01 10:59:00 Job submitted from host: <172.20.3.198:9618?addrs=172.20.3.198-9618&noUDP&sock=401298_a0c0_3>
...
001 (107433.000.000) 05/01 10:59:02 Job executing on host: <172.20.201.41:9618?addrs=172.20.201.41-9618+[--1]-9618&noUDP&sock=3072_b707_3>
...
006 (107433.000.000) 05/01 10:59:10 Image size of job updated: 4148
	4  -  MemoryUsage of job (MB)
	3648  -  ResidentSetSize of job (KB)
...
006 (107433.000.000) 05/01 10:59:24 Image size of job updated: 15328
	4  -  MemoryUsage of job (MB)
	3648  -  ResidentSetSize of job (KB)
...
005 (107433.000.000) 05/01 10:59:25 Job terminated.
	(1) Normal termination (return value 1)
		Usr 0 00:00:00, Sys 0 00:00:00  -  Run Remote Usage
		Usr 0 00:00:00, Sys 0 00:00:00  -  Run Local Usage
		Usr 0 00:00:00, Sys 0 00:00:00  -  Total Remote Usage
		Usr 0 00:00:00, Sys 0 00:00:00  -  Total Local Usage
	0  -  Run Bytes Sent By Job
	331  -  Run Bytes Received By Job
	0  -  Total Bytes Sent By Job
	331  -  Total Bytes Received By Job
	Partitionable Resources :    Usage  Request   Allocated
	   Cpus                 :                 1           1
	   Disk (KB)            :       10        1 44794501376
	   Memory (MB)          :        4     3072        4025
...
000 (107444.000.000) 05/01 11:10:04 Job submitted from host: <172.20.3.198:9618?addrs=172.20.3.198-9618&noUDP&sock=401298_a0c0_3>
...
001 (107444.000.000) 05/01 11:10:25 Job executing on host: <172.20.201.41:9618?addrs=172.20.201.41-9618+[--1]-9618&noUDP&sock=3072_b707_3>
...
006 (107444.000.000) 05/01 11:10:34 Image size of job updated: 4484
	4  -  MemoryUsage of job (MB)
	3652  -  ResidentSetSize of job (KB)
...
006 (107444.000.000) 05/01 11:10:47 Image size of job updated: 94052
	4  -  MemoryUsage of job (MB)
	3652  -  ResidentSetSize of job (KB)
...
005 (107444.000.000) 05/01 11:10:48 Job terminated.
	(1) Normal termination (return value 0)
		Usr 0 00:00:01, Sys 0 00:00:00  -  Run Remote Usage
		Usr 0 00:00:00, Sys 0 00:00:00  -  Run Local Usage
		Usr 0 00:00:01, Sys 0 00:00:00  -  Total Remote Usage
		Usr 0 00:00:00, Sys 0 00:00:00  -  Total Local Usage
	85457  -  Run Bytes Sent By Job
	331  -  Run Bytes Received By Job
	85457  -  Total Bytes Sent By Job
	331  -  Total Bytes Received By Job
	Partitionable Resources :    Usage  Request   Allocated
	   Cpus                 :                 1           1
	   Disk (KB)            :       93        1 44794501376
	   Memory (MB)          :        4     3072        4025
...
000 (107451.000.000) 05/01 11:14:47 Job submitted from host: <172.20.3.198:9618?addrs=172.20.3.198-9618&noUDP&sock=401298_a0c0_3>
...
001 (107451.000.000) 05/01 11:14:49 Job executing on host: <172.20.201.41:9618?addrs=172.20.201.41-9618+[--1]-9618&noUDP&sock=3072_b707_3>
...
006 (107451.000.000) 05/01 11:14:57 Image size of job updated: 18536
	12  -  MemoryUsage of job (MB)
	12172  -  ResidentSetSize of job (KB)
...
006 (107451.000.000) 05/01 11:15:00 Image size of job updated: 136636
	12  -  MemoryUsage of job (MB)
	12172  -  ResidentSetSize of job (KB)
...
005 (107451.000.000) 05/01 11:15:01 Job terminated.
	(1) Normal termination (return value 0)
		Usr 0 00:00:01, Sys 0 00:00:00  -  Run Remote Usage
		Usr 0 00:00:00, Sys 0 00:00:00  -  Run Local Usage
		Usr 0 00:00:01, Sys 0 00:00:00  -  Total Remote Usage
		Usr 0 00:00:00, Sys 0 00:00:00  -  Total Local Usage
	78476  -  Run Bytes Sent By Job
	331  -  Run Bytes Received By Job
	78476  -  Total Bytes Sent By Job
	331  -  Total Bytes Received By Job
	Partitionable Resources :    Usage  Request   Allocated
	   Cpus                 :                 1           1
	   Disk (KB)            :       86        1 44794501376
	   Memory (MB)          :       12     3072        4025
...
000 (107453.000.000) 05/01 11:31:01 Job submitted from host: <172.20.3.198:9618?addrs=172.20.3.198-9618&noUDP&sock=401298_a0c0_3>
...
001 (107453.000.000) 05/01 11:31:09 Job executing on host: <172.20.201.41:9618?addrs=172.20.201.41-9618+[--1]-9618&noUDP&sock=3072_b707_3>
...
006 (107453.000.000) 05/01 11:31:17 Image size of job updated: 4448
	4  -  MemoryUsage of job (MB)
	3644  -  ResidentSetSize of job (KB)
...
006 (107453.000.000) 05/01 11:31:28 Image size of job updated: 212600
	4  -  MemoryUsage of job (MB)
	3644  -  ResidentSetSize of job (KB)
...
005 (107453.000.000) 05/01 11:31:29 Job terminated.
	(1) Normal termination (return value 1)
		Usr 0 00:00:00, Sys 0 00:00:00  -  Run Remote Usage
		Usr 0 00:00:00, Sys 0 00:00:00  -  Run Local Usage
		Usr 0 00:00:00, Sys 0 00:00:00  -  Total Remote Usage
		Usr 0 00:00:00, Sys 0 00:00:00  -  Total Local Usage
	0  -  Run Bytes Sent By Job
	331  -  Run Bytes Received By Job
	0  -  Total Bytes Sent By Job
	331  -  Total Bytes Received By Job
	Partitionable Resources :    Usage  Request   Allocated
	   Cpus                 :                 1           1
	   Disk (KB)            :       10        1 44794501376
	   Memory (MB)          :        4     3072        4025
...
000 (107464.000.000) 05/01 11:53:40 Job submitted from host: <172.20.3.198:9618?addrs=172.20.3.198-9618&noUDP&sock=401298_a0c0_3>
...
001 (107464.000.000) 05/01 11:53:49 Job executing on host: <172.20.201.41:9618?addrs=172.20.201.41-9618+[--1]-9618&noUDP&sock=3072_b707_3>
...
006 (107464.000.000) 05/01 11:53:58 Image size of job updated: 4408
	4  -  MemoryUsage of job (MB)
	3640  -  ResidentSetSize of job (KB)
...
006 (107464.000.000) 05/01 11:54:31 Image size of job updated: 165424
	4  -  MemoryUsage of job (MB)
	3640  -  ResidentSetSize of job (KB)
...
005 (107464.000.000) 05/01 11:54:32 Job terminated.
	(1) Normal termination (return value 0)
		Usr 0 00:00:10, Sys 0 00:00:01  -  Run Remote Usage
		Usr 0 00:00:00, Sys 0 00:00:00  -  Run Local Usage
		Usr 0 00:00:10, Sys 0 00:00:01  -  Total Remote Usage
		Usr 0 00:00:00, Sys 0 00:00:00  -  Total Local Usage
	115236  -  Run Bytes Sent By Job
	331  -  Run Bytes Received By Job
	115236  -  Total Bytes Sent By Job
	331  -  Total Bytes Received By Job
	Partitionable Resources :    Usage  Request   Allocated
	   Cpus                 :                 1           1
	   Disk (KB)            :      122        1 44794501376
	   Memory (MB)          :        4     3072        4025
...
