000 (90487.000.000) 03/29 09:27:27 Job submitted from host: <172.20.3.198:9618?addrs=172.20.3.198-9618&noUDP&sock=401298_a0c0_3>
...
001 (90487.000.000) 03/29 09:27:50 Job executing on host: <172.20.201.26:9618?addrs=172.20.201.26-9618+[--1]-9618&noUDP&sock=3065_e9dd_3>
...
006 (90487.000.000) 03/29 09:27:59 Image size of job updated: 4384
	2  -  MemoryUsage of job (MB)
	1836  -  ResidentSetSize of job (KB)
...
006 (90487.000.000) 03/29 09:28:13 Image size of job updated: 73344
	2  -  MemoryUsage of job (MB)
	1836  -  ResidentSetSize of job (KB)
...
005 (90487.000.000) 03/29 09:28:14 Job terminated.
	(1) Normal termination (return value 1)
		Usr 0 00:00:01, Sys 0 00:00:00  -  Run Remote Usage
		Usr 0 00:00:00, Sys 0 00:00:00  -  Run Local Usage
		Usr 0 00:00:01, Sys 0 00:00:00  -  Total Remote Usage
		Usr 0 00:00:00, Sys 0 00:00:00  -  Total Local Usage
	1947  -  Run Bytes Sent By Job
	10360  -  Run Bytes Received By Job
	1947  -  Total Bytes Sent By Job
	10360  -  Total Bytes Received By Job
	Partitionable Resources :    Usage  Request   Allocated
	   Cpus                 :                 1           1
	   Disk (KB)            :       22       12 44794516416
	   Memory (MB)          :        2     3072        4025
...
000 (90548.000.000) 03/29 09:31:58 Job submitted from host: <172.20.3.198:9618?addrs=172.20.3.198-9618&noUDP&sock=401298_a0c0_3>
...
001 (90548.000.000) 03/29 09:32:11 Job executing on host: <172.20.201.26:9618?addrs=172.20.201.26-9618+[--1]-9618&noUDP&sock=3065_e9dd_3>
...
006 (90548.000.000) 03/29 09:32:20 Image size of job updated: 73628
	42  -  MemoryUsage of job (MB)
	42792  -  ResidentSetSize of job (KB)
...
005 (90548.000.000) 03/29 09:32:23 Job terminated.
	(1) Normal termination (return value 1)
		Usr 0 00:00:01, Sys 0 00:00:00  -  Run Remote Usage
		Usr 0 00:00:00, Sys 0 00:00:00  -  Run Local Usage
		Usr 0 00:00:01, Sys 0 00:00:00  -  Total Remote Usage
		Usr 0 00:00:00, Sys 0 00:00:00  -  Total Local Usage
	1063  -  Run Bytes Sent By Job
	10326  -  Run Bytes Received By Job
	1063  -  Total Bytes Sent By Job
	10326  -  Total Bytes Received By Job
	Partitionable Resources :    Usage  Request   Allocated
	   Cpus                 :                 1           1
	   Disk (KB)            :       21       12 44794516416
	   Memory (MB)          :       42     3072        4025
...
