000 (87016.000.000) 03/18 10:24:17 Job submitted from host: <172.20.3.198:9618?addrs=172.20.3.198-9618&noUDP&sock=401298_a0c0_3>
...
001 (87016.000.000) 03/18 10:24:22 Job executing on host: <172.20.201.26:9618?addrs=172.20.201.26-9618+[--1]-9618&noUDP&sock=3065_e9dd_3>
...
006 (87016.000.000) 03/18 10:24:30 Image size of job updated: 3860
	2  -  MemoryUsage of job (MB)
	1408  -  ResidentSetSize of job (KB)
...
005 (87016.000.000) 03/18 10:24:34 Job terminated.
	(1) Normal termination (return value 0)
		Usr 0 00:00:00, Sys 0 00:00:00  -  Run Remote Usage
		Usr 0 00:00:00, Sys 0 00:00:00  -  Run Local Usage
		Usr 0 00:00:00, Sys 0 00:00:00  -  Total Remote Usage
		Usr 0 00:00:00, Sys 0 00:00:00  -  Total Local Usage
	4902  -  Run Bytes Sent By Job
	10899  -  Run Bytes Received By Job
	4902  -  Total Bytes Sent By Job
	10899  -  Total Bytes Received By Job
	Partitionable Resources :    Usage  Request   Allocated
	   Cpus                 :                 1           1
	   Disk (KB)            :       20       12 44794516416
	   Memory (MB)          :        2     3072        4025
...
000 (87017.000.000) 03/18 10:26:16 Job submitted from host: <172.20.3.198:9618?addrs=172.20.3.198-9618&noUDP&sock=401298_a0c0_3>
...
001 (87017.000.000) 03/18 10:26:18 Job executing on host: <172.20.201.26:9618?addrs=172.20.201.26-9618+[--1]-9618&noUDP&sock=3065_e9dd_3>
...
006 (87017.000.000) 03/18 10:26:26 Image size of job updated: 54324
	36  -  MemoryUsage of job (MB)
	36500  -  ResidentSetSize of job (KB)
...
006 (87017.000.000) 03/18 10:26:32 Image size of job updated: 73352
	36  -  MemoryUsage of job (MB)
	36508  -  ResidentSetSize of job (KB)
...
005 (87017.000.000) 03/18 10:26:33 Job terminated.
	(1) Normal termination (return value 0)
		Usr 0 00:00:01, Sys 0 00:00:00  -  Run Remote Usage
		Usr 0 00:00:00, Sys 0 00:00:00  -  Run Local Usage
		Usr 0 00:00:01, Sys 0 00:00:00  -  Total Remote Usage
		Usr 0 00:00:00, Sys 0 00:00:00  -  Total Local Usage
	1141  -  Run Bytes Sent By Job
	10951  -  Run Bytes Received By Job
	1141  -  Total Bytes Sent By Job
	10951  -  Total Bytes Received By Job
	Partitionable Resources :    Usage  Request   Allocated
	   Cpus                 :                 1           1
	   Disk (KB)            :       21       12 44794516416
	   Memory (MB)          :       36     3072        4025
...
000 (87018.000.000) 03/18 10:35:17 Job submitted from host: <172.20.3.198:9618?addrs=172.20.3.198-9618&noUDP&sock=401298_a0c0_3>
...
001 (87018.000.000) 03/18 10:35:38 Job executing on host: <172.20.201.26:9618?addrs=172.20.201.26-9618+[--1]-9618&noUDP&sock=3065_e9dd_3>
...
006 (87018.000.000) 03/18 10:35:46 Image size of job updated: 608
	1  -  MemoryUsage of job (MB)
	608  -  ResidentSetSize of job (KB)
...
006 (87018.000.000) 03/18 10:36:01 Image size of job updated: 73328
	1  -  MemoryUsage of job (MB)
	608  -  ResidentSetSize of job (KB)
...
005 (87018.000.000) 03/18 10:36:02 Job terminated.
	(1) Normal termination (return value 1)
		Usr 0 00:00:01, Sys 0 00:00:00  -  Run Remote Usage
		Usr 0 00:00:00, Sys 0 00:00:00  -  Run Local Usage
		Usr 0 00:00:01, Sys 0 00:00:00  -  Total Remote Usage
		Usr 0 00:00:00, Sys 0 00:00:00  -  Total Local Usage
	1521  -  Run Bytes Sent By Job
	10977  -  Run Bytes Received By Job
	1521  -  Total Bytes Sent By Job
	10977  -  Total Bytes Received By Job
	Partitionable Resources :    Usage  Request   Allocated
	   Cpus                 :                 1           1
	   Disk (KB)            :       22       12 44794516416
	   Memory (MB)          :        1     3072        4025
...
000 (87056.000.000) 03/20 09:07:44 Job submitted from host: <172.20.3.198:9618?addrs=172.20.3.198-9618&noUDP&sock=401298_a0c0_3>
...
001 (87056.000.000) 03/20 09:07:46 Job executing on host: <172.20.201.26:9618?addrs=172.20.201.26-9618+[--1]-9618&noUDP&sock=3065_e9dd_3>
...
006 (87056.000.000) 03/20 09:07:54 Image size of job updated: 72036
	41  -  MemoryUsage of job (MB)
	41204  -  ResidentSetSize of job (KB)
...
006 (87056.000.000) 03/20 09:08:06 Image size of job updated: 173064
	41  -  MemoryUsage of job (MB)
	41204  -  ResidentSetSize of job (KB)
...
005 (87056.000.000) 03/20 09:08:07 Job terminated.
	(1) Normal termination (return value 0)
		Usr 0 00:00:01, Sys 0 00:00:00  -  Run Remote Usage
		Usr 0 00:00:00, Sys 0 00:00:00  -  Run Local Usage
		Usr 0 00:00:01, Sys 0 00:00:00  -  Total Remote Usage
		Usr 0 00:00:00, Sys 0 00:00:00  -  Total Local Usage
	1442  -  Run Bytes Sent By Job
	10500  -  Run Bytes Received By Job
	1442  -  Total Bytes Sent By Job
	10500  -  Total Bytes Received By Job
	Partitionable Resources :    Usage  Request   Allocated
	   Cpus                 :                 1           1
	   Disk (KB)            :       21       12 44794516416
	   Memory (MB)          :       41     3072        4025
...
