000 (81028.000.000) 03/13 13:55:09 Job submitted from host: <172.20.3.198:9618?addrs=172.20.3.198-9618&noUDP&sock=401298_a0c0_3>
...
001 (81028.000.000) 03/13 13:55:25 Job executing on host: <172.20.201.26:9618?addrs=172.20.201.26-9618+[--1]-9618&noUDP&sock=3065_e9dd_3>
...
006 (81028.000.000) 03/13 13:55:34 Image size of job updated: 2576
	3  -  MemoryUsage of job (MB)
	2576  -  ResidentSetSize of job (KB)
...
006 (81028.000.000) 03/13 13:55:44 Image size of job updated: 110620
	3  -  MemoryUsage of job (MB)
	2576  -  ResidentSetSize of job (KB)
...
005 (81028.000.000) 03/13 13:55:45 Job terminated.
	(1) Normal termination (return value 1)
		Usr 0 00:00:00, Sys 0 00:00:00  -  Run Remote Usage
		Usr 0 00:00:00, Sys 0 00:00:00  -  Run Local Usage
		Usr 0 00:00:00, Sys 0 00:00:00  -  Total Remote Usage
		Usr 0 00:00:00, Sys 0 00:00:00  -  Total Local Usage
	660  -  Run Bytes Sent By Job
	668  -  Run Bytes Received By Job
	660  -  Total Bytes Sent By Job
	668  -  Total Bytes Received By Job
	Partitionable Resources :    Usage  Request   Allocated
	   Cpus                 :                 1           1
	   Disk (KB)            :       10        1 44794516416
	   Memory (MB)          :        3     3072        4025
...
000 (81029.000.000) 03/13 14:30:25 Job submitted from host: <172.20.3.198:9618?addrs=172.20.3.198-9618&noUDP&sock=401298_a0c0_3>
...
001 (81029.000.000) 03/13 14:30:47 Job executing on host: <172.20.201.26:9618?addrs=172.20.201.26-9618+[--1]-9618&noUDP&sock=3065_e9dd_3>
...
006 (81029.000.000) 03/13 14:30:55 Image size of job updated: 2572
	3  -  MemoryUsage of job (MB)
	2572  -  ResidentSetSize of job (KB)
...
006 (81029.000.000) 03/13 14:31:10 Image size of job updated: 91540
	3  -  MemoryUsage of job (MB)
	2572  -  ResidentSetSize of job (KB)
...
005 (81029.000.000) 03/13 14:31:12 Job terminated.
	(1) Normal termination (return value 1)
		Usr 0 00:00:02, Sys 0 00:00:00  -  Run Remote Usage
		Usr 0 00:00:00, Sys 0 00:00:00  -  Run Local Usage
		Usr 0 00:00:02, Sys 0 00:00:00  -  Total Remote Usage
		Usr 0 00:00:00, Sys 0 00:00:00  -  Total Local Usage
	17316  -  Run Bytes Sent By Job
	850  -  Run Bytes Received By Job
	17316  -  Total Bytes Sent By Job
	850  -  Total Bytes Received By Job
	Partitionable Resources :    Usage  Request   Allocated
	   Cpus                 :                 1           1
	   Disk (KB)            :       27        1 44794516416
	   Memory (MB)          :        3     3072        4025
...
000 (81030.000.000) 03/13 14:34:01 Job submitted from host: <172.20.3.198:9618?addrs=172.20.3.198-9618&noUDP&sock=401298_a0c0_3>
...
001 (81030.000.000) 03/13 14:34:06 Job executing on host: <172.20.201.26:9618?addrs=172.20.201.26-9618+[--1]-9618&noUDP&sock=3065_e9dd_3>
...
006 (81030.000.000) 03/13 14:34:10 Image size of job updated: 1
	0  -  MemoryUsage of job (MB)
	0  -  ResidentSetSize of job (KB)
...
005 (81030.000.000) 03/13 14:34:11 Job terminated.
	(1) Normal termination (return value 1)
		Usr 0 00:00:01, Sys 0 00:00:00  -  Run Remote Usage
		Usr 0 00:00:00, Sys 0 00:00:00  -  Run Local Usage
		Usr 0 00:00:01, Sys 0 00:00:00  -  Total Remote Usage
		Usr 0 00:00:00, Sys 0 00:00:00  -  Total Local Usage
	17316  -  Run Bytes Sent By Job
	850  -  Run Bytes Received By Job
	17316  -  Total Bytes Sent By Job
	850  -  Total Bytes Received By Job
	Partitionable Resources :    Usage  Request   Allocated
	   Cpus                 :                 1           1
	   Disk (KB)            :       27        1 44794516416
	   Memory (MB)          :        0     3072        4025
...
000 (81031.000.000) 03/13 14:35:36 Job submitted from host: <172.20.3.198:9618?addrs=172.20.3.198-9618&noUDP&sock=401298_a0c0_3>
...
001 (81031.000.000) 03/13 14:35:37 Job executing on host: <172.20.201.26:9618?addrs=172.20.201.26-9618+[--1]-9618&noUDP&sock=3065_e9dd_3>
...
006 (81031.000.000) 03/13 14:35:41 Image size of job updated: 1
	0  -  MemoryUsage of job (MB)
	0  -  ResidentSetSize of job (KB)
...
005 (81031.000.000) 03/13 14:35:42 Job terminated.
	(1) Normal termination (return value 1)
		Usr 0 00:00:01, Sys 0 00:00:00  -  Run Remote Usage
		Usr 0 00:00:00, Sys 0 00:00:00  -  Run Local Usage
		Usr 0 00:00:01, Sys 0 00:00:00  -  Total Remote Usage
		Usr 0 00:00:00, Sys 0 00:00:00  -  Total Local Usage
	17402  -  Run Bytes Sent By Job
	885  -  Run Bytes Received By Job
	17402  -  Total Bytes Sent By Job
	885  -  Total Bytes Received By Job
	Partitionable Resources :    Usage  Request   Allocated
	   Cpus                 :                 1           1
	   Disk (KB)            :       27        1 44794516416
	   Memory (MB)          :        0     3072        4025
...
000 (81032.000.000) 03/13 14:36:26 Job submitted from host: <172.20.3.198:9618?addrs=172.20.3.198-9618&noUDP&sock=401298_a0c0_3>
...
001 (81032.000.000) 03/13 14:36:27 Job executing on host: <172.20.201.26:9618?addrs=172.20.201.26-9618+[--1]-9618&noUDP&sock=3065_e9dd_3>
...
006 (81032.000.000) 03/13 14:36:36 Image size of job updated: 70744
	48  -  MemoryUsage of job (MB)
	49012  -  ResidentSetSize of job (KB)
...
005 (81032.000.000) 03/13 14:36:40 Job terminated.
	(1) Normal termination (return value 1)
		Usr 0 00:00:01, Sys 0 00:00:00  -  Run Remote Usage
		Usr 0 00:00:00, Sys 0 00:00:00  -  Run Local Usage
		Usr 0 00:00:01, Sys 0 00:00:00  -  Total Remote Usage
		Usr 0 00:00:00, Sys 0 00:00:00  -  Total Local Usage
	414  -  Run Bytes Sent By Job
	886  -  Run Bytes Received By Job
	414  -  Total Bytes Sent By Job
	886  -  Total Bytes Received By Job
	Partitionable Resources :    Usage  Request   Allocated
	   Cpus                 :                 1           1
	   Disk (KB)            :       10        1 44794516416
	   Memory (MB)          :       48     3072        4025
...
