=== TMVAClassification: use method(s)...
=== - <BDT>
DataSetInfo              : [dataset] : Added class "Signal"
                         : Add Tree ljmet of type Signal with 295452 events
/isilon/hadoop/store/user/mhadley/TTTT/LJMet94X_1lepTT_022719_step2_saraBDay/nominal/TTToSemiLeptonic_TuneCP5_PSweights_13TeV-powheg-pythia8_Mtt0to700_hadd.root
DataSetInfo              : [dataset] : Added class "Background"
                         : Add Tree ljmet of type Background with 12337544 events
/isilon/hadoop/store/user/mhadley/TTTT/LJMet94X_1lepTT_022719_step2_saraBDay/nominal/TTToSemiLeptonic_TuneCP5_PSweights_13TeV-powheg-pythia8_Mtt1000toInf_hadd.root
                         : Add Tree ljmet of type Background with 513505 events
/isilon/hadoop/store/user/mhadley/TTTT/LJMet94X_1lepTT_022719_step2_saraBDay/nominal/TTToSemiLeptonic_TuneCP5_PSweights_13TeV-powheg-pythia8_Mtt700to1000_hadd.root
                         : Add Tree ljmet of type Background with 1897869 events
Factory                  : Booking method: [1mBDT[0m
                         : 
DataSetFactory           : [dataset] : Number of events in input trees
                         : Dataset[dataset] :     Signal     requirement: "(NJets_JetSubCalc >= 5 && NJetsCSV_JetSubCalc >= 2) && ((leptonPt_singleLepCalc > 35 && isElectron) || (leptonPt_singleLepCalc > 30 && isMuon)) && ( isTraining == 1 || isTraining == 2 )"
                         : Dataset[dataset] :     Signal          -- number of events passed: 149154  / sum of weights: 55877
                         : Dataset[dataset] :     Signal          -- efficiency             : 0.502418
                         : Dataset[dataset] :     Background requirement: "(NJets_JetSubCalc >= 5 && NJetsCSV_JetSubCalc >= 2) && ((leptonPt_singleLepCalc > 35 && isElectron) || (leptonPt_singleLepCalc > 30 && isMuon))"
                         : Dataset[dataset] :     Background      -- number of events passed: 2991298  / sum of weights: 2.84296e+06
                         : Dataset[dataset] :     Background      -- efficiency             : 0.206996
                         : Dataset[dataset] :  you have opted for interpreting the requested number of training/testing events
                         :  to be the number of events AFTER your preselection cuts
                         : 
                         : Dataset[dataset] :  you have opted for interpreting the requested number of training/testing events
                         :  to be the number of events AFTER your preselection cuts
                         : 
                         : Number of training and testing events
                         : ---------------------------------------------------------------------------
                         : Signal     -- training events            : 74577
                         : Signal     -- testing events             : 74577
                         : Signal     -- training and testing events: 149154
                         : Dataset[dataset] : Signal     -- due to the preselection a scaling factor has been applied to the numbers of requested events: 0.504833
                         : Background -- training events            : 1495649
                         : Background -- testing events             : 1495649
                         : Background -- training and testing events: 2991298
                         : Dataset[dataset] : Background -- due to the preselection a scaling factor has been applied to the numbers of requested events: 0.202815
                         : 
DataSetInfo              : Correlation matrix (Signal):
                         : -----------------------------------------------
                         :                  AK4HT centrality FW_momentum_2
                         :         AK4HT:  +1.000     +0.146        +0.082
                         :    centrality:  +0.146     +1.000        -0.196
                         : FW_momentum_2:  +0.082     -0.196        +1.000
                         : -----------------------------------------------
DataSetInfo              : Correlation matrix (Background):
                         : -----------------------------------------------
                         :                  AK4HT centrality FW_momentum_2
                         :         AK4HT:  +1.000     +0.057        +0.167
                         :    centrality:  +0.057     +1.000        -0.278
                         : FW_momentum_2:  +0.167     -0.278        +1.000
                         : -----------------------------------------------
DataSetFactory           : [dataset] :  
                         : 
train all method
Factory                  : [1mTrain all methods[0m
Factory                  : [dataset] : Create Transformation "I" with events from all classes.
                         : 
                         : Transformation, Variable selection : 
                         : Input : variable 'AK4HT' <---> Output : variable 'AK4HT'
                         : Input : variable 'centrality' <---> Output : variable 'centrality'
                         : Input : variable 'FW_momentum_2' <---> Output : variable 'FW_momentum_2'
TFHandler_Factory        :      Variable             Mean             RMS     [        Min             Max ]
                         : ------------------------------------------------------------------------------------
                         :         AK4HT:         508.18         270.81   [         159.85         4583.4 ]
                         :    centrality:        0.60155        0.15039   [        0.19924        0.99197 ]
                         : FW_momentum_2:        0.27771        0.15203   [     0.00047714        0.96674 ]
                         : ------------------------------------------------------------------------------------
                         : Ranking input variables (method unspecific)...
IdTransformation         : Ranking result (top variable is best ranked)
                         : -----------------------------------------
                         : Rank : Variable         : Separation
                         : -----------------------------------------
                         :    1 : H_{T}            : 4.375e-01
                         :    2 : 2^{nd} FW moment : 2.389e-02
                         :    3 : Centrality       : 1.718e-02
                         : -----------------------------------------
Factory                  : Train method: BDT for Classification
                         : 
                         : Events with weight == 0 are going to be simply ignored 
BDT                      : #events: (reweighted) sig: 770552 bkg: 770552
                         : #events: (unweighted) sig: 51158 bkg: 1489945
                         : Training 100 Decision Trees ... patience please
                         : Elapsed time for training with 1570226 events: 37.3 sec         
BDT                      : [dataset] : Evaluation of BDT on training sample (1570226 events)
                         : Elapsed time for evaluation of 1570226 events: 4.3 sec       
                         : Creating xml weight file: [0;36mdataset/weights/BDT_BigComb_3vars_mDepth2/TMVAClassification_BDT.weights.xml[0m
                         : Creating standalone class: [0;36mdataset/weights/BDT_BigComb_3vars_mDepth2/TMVAClassification_BDT.class.C[0m
Factory                  : Training finished
                         : 
                         : Ranking input variables (method specific)...
BDT                      : Ranking result (top variable is best ranked)
                         : -----------------------------------------------
                         : Rank : Variable      : Variable Importance
                         : -----------------------------------------------
                         :    1 : AK4HT         : 6.082e-01
                         :    2 : FW_momentum_2 : 2.594e-01
                         :    3 : centrality    : 1.325e-01
                         : -----------------------------------------------
Factory                  : === Destroy and recreate all methods via weight files for testing ===
                         : 
                         : Reading weight file: [0;36mdataset/weights/BDT_BigComb_3vars_mDepth2/TMVAClassification_BDT.weights.xml[0m
test all method
Factory                  : [1mTest all methods[0m
Factory                  : Test method: BDT for Classification performance
                         : 
BDT                      : [dataset] : Evaluation of BDT on testing sample (1570226 events)
                         : Elapsed time for evaluation of 1570226 events: 4.1 sec       
Factory                  : [1mEvaluate all methods[0m
Factory                  : Evaluate classifier: BDT
                         : 
BDT                      : [dataset] : Loop over test events and fill histograms with classifier response...
                         : 
TFHandler_BDT            :      Variable             Mean             RMS     [        Min             Max ]
                         : ------------------------------------------------------------------------------------
                         :         AK4HT:         477.24         227.99   [         159.27         5931.7 ]
                         :    centrality:        0.60000        0.15136   [        0.19798        0.98950 ]
                         : FW_momentum_2:        0.28042        0.15247   [     0.00092412        0.96989 ]
                         : ------------------------------------------------------------------------------------
                         : 
                         : Evaluation results ranked by best signal efficiency and purity (area)
                         : -------------------------------------------------------------------------------------------------------------------
                         : DataSet       MVA                       
                         : Name:         Method:          ROC-integ
                         : dataset       BDT            : 0.876
                         : -------------------------------------------------------------------------------------------------------------------
                         : 
                         : Testing efficiency compared to training efficiency (overtraining check)
                         : -------------------------------------------------------------------------------------------------------------------
                         : DataSet              MVA              Signal efficiency: from test sample (from training sample) 
                         : Name:                Method:          @B=0.01             @B=0.10            @B=0.30   
                         : -------------------------------------------------------------------------------------------------------------------
                         : dataset              BDT            : 0.156 (0.158)       0.622 (0.621)      0.884 (0.884)
                         : -------------------------------------------------------------------------------------------------------------------
                         : 
Dataset:dataset          : Created tree 'TestTree' with 1570226 events
                         : 
Dataset:dataset          : Created tree 'TrainTree' with 1570226 events
                         : 
Factory                  : [1mThank you for using TMVA![0m
                         : [1mFor citation information, please visit: http://tmva.sf.net/citeTMVA.html[0m
DONE
