000 (87057.000.000) 03/20 09:20:08 Job submitted from host: <172.20.3.198:9618?addrs=172.20.3.198-9618&noUDP&sock=401298_a0c0_3>
...
001 (87057.000.000) 03/20 09:20:10 Job executing on host: <172.20.201.26:9618?addrs=172.20.201.26-9618+[--1]-9618&noUDP&sock=3065_e9dd_3>
...
006 (87057.000.000) 03/20 09:20:18 Image size of job updated: 612
	1  -  MemoryUsage of job (MB)
	612  -  ResidentSetSize of job (KB)
...
006 (87057.000.000) 03/20 09:22:56 Image size of job updated: 1479336
	1  -  MemoryUsage of job (MB)
	612  -  ResidentSetSize of job (KB)
...
005 (87057.000.000) 03/20 09:22:57 Job terminated.
	(1) Normal termination (return value 0)
		Usr 0 00:03:05, Sys 0 00:00:03  -  Run Remote Usage
		Usr 0 00:00:00, Sys 0 00:00:00  -  Run Local Usage
		Usr 0 00:03:05, Sys 0 00:00:03  -  Total Remote Usage
		Usr 0 00:00:00, Sys 0 00:00:00  -  Total Local Usage
	12697  -  Run Bytes Sent By Job
	462  -  Run Bytes Received By Job
	12697  -  Total Bytes Sent By Job
	462  -  Total Bytes Received By Job
	Partitionable Resources :    Usage  Request   Allocated
	   Cpus                 :                 1           1
	   Disk (KB)            :       22        1 44794516416
	   Memory (MB)          :        1     3072        4025
...
