000 (81033.000.000) 03/13 14:37:41 Job submitted from host: <172.20.3.198:9618?addrs=172.20.3.198-9618&noUDP&sock=401298_a0c0_3>
...
001 (81033.000.000) 03/13 14:37:48 Job executing on host: <172.20.201.26:9618?addrs=172.20.201.26-9618+[--1]-9618&noUDP&sock=3065_e9dd_3>
...
006 (81033.000.000) 03/13 14:37:56 Image size of job updated: 70984
	49  -  MemoryUsage of job (MB)
	49252  -  ResidentSetSize of job (KB)
...
005 (81033.000.000) 03/13 14:38:02 Job terminated.
	(1) Normal termination (return value 1)
		Usr 0 00:00:01, Sys 0 00:00:00  -  Run Remote Usage
		Usr 0 00:00:00, Sys 0 00:00:00  -  Run Local Usage
		Usr 0 00:00:01, Sys 0 00:00:00  -  Total Remote Usage
		Usr 0 00:00:00, Sys 0 00:00:00  -  Total Local Usage
	414  -  Run Bytes Sent By Job
	886  -  Run Bytes Received By Job
	414  -  Total Bytes Sent By Job
	886  -  Total Bytes Received By Job
	Partitionable Resources :    Usage  Request   Allocated
	   Cpus                 :                 1           1
	   Disk (KB)            :       10        1 44794516416
	   Memory (MB)          :       49     3072        4025
...
000 (81034.000.000) 03/13 14:47:10 Job submitted from host: <172.20.3.198:9618?addrs=172.20.3.198-9618&noUDP&sock=401298_a0c0_3>
...
001 (81034.000.000) 03/13 14:47:12 Job executing on host: <172.20.201.26:9618?addrs=172.20.201.26-9618+[--1]-9618&noUDP&sock=3065_e9dd_3>
...
006 (81034.000.000) 03/13 14:47:20 Image size of job updated: 4864
	4  -  MemoryUsage of job (MB)
	3656  -  ResidentSetSize of job (KB)
...
005 (81034.000.000) 03/13 14:47:24 Job terminated.
	(1) Normal termination (return value 1)
		Usr 0 00:00:00, Sys 0 00:00:00  -  Run Remote Usage
		Usr 0 00:00:00, Sys 0 00:00:00  -  Run Local Usage
		Usr 0 00:00:00, Sys 0 00:00:00  -  Total Remote Usage
		Usr 0 00:00:00, Sys 0 00:00:00  -  Total Local Usage
	119  -  Run Bytes Sent By Job
	886  -  Run Bytes Received By Job
	119  -  Total Bytes Sent By Job
	886  -  Total Bytes Received By Job
	Partitionable Resources :    Usage  Request   Allocated
	   Cpus                 :                 1           1
	   Disk (KB)            :       10        1 44794516416
	   Memory (MB)          :        4     3072        4025
...
000 (81035.000.000) 03/13 14:47:57 Job submitted from host: <172.20.3.198:9618?addrs=172.20.3.198-9618&noUDP&sock=401298_a0c0_3>
...
001 (81035.000.000) 03/13 14:47:59 Job executing on host: <172.20.201.26:9618?addrs=172.20.201.26-9618+[--1]-9618&noUDP&sock=3065_e9dd_3>
...
006 (81035.000.000) 03/13 14:47:59 Image size of job updated: 1
	0  -  MemoryUsage of job (MB)
	0  -  ResidentSetSize of job (KB)
...
005 (81035.000.000) 03/13 14:48:00 Job terminated.
	(1) Normal termination (return value 1)
		Usr 0 00:00:00, Sys 0 00:00:00  -  Run Remote Usage
		Usr 0 00:00:00, Sys 0 00:00:00  -  Run Local Usage
		Usr 0 00:00:00, Sys 0 00:00:00  -  Total Remote Usage
		Usr 0 00:00:00, Sys 0 00:00:00  -  Total Local Usage
	135  -  Run Bytes Sent By Job
	886  -  Run Bytes Received By Job
	135  -  Total Bytes Sent By Job
	886  -  Total Bytes Received By Job
	Partitionable Resources :    Usage  Request   Allocated
	   Cpus                 :                 1           1
	   Disk (KB)            :       10        1 44794516416
	   Memory (MB)          :        0     3072        4025
...
000 (81036.000.000) 03/13 14:49:29 Job submitted from host: <172.20.3.198:9618?addrs=172.20.3.198-9618&noUDP&sock=401298_a0c0_3>
...
001 (81036.000.000) 03/13 14:49:31 Job executing on host: <172.20.201.26:9618?addrs=172.20.201.26-9618+[--1]-9618&noUDP&sock=3065_e9dd_3>
...
006 (81036.000.000) 03/13 14:49:39 Image size of job updated: 70756
	48  -  MemoryUsage of job (MB)
	49020  -  ResidentSetSize of job (KB)
...
005 (81036.000.000) 03/13 14:49:43 Job terminated.
	(1) Normal termination (return value 1)
		Usr 0 00:00:01, Sys 0 00:00:01  -  Run Remote Usage
		Usr 0 00:00:00, Sys 0 00:00:00  -  Run Local Usage
		Usr 0 00:00:01, Sys 0 00:00:01  -  Total Remote Usage
		Usr 0 00:00:00, Sys 0 00:00:00  -  Total Local Usage
	390  -  Run Bytes Sent By Job
	886  -  Run Bytes Received By Job
	390  -  Total Bytes Sent By Job
	886  -  Total Bytes Received By Job
	Partitionable Resources :    Usage  Request   Allocated
	   Cpus                 :                 1           1
	   Disk (KB)            :       10        1 44794516416
	   Memory (MB)          :       48     3072        4025
...
000 (81037.000.000) 03/13 14:51:21 Job submitted from host: <172.20.3.198:9618?addrs=172.20.3.198-9618&noUDP&sock=401298_a0c0_3>
...
001 (81037.000.000) 03/13 14:51:23 Job executing on host: <172.20.201.26:9618?addrs=172.20.201.26-9618+[--1]-9618&noUDP&sock=3065_e9dd_3>
...
006 (81037.000.000) 03/13 14:51:31 Image size of job updated: 70748
	48  -  MemoryUsage of job (MB)
	49016  -  ResidentSetSize of job (KB)
...
006 (81037.000.000) 03/13 14:51:38 Image size of job updated: 70996
	48  -  MemoryUsage of job (MB)
	49016  -  ResidentSetSize of job (KB)
...
005 (81037.000.000) 03/13 14:51:39 Job terminated.
	(1) Normal termination (return value 1)
		Usr 0 00:00:01, Sys 0 00:00:00  -  Run Remote Usage
		Usr 0 00:00:00, Sys 0 00:00:00  -  Run Local Usage
		Usr 0 00:00:01, Sys 0 00:00:00  -  Total Remote Usage
		Usr 0 00:00:00, Sys 0 00:00:00  -  Total Local Usage
	390  -  Run Bytes Sent By Job
	886  -  Run Bytes Received By Job
	390  -  Total Bytes Sent By Job
	886  -  Total Bytes Received By Job
	Partitionable Resources :    Usage  Request   Allocated
	   Cpus                 :                 1           1
	   Disk (KB)            :       10        1 44794516416
	   Memory (MB)          :       48     3072        4025
...
000 (81038.000.000) 03/13 14:52:20 Job submitted from host: <172.20.3.198:9618?addrs=172.20.3.198-9618&noUDP&sock=401298_a0c0_3>
...
001 (81038.000.000) 03/13 14:52:22 Job executing on host: <172.20.201.26:9618?addrs=172.20.201.26-9618+[--1]-9618&noUDP&sock=3065_e9dd_3>
...
006 (81038.000.000) 03/13 14:52:25 Image size of job updated: 1
	0  -  MemoryUsage of job (MB)
	0  -  ResidentSetSize of job (KB)
...
005 (81038.000.000) 03/13 14:52:26 Job terminated.
	(1) Normal termination (return value 1)
		Usr 0 00:00:01, Sys 0 00:00:00  -  Run Remote Usage
		Usr 0 00:00:00, Sys 0 00:00:00  -  Run Local Usage
		Usr 0 00:00:01, Sys 0 00:00:00  -  Total Remote Usage
		Usr 0 00:00:00, Sys 0 00:00:00  -  Total Local Usage
	373  -  Run Bytes Sent By Job
	886  -  Run Bytes Received By Job
	373  -  Total Bytes Sent By Job
	886  -  Total Bytes Received By Job
	Partitionable Resources :    Usage  Request   Allocated
	   Cpus                 :                 1           1
	   Disk (KB)            :       10        1 44794516416
	   Memory (MB)          :        0     3072        4025
...
000 (81039.000.000) 03/13 14:52:45 Job submitted from host: <172.20.3.198:9618?addrs=172.20.3.198-9618&noUDP&sock=401298_a0c0_3>
...
001 (81039.000.000) 03/13 14:52:47 Job executing on host: <172.20.201.26:9618?addrs=172.20.201.26-9618+[--1]-9618&noUDP&sock=3065_e9dd_3>
...
006 (81039.000.000) 03/13 14:52:55 Image size of job updated: 70988
	49  -  MemoryUsage of job (MB)
	49256  -  ResidentSetSize of job (KB)
...
006 (81039.000.000) 03/13 14:53:10 Image size of job updated: 301624
	49  -  MemoryUsage of job (MB)
	49256  -  ResidentSetSize of job (KB)
...
005 (81039.000.000) 03/13 14:53:11 Job terminated.
	(1) Normal termination (return value 1)
		Usr 0 00:00:02, Sys 0 00:00:01  -  Run Remote Usage
		Usr 0 00:00:00, Sys 0 00:00:00  -  Run Local Usage
		Usr 0 00:00:02, Sys 0 00:00:01  -  Total Remote Usage
		Usr 0 00:00:00, Sys 0 00:00:00  -  Total Local Usage
	1349  -  Run Bytes Sent By Job
	886  -  Run Bytes Received By Job
	1349  -  Total Bytes Sent By Job
	886  -  Total Bytes Received By Job
	Partitionable Resources :    Usage  Request   Allocated
	   Cpus                 :                 1           1
	   Disk (KB)            :       11        1 44794516416
	   Memory (MB)          :       49     3072        4025
...
000 (81040.000.000) 03/13 14:53:45 Job submitted from host: <172.20.3.198:9618?addrs=172.20.3.198-9618&noUDP&sock=401298_a0c0_3>
...
001 (81040.000.000) 03/13 14:54:06 Job executing on host: <172.20.201.26:9618?addrs=172.20.201.26-9618+[--1]-9618&noUDP&sock=3065_e9dd_3>
...
006 (81040.000.000) 03/13 14:54:15 Image size of job updated: 70988
	49  -  MemoryUsage of job (MB)
	49256  -  ResidentSetSize of job (KB)
...
006 (81040.000.000) 03/13 14:54:22 Image size of job updated: 270776
	49  -  MemoryUsage of job (MB)
	49256  -  ResidentSetSize of job (KB)
...
005 (81040.000.000) 03/13 14:54:22 Job terminated.
	(1) Normal termination (return value 1)
		Usr 0 00:00:02, Sys 0 00:00:01  -  Run Remote Usage
		Usr 0 00:00:00, Sys 0 00:00:00  -  Run Local Usage
		Usr 0 00:00:02, Sys 0 00:00:01  -  Total Remote Usage
		Usr 0 00:00:00, Sys 0 00:00:00  -  Total Local Usage
	1902  -  Run Bytes Sent By Job
	886  -  Run Bytes Received By Job
	1902  -  Total Bytes Sent By Job
	886  -  Total Bytes Received By Job
	Partitionable Resources :    Usage  Request   Allocated
	   Cpus                 :                 1           1
	   Disk (KB)            :       12        1 44794516416
	   Memory (MB)          :       49     3072        4025
...
000 (81041.000.000) 03/13 14:57:17 Job submitted from host: <172.20.3.198:9618?addrs=172.20.3.198-9618&noUDP&sock=401298_a0c0_3>
...
001 (81041.000.000) 03/13 14:57:26 Job executing on host: <172.20.201.26:9618?addrs=172.20.201.26-9618+[--1]-9618&noUDP&sock=3065_e9dd_3>
...
006 (81041.000.000) 03/13 14:57:35 Image size of job updated: 70996
	49  -  MemoryUsage of job (MB)
	49264  -  ResidentSetSize of job (KB)
...
006 (81041.000.000) 03/13 14:57:42 Image size of job updated: 211016
	49  -  MemoryUsage of job (MB)
	49264  -  ResidentSetSize of job (KB)
...
005 (81041.000.000) 03/13 14:57:43 Job terminated.
	(1) Normal termination (return value 1)
		Usr 0 00:00:02, Sys 0 00:00:01  -  Run Remote Usage
		Usr 0 00:00:00, Sys 0 00:00:00  -  Run Local Usage
		Usr 0 00:00:02, Sys 0 00:00:01  -  Total Remote Usage
		Usr 0 00:00:00, Sys 0 00:00:00  -  Total Local Usage
	1351  -  Run Bytes Sent By Job
	886  -  Run Bytes Received By Job
	1351  -  Total Bytes Sent By Job
	886  -  Total Bytes Received By Job
	Partitionable Resources :    Usage  Request   Allocated
	   Cpus                 :                 1           1
	   Disk (KB)            :       11        1 44794516416
	   Memory (MB)          :       49     3072        4025
...
000 (81042.000.000) 03/13 14:58:08 Job submitted from host: <172.20.3.198:9618?addrs=172.20.3.198-9618&noUDP&sock=401298_a0c0_3>
...
001 (81042.000.000) 03/13 14:58:09 Job executing on host: <172.20.201.26:9618?addrs=172.20.201.26-9618+[--1]-9618&noUDP&sock=3065_e9dd_3>
...
006 (81042.000.000) 03/13 14:58:13 Image size of job updated: 46868
	0  -  MemoryUsage of job (MB)
	0  -  ResidentSetSize of job (KB)
...
005 (81042.000.000) 03/13 14:58:14 Job terminated.
	(1) Normal termination (return value 1)
		Usr 0 00:00:01, Sys 0 00:00:00  -  Run Remote Usage
		Usr 0 00:00:00, Sys 0 00:00:00  -  Run Local Usage
		Usr 0 00:00:01, Sys 0 00:00:00  -  Total Remote Usage
		Usr 0 00:00:00, Sys 0 00:00:00  -  Total Local Usage
	2666  -  Run Bytes Sent By Job
	886  -  Run Bytes Received By Job
	2666  -  Total Bytes Sent By Job
	886  -  Total Bytes Received By Job
	Partitionable Resources :    Usage  Request   Allocated
	   Cpus                 :                 1           1
	   Disk (KB)            :       12        1 44794516416
	   Memory (MB)          :        0     3072        4025
...
000 (81043.000.000) 03/13 15:01:34 Job submitted from host: <172.20.3.198:9618?addrs=172.20.3.198-9618&noUDP&sock=401298_a0c0_3>
...
001 (81043.000.000) 03/13 15:01:36 Job executing on host: <172.20.201.26:9618?addrs=172.20.201.26-9618+[--1]-9618&noUDP&sock=3065_e9dd_3>
...
006 (81043.000.000) 03/13 15:01:45 Image size of job updated: 70992
	49  -  MemoryUsage of job (MB)
	49260  -  ResidentSetSize of job (KB)
...
006 (81043.000.000) 03/13 15:01:51 Image size of job updated: 217164
	49  -  MemoryUsage of job (MB)
	49260  -  ResidentSetSize of job (KB)
...
005 (81043.000.000) 03/13 15:01:52 Job terminated.
	(1) Normal termination (return value 1)
		Usr 0 00:00:02, Sys 0 00:00:00  -  Run Remote Usage
		Usr 0 00:00:00, Sys 0 00:00:00  -  Run Local Usage
		Usr 0 00:00:02, Sys 0 00:00:00  -  Total Remote Usage
		Usr 0 00:00:00, Sys 0 00:00:00  -  Total Local Usage
	2582  -  Run Bytes Sent By Job
	886  -  Run Bytes Received By Job
	2582  -  Total Bytes Sent By Job
	886  -  Total Bytes Received By Job
	Partitionable Resources :    Usage  Request   Allocated
	   Cpus                 :                 1           1
	   Disk (KB)            :       12        1 44794516416
	   Memory (MB)          :       49     3072        4025
...
000 (81044.000.000) 03/13 15:04:45 Job submitted from host: <172.20.3.198:9618?addrs=172.20.3.198-9618&noUDP&sock=401298_a0c0_3>
...
001 (81044.000.000) 03/13 15:04:56 Job executing on host: <172.20.201.26:9618?addrs=172.20.201.26-9618+[--1]-9618&noUDP&sock=3065_e9dd_3>
...
006 (81044.000.000) 03/13 15:05:04 Image size of job updated: 70752
	48  -  MemoryUsage of job (MB)
	49020  -  ResidentSetSize of job (KB)
...
006 (81044.000.000) 03/13 15:05:13 Image size of job updated: 71000
	48  -  MemoryUsage of job (MB)
	49020  -  ResidentSetSize of job (KB)
...
005 (81044.000.000) 03/13 15:05:14 Job terminated.
	(1) Normal termination (return value 1)
		Usr 0 00:00:02, Sys 0 00:00:01  -  Run Remote Usage
		Usr 0 00:00:00, Sys 0 00:00:00  -  Run Local Usage
		Usr 0 00:00:02, Sys 0 00:00:01  -  Total Remote Usage
		Usr 0 00:00:00, Sys 0 00:00:00  -  Total Local Usage
	2528  -  Run Bytes Sent By Job
	886  -  Run Bytes Received By Job
	2528  -  Total Bytes Sent By Job
	886  -  Total Bytes Received By Job
	Partitionable Resources :    Usage  Request   Allocated
	   Cpus                 :                 1           1
	   Disk (KB)            :       12        1 44794516416
	   Memory (MB)          :       48     3072        4025
...
000 (81045.000.000) 03/13 15:07:05 Job submitted from host: <172.20.3.198:9618?addrs=172.20.3.198-9618&noUDP&sock=401298_a0c0_3>
...
001 (81045.000.000) 03/13 15:07:16 Job executing on host: <172.20.201.26:9618?addrs=172.20.201.26-9618+[--1]-9618&noUDP&sock=3065_e9dd_3>
...
006 (81045.000.000) 03/13 15:07:24 Image size of job updated: 70996
	49  -  MemoryUsage of job (MB)
	49264  -  ResidentSetSize of job (KB)
...
006 (81045.000.000) 03/13 15:12:24 Image size of job updated: 869040
	786  -  MemoryUsage of job (MB)
	804224  -  ResidentSetSize of job (KB)
...
006 (81045.000.000) 03/13 15:17:25 Image size of job updated: 1861228
	1753  -  MemoryUsage of job (MB)
	1794936  -  ResidentSetSize of job (KB)
...
006 (81045.000.000) 03/13 15:22:26 Image size of job updated: 2006940
	1896  -  MemoryUsage of job (MB)
	1940628  -  ResidentSetSize of job (KB)
...
005 (81045.000.000) 03/13 15:22:50 Job terminated.
	(1) Normal termination (return value 1)
		Usr 0 00:23:52, Sys 0 00:00:31  -  Run Remote Usage
		Usr 0 00:00:00, Sys 0 00:00:00  -  Run Local Usage
		Usr 0 00:23:52, Sys 0 00:00:31  -  Total Remote Usage
		Usr 0 00:00:00, Sys 0 00:00:00  -  Total Local Usage
	9995  -  Run Bytes Sent By Job
	886  -  Run Bytes Received By Job
	9995  -  Total Bytes Sent By Job
	886  -  Total Bytes Received By Job
	Partitionable Resources :    Usage  Request   Allocated
	   Cpus                 :                 1           1
	   Disk (KB)            :       20        1 44794516416
	   Memory (MB)          :     1896     3072        4025
...
000 (87055.000.000) 03/20 08:51:47 Job submitted from host: <172.20.3.198:9618?addrs=172.20.3.198-9618&noUDP&sock=401298_a0c0_3>
...
001 (87055.000.000) 03/20 08:51:52 Job executing on host: <172.20.201.26:9618?addrs=172.20.201.26-9618+[--1]-9618&noUDP&sock=3065_e9dd_3>
...
006 (87055.000.000) 03/20 08:52:00 Image size of job updated: 3912
	3  -  MemoryUsage of job (MB)
	2864  -  ResidentSetSize of job (KB)
...
006 (87055.000.000) 03/20 08:57:00 Image size of job updated: 1494208
	1395  -  MemoryUsage of job (MB)
	1427888  -  ResidentSetSize of job (KB)
...
006 (87055.000.000) 03/20 09:02:00 Image size of job updated: 1730384
	1626  -  MemoryUsage of job (MB)
	1664048  -  ResidentSetSize of job (KB)
...
006 (87055.000.000) 03/20 09:06:20 Image size of job updated: 1974032
	1626  -  MemoryUsage of job (MB)
	1664048  -  ResidentSetSize of job (KB)
...
005 (87055.000.000) 03/20 09:06:21 Job terminated.
	(1) Normal termination (return value 0)
		Usr 0 00:28:07, Sys 0 00:00:38  -  Run Remote Usage
		Usr 0 00:00:00, Sys 0 00:00:00  -  Run Local Usage
		Usr 0 00:28:07, Sys 0 00:00:38  -  Total Remote Usage
		Usr 0 00:00:00, Sys 0 00:00:00  -  Total Local Usage
	12738  -  Run Bytes Sent By Job
	462  -  Run Bytes Received By Job
	12738  -  Total Bytes Sent By Job
	462  -  Total Bytes Received By Job
	Partitionable Resources :    Usage  Request   Allocated
	   Cpus                 :                 1           1
	   Disk (KB)            :       22        1 44794516416
	   Memory (MB)          :     1626     3072        4025
...
